<?xml version="1.0" encoding="UTF-8"?>
<!-- Generated by org.testng.reporters.JUnitReportReporter -->
<testsuite name="com.test.xcdhr.Salesforce_Core_Framework1.hrms_payroll.NI_MonthlyCatC.ProcessPayrollForNIMonthly" tests="5" time="200.877" ignored="0" failures="0" timestamp="30 Mar 2018 07:17:16 GMT" skipped="0" hostname="XCDHR_2010" errors="0">
  <testcase name="EmpsPayroll_Setup_ForIncomeTax" time="2.947" classname="com.test.xcdhr.Salesforce_Core_Framework1.hrms_payroll.NI_MonthlyCatC.ProcessPayrollForNIMonthly"/>
  <testcase name="EmpsPayroll_Setup_ForIncomeTax" time="147.747" classname="com.test.xcdhr.Salesforce_Core_Framework1.hrms_payroll.NI_MonthlyCatC.ProcessPayrollForNIMonthly"/>
  <testcase name="EmpsPayroll_Setup_ForIncomeTax" time="44.354" classname="com.test.xcdhr.Salesforce_Core_Framework1.hrms_payroll.NI_MonthlyCatC.ProcessPayrollForNIMonthly"/>
  <testcase name="EmpsPayroll_Setup_ForIncomeTax" time="2.906" classname="com.test.xcdhr.Salesforce_Core_Framework1.hrms_payroll.NI_MonthlyCatC.ProcessPayrollForNIMonthly"/>
  <testcase name="EmpsPayroll_Setup_ForIncomeTax" time="2.923" classname="com.test.xcdhr.Salesforce_Core_Framework1.hrms_payroll.NI_MonthlyCatC.ProcessPayrollForNIMonthly"/>
</testsuite> <!-- com.test.xcdhr.Salesforce_Core_Framework1.hrms_payroll.NI_MonthlyCatC.ProcessPayrollForNIMonthly -->
