<?xml version="1.0" encoding="UTF-8"?>
<!-- Generated by org.testng.reporters.JUnitReportReporter -->
<testsuite name="com.test.xcdhr.Salesforce_Core_Framework1.hrms_payroll.NI_MonthlyCatA.TestReports" tests="1" time="133.036" ignored="0" failures="0" timestamp="30 Mar 2018 06:10:20 GMT" skipped="0" hostname="XCDHR_2010" errors="0">
  <testcase name="EmpsPayroll_Setup_ForIncomeTax" time="133.036" classname="com.test.xcdhr.Salesforce_Core_Framework1.hrms_payroll.NI_MonthlyCatA.TestReports"/>
</testsuite> <!-- com.test.xcdhr.Salesforce_Core_Framework1.hrms_payroll.NI_MonthlyCatA.TestReports -->
