<?xml version="1.0" encoding="UTF-8"?>
<!-- Generated by org.testng.reporters.JUnitReportReporter -->
<testsuite name="com.test.xcdhr.Salesforce_Core_Framework1.hrms_payroll.hrms_Payroll_SAPP_Statutory_Scenario.ProcessPayrollForJulyMonthSAPP" tests="1" time="256.385" ignored="0" failures="0" timestamp="31 May 2018 06:43:47 GMT" skipped="0" hostname="DESKTOP-OAEFISL" errors="0">
  <testcase name="EmpsPayroll_Setup_ForIncomeTax" time="256.385" classname="com.test.xcdhr.Salesforce_Core_Framework1.hrms_payroll.hrms_Payroll_SAPP_Statutory_Scenario.ProcessPayrollForJulyMonthSAPP"/>
</testsuite> <!-- com.test.xcdhr.Salesforce_Core_Framework1.hrms_payroll.hrms_Payroll_SAPP_Statutory_Scenario.ProcessPayrollForJulyMonthSAPP -->
