<?xml version="1.0" encoding="UTF-8"?>
<!-- Generated by org.testng.reporters.JUnitReportReporter -->
<testsuite name="com.test.xcdhr.Salesforce_Core_Framework1.hrms_payroll.hrms_Payroll_ShPP_Statutory_Scenario.TestReportsForWeekly48" tests="1" time="122.671" ignored="0" failures="0" timestamp="28 Dec 2017 05:43:47 GMT" skipped="0" hostname="ConsLeague-PC11" errors="0">
  <testcase name="EmpsPayroll_Setup_ForIncomeTax" time="122.671" classname="com.test.xcdhr.Salesforce_Core_Framework1.hrms_payroll.hrms_Payroll_ShPP_Statutory_Scenario.TestReportsForWeekly48"/>
</testsuite> <!-- com.test.xcdhr.Salesforce_Core_Framework1.hrms_payroll.hrms_Payroll_ShPP_Statutory_Scenario.TestReportsForWeekly48 -->
