<?xml version="1.0" encoding="UTF-8"?>
<!-- Generated by org.testng.reporters.JUnitReportReporter -->
<testsuite name="com.test.xcdhr.Salesforce_Core_Framework1.hrms_payroll.IncomeTax_TCMnth1_204045VarblePayAnd50RL.GeneralTaxRateMonthly" tests="2" time="0.000" ignored="0" failures="0" timestamp="25 May 2018 12:59:56 GMT" skipped="2" hostname="DESKTOP-OAEFISL" errors="0">
  <testcase name="EmpsSetup_ForMonthlyTaxRate" time="0.000" classname="com.test.xcdhr.Salesforce_Core_Framework1.hrms_payroll.IncomeTax_TCMnth1_204045VarblePayAnd50RL.GeneralTaxRateMonthly">
    <skipped/>
  </testcase> <!-- EmpsSetup_ForMonthlyTaxRate -->
  <testcase name="EmpsSetup_WithAnnualSalary" time="0.000" classname="com.test.xcdhr.Salesforce_Core_Framework1.hrms_payroll.IncomeTax_TCMnth1_204045VarblePayAnd50RL.GeneralTaxRateMonthly">
    <skipped/>
  </testcase> <!-- EmpsSetup_WithAnnualSalary -->
</testsuite> <!-- com.test.xcdhr.Salesforce_Core_Framework1.hrms_payroll.IncomeTax_TCMnth1_204045VarblePayAnd50RL.GeneralTaxRateMonthly -->
