<?xml version="1.0" encoding="UTF-8"?>
<!-- Generated by org.testng.reporters.JUnitReportReporter -->
<testsuite name="com.test.xcdhr.Salesforce_Core_Framework1.hrms_payroll.NI_weeklyCatB.ProcessPayrollForNIWeekly" tests="10" time="61.619" ignored="0" failures="0" timestamp="19 Dec 2017 07:39:11 GMT" skipped="0" hostname="DESKTOP-OAEFISL" errors="2">
  <testcase name="EmpsPayroll_Setup_ForIncomeTax" time="1.664" classname="com.test.xcdhr.Salesforce_Core_Framework1.hrms_payroll.NI_weeklyCatB.ProcessPayrollForNIWeekly"/>
  <testcase name="EmpsPayroll_Setup_ForIncomeTax" time="1.952" classname="com.test.xcdhr.Salesforce_Core_Framework1.hrms_payroll.NI_weeklyCatB.ProcessPayrollForNIWeekly"/>
  <testcase name="ReportTestResult" time="0.000" classname="com.test.xcdhr.Salesforce_Core_Framework1.hrms_payroll.NI_weeklyCatB.ProcessPayrollForNIWeekly">
    <error type="org.openqa.selenium.NoSuchSessionException" message="The FirefoxDriver cannot be used after quit() was called.
Build info: version: &#039;3.0.1&#039;, revision: &#039;1969d75&#039;, time: &#039;2016-10-18 09:49:13 -0700&#039;
System info: host: &#039;DESKTOP-OAEFISL&#039;, ip: &#039;192.168.1.125&#039;, os.name: &#039;Windows 10&#039;, os.arch: &#039;amd64&#039;, os.version: &#039;10.0&#039;, java.version: &#039;1.8.0_144&#039;
Driver info: driver.version: RemoteWebDriver">
      <![CDATA[org.openqa.selenium.NoSuchSessionException: The FirefoxDriver cannot be used after quit() was called.
Build info: version: '3.0.1', revision: '1969d75', time: '2016-10-18 09:49:13 -0700'
System info: host: 'DESKTOP-OAEFISL', ip: '192.168.1.125', os.name: 'Windows 10', os.arch: 'amd64', os.version: '10.0', java.version: '1.8.0_144'
Driver info: driver.version: RemoteWebDriver
	at org.openqa.selenium.firefox.FirefoxDriver$LazyCommandExecutor.execute(FirefoxDriver.java:464)
	at org.openqa.selenium.remote.RemoteWebDriver.execute(RemoteWebDriver.java:601)
	at org.openqa.selenium.remote.RemoteWebDriver.execute(RemoteWebDriver.java:658)
	at org.openqa.selenium.remote.RemoteWebDriver.close(RemoteWebDriver.java:487)
	at com.test.xcdhr.Salesforce_Core_Framework1.testBase.TestBase.closeBrowser(TestBase.java:1049)
	at com.test.xcdhr.Salesforce_Core_Framework1.hrms_payroll.NI_weeklyCatB.ProcessPayrollForNIWeekly.ReportTestResult(ProcessPayrollForNIWeekly.java:183)
	at sun.reflect.NativeMethodAccessorImpl.invoke0(Native Method)
	at sun.reflect.NativeMethodAccessorImpl.invoke(NativeMethodAccessorImpl.java:62)
	at sun.reflect.DelegatingMethodAccessorImpl.invoke(DelegatingMethodAccessorImpl.java:43)
	at java.lang.reflect.Method.invoke(Method.java:498)
	at org.testng.internal.MethodInvocationHelper.invokeMethod(MethodInvocationHelper.java:104)
	at org.testng.internal.Invoker.invokeConfigurationMethod(Invoker.java:515)
	at org.testng.internal.Invoker.invokeConfigurations(Invoker.java:217)
	at org.testng.internal.Invoker.invokeConfigurations(Invoker.java:144)
	at org.testng.TestRunner.afterRun(TestRunner.java:983)
	at org.testng.TestRunner.run(TestRunner.java:614)
	at org.testng.SuiteRunner.runTest(SuiteRunner.java:387)
	at org.testng.SuiteRunner.runSequentially(SuiteRunner.java:382)
	at org.testng.SuiteRunner.privateRun(SuiteRunner.java:340)
	at org.testng.SuiteRunner.run(SuiteRunner.java:289)
	at org.testng.SuiteRunnerWorker.runSuite(SuiteRunnerWorker.java:52)
	at org.testng.SuiteRunnerWorker.run(SuiteRunnerWorker.java:86)
	at org.testng.TestNG.runSuitesSequentially(TestNG.java:1293)
	at org.testng.TestNG.runSuitesLocally(TestNG.java:1218)
	at org.testng.TestNG.runSuites(TestNG.java:1133)
	at org.testng.TestNG.run(TestNG.java:1104)
	at org.testng.remote.AbstractRemoteTestNG.run(AbstractRemoteTestNG.java:132)
	at org.testng.remote.RemoteTestNG.initAndRun(RemoteTestNG.java:230)
	at org.testng.remote.RemoteTestNG.main(RemoteTestNG.java:76)
]]>
    </error>
  </testcase> <!-- ReportTestResult -->
  <testcase name="EmpsPayroll_Setup_ForIncomeTax" time="2.027" classname="com.test.xcdhr.Salesforce_Core_Framework1.hrms_payroll.NI_weeklyCatB.ProcessPayrollForNIWeekly"/>
  <testcase name="EmpsPayroll_Setup_ForIncomeTax" time="1.749" classname="com.test.xcdhr.Salesforce_Core_Framework1.hrms_payroll.NI_weeklyCatB.ProcessPayrollForNIWeekly"/>
  <testcase name="EmpsPayroll_Setup_ForIncomeTax" time="1.655" classname="com.test.xcdhr.Salesforce_Core_Framework1.hrms_payroll.NI_weeklyCatB.ProcessPayrollForNIWeekly"/>
  <testcase name="EmpsPayroll_Setup_ForIncomeTax" time="47.528" classname="com.test.xcdhr.Salesforce_Core_Framework1.hrms_payroll.NI_weeklyCatB.ProcessPayrollForNIWeekly">
    <error type="org.openqa.selenium.WebDriverException" message="Failed to connect to binary FirefoxBinary(C:\Program Files (x86)\Mozilla Firefox\firefox.exe) on port 7055; process output follows: 
3208198ce6fd}&quot;,&quot;installDate&quot;:1512113799979,&quot;updateDate&quot;:1512113799979,&quot;applyBackgroundUpdates&quot;:1,&quot;skinnable&quot;:true,&quot;size&quot;:24301,&quot;sourceURI&quot;:null,&quot;releaseNotesURI&quot;:null,&quot;softDisabled&quot;:false,&quot;foreignInstall&quot;:false,&quot;hasBinaryComponents&quot;:false,&quot;strictCompatibility&quot;:true,&quot;locales&quot;:[],&quot;targetApplications&quot;:[{&quot;id&quot;:&quot;{ec8030f7-c20a-464f-9b0e-13a3a9e97384}&quot;,&quot;minVersion&quot;:&quot;42.0&quot;,&quot;maxVersion&quot;:&quot;42.0&quot;}],&quot;targetPlatforms&quot;:[]}
1513668998193	addons.xpi	DEBUG	getModTime: Recursive scan of {972ce4c6-7e08-4474-a285-3208198ce6fd}
1513668998194	addons.xpi	DEBUG	New add-on {4ED1F68A-5463-4931-9384-8FFF5ED91D92} installed in winreg-app-global
1513668998203	addons.xpi	WARN	Disabling foreign installed add-on {4ED1F68A-5463-4931-9384-8FFF5ED91D92} in winreg-app-global
1513668998203	addons.xpi-utils	DEBUG	Make addon winreg-app-global:{4ED1F68A-5463-4931-9384-8FFF5ED91D92} visible
1513668998203	DeferredSave.extensions.json	DEBUG	Save changes
1513668998203	DeferredSave.extensions.json	DEBUG	Save changes
1513668998203	addons.xpi	DEBUG	Updating XPIState for {&quot;id&quot;:&quot;{4ED1F68A-5463-4931-9384-8FFF5ED91D92}&quot;,&quot;syncGUID&quot;:&quot;g4a5nWutUDFg&quot;,&quot;location&quot;:&quot;winreg-app-global&quot;,&quot;version&quot;:&quot;5.0.559.0&quot;,&quot;type&quot;:&quot;extension&quot;,&quot;internalName&quot;:null,&quot;updateURL&quot;:null,&quot;updateKey&quot;:null,&quot;optionsURL&quot;:null,&quot;optionsType&quot;:null,&quot;aboutURL&quot;:null,&quot;iconURL&quot;:&quot;chrome://saff/content/siteadvisor.gif&quot;,&quot;icon64URL&quot;:null,&quot;defaultLocale&quot;:{&quot;name&quot;:&quot;McAfee WebAdvisor&quot;,&quot;description&quot;:null,&quot;creator&quot;:&quot;McAfee Inc.&quot;,&quot;homepageURL&quot;:&quot;http://www.siteadvisor.com/&quot;},&quot;visible&quot;:true,&quot;active&quot;:false,&quot;userDisabled&quot;:true,&quot;appDisabled&quot;:false,&quot;descriptor&quot;:&quot;C:\\Program Files (x86)\\McAfee\\SiteAdvisor\\saffplg.xpi&quot;,&quot;installDate&quot;:1500549262000,&quot;updateDate&quot;:1500549262000,&quot;applyBackgroundUpdates&quot;:1,&quot;bootstrap&quot;:false,&quot;size&quot;:307848,&quot;sourceURI&quot;:null,&quot;releaseNotesURI&quot;:null,&quot;softDisabled&quot;:false,&quot;foreignInstall&quot;:true,&quot;hasBinaryComponents&quot;:false,&quot;strictCompatibility&quot;:false,&quot;locales&quot;:[],&quot;targetApplications&quot;:[{&quot;id&quot;:&quot;{ec8030f7-c20a-464f-9b0e-13a3a9e97384}&quot;,&quot;minVersion&quot;:&quot;26.0&quot;,&quot;maxVersion&quot;:&quot;51.*&quot;}],&quot;targetPlatforms&quot;:[],&quot;multiprocessCompatible&quot;:false,&quot;signedState&quot;:2}
1513668998204	addons.xpi	DEBUG	Updating database with changes to installed add-ons
1513668998204	addons.xpi-utils	DEBUG	Updating add-on states
1513668998204	addons.xpi-utils	DEBUG	Writing add-ons list
1513668998208	addons.manager	DEBUG	Registering shutdown blocker for XPIProvider
1513668998208	addons.manager	DEBUG	Provider finished startup: XPIProvider
1513668998208	addons.manager	DEBUG	Starting provider: LightweightThemeManager
1513668998208	addons.manager	DEBUG	Registering shutdown blocker for LightweightThemeManager
1513668998208	addons.manager	DEBUG	Provider finished startup: LightweightThemeManager
1513668998208	addons.manager	DEBUG	Starting provider: GMPProvider
1513668998212	addons.manager	DEBUG	Registering shutdown blocker for GMPProvider
1513668998212	addons.manager	DEBUG	Provider finished startup: GMPProvider
1513668998212	addons.manager	DEBUG	Starting provider: PluginProvider
1513668998213	addons.manager	DEBUG	Registering shutdown blocker for PluginProvider
1513668998213	addons.manager	DEBUG	Provider finished startup: PluginProvider
1513668998213	addons.manager	DEBUG	Completed startup sequence
[GFX1]: Potential driver version mismatch ignored due to missing DLLs
1513668998624	DeferredSave.extensions.json	DEBUG	Starting write
1513668999354	addons.repository	DEBUG	No addons.json found.
1513668999354	DeferredSave.addons.json	DEBUG	Save changes
1513668999357	DeferredSave.addons.json	DEBUG	Starting timer
1513668999402	addons.manager	DEBUG	Starting provider: PreviousExperimentProvider
1513668999402	addons.manager	DEBUG	Registering shutdown blocker for PreviousExperimentProvider
1513668999403	addons.manager	DEBUG	Provider finished startup: PreviousExperimentProvider
1513668999405	DeferredSave.extensions.json	DEBUG	Write succeeded
1513668999405	addons.xpi-utils	DEBUG	XPI Database saved, setting schema version preference to 17
1513668999409	DeferredSave.addons.json	DEBUG	Starting write
1513668999458	DeferredSave.addons.json	DEBUG	Write succeeded

Build info: version: &#039;3.0.1&#039;, revision: &#039;1969d75&#039;, time: &#039;2016-10-18 09:49:13 -0700&#039;
System info: host: &#039;DESKTOP-OAEFISL&#039;, ip: &#039;192.168.1.125&#039;, os.name: &#039;Windows 10&#039;, os.arch: &#039;amd64&#039;, os.version: &#039;10.0&#039;, java.version: &#039;1.8.0_144&#039;
Driver info: driver.version: FirefoxDriver">
      <![CDATA[org.openqa.selenium.WebDriverException: Failed to connect to binary FirefoxBinary(C:\Program Files (x86)\Mozilla Firefox\firefox.exe) on port 7055; process output follows: 
3208198ce6fd}","installDate":1512113799979,"updateDate":1512113799979,"applyBackgroundUpdates":1,"skinnable":true,"size":24301,"sourceURI":null,"releaseNotesURI":null,"softDisabled":false,"foreignInstall":false,"hasBinaryComponents":false,"strictCompatibility":true,"locales":[],"targetApplications":[{"id":"{ec8030f7-c20a-464f-9b0e-13a3a9e97384}","minVersion":"42.0","maxVersion":"42.0"}],"targetPlatforms":[]}
1513668998193	addons.xpi	DEBUG	getModTime: Recursive scan of {972ce4c6-7e08-4474-a285-3208198ce6fd}
1513668998194	addons.xpi	DEBUG	New add-on {4ED1F68A-5463-4931-9384-8FFF5ED91D92} installed in winreg-app-global
1513668998203	addons.xpi	WARN	Disabling foreign installed add-on {4ED1F68A-5463-4931-9384-8FFF5ED91D92} in winreg-app-global
1513668998203	addons.xpi-utils	DEBUG	Make addon winreg-app-global:{4ED1F68A-5463-4931-9384-8FFF5ED91D92} visible
1513668998203	DeferredSave.extensions.json	DEBUG	Save changes
1513668998203	DeferredSave.extensions.json	DEBUG	Save changes
1513668998203	addons.xpi	DEBUG	Updating XPIState for {"id":"{4ED1F68A-5463-4931-9384-8FFF5ED91D92}","syncGUID":"g4a5nWutUDFg","location":"winreg-app-global","version":"5.0.559.0","type":"extension","internalName":null,"updateURL":null,"updateKey":null,"optionsURL":null,"optionsType":null,"aboutURL":null,"iconURL":"chrome://saff/content/siteadvisor.gif","icon64URL":null,"defaultLocale":{"name":"McAfee WebAdvisor","description":null,"creator":"McAfee Inc.","homepageURL":"http://www.siteadvisor.com/"},"visible":true,"active":false,"userDisabled":true,"appDisabled":false,"descriptor":"C:\\Program Files (x86)\\McAfee\\SiteAdvisor\\saffplg.xpi","installDate":1500549262000,"updateDate":1500549262000,"applyBackgroundUpdates":1,"bootstrap":false,"size":307848,"sourceURI":null,"releaseNotesURI":null,"softDisabled":false,"foreignInstall":true,"hasBinaryComponents":false,"strictCompatibility":false,"locales":[],"targetApplications":[{"id":"{ec8030f7-c20a-464f-9b0e-13a3a9e97384}","minVersion":"26.0","maxVersion":"51.*"}],"targetPlatforms":[],"multiprocessCompatible":false,"signedState":2}
1513668998204	addons.xpi	DEBUG	Updating database with changes to installed add-ons
1513668998204	addons.xpi-utils	DEBUG	Updating add-on states
1513668998204	addons.xpi-utils	DEBUG	Writing add-ons list
1513668998208	addons.manager	DEBUG	Registering shutdown blocker for XPIProvider
1513668998208	addons.manager	DEBUG	Provider finished startup: XPIProvider
1513668998208	addons.manager	DEBUG	Starting provider: LightweightThemeManager
1513668998208	addons.manager	DEBUG	Registering shutdown blocker for LightweightThemeManager
1513668998208	addons.manager	DEBUG	Provider finished startup: LightweightThemeManager
1513668998208	addons.manager	DEBUG	Starting provider: GMPProvider
1513668998212	addons.manager	DEBUG	Registering shutdown blocker for GMPProvider
1513668998212	addons.manager	DEBUG	Provider finished startup: GMPProvider
1513668998212	addons.manager	DEBUG	Starting provider: PluginProvider
1513668998213	addons.manager	DEBUG	Registering shutdown blocker for PluginProvider
1513668998213	addons.manager	DEBUG	Provider finished startup: PluginProvider
1513668998213	addons.manager	DEBUG	Completed startup sequence
[GFX1]: Potential driver version mismatch ignored due to missing DLLs
1513668998624	DeferredSave.extensions.json	DEBUG	Starting write
1513668999354	addons.repository	DEBUG	No addons.json found.
1513668999354	DeferredSave.addons.json	DEBUG	Save changes
1513668999357	DeferredSave.addons.json	DEBUG	Starting timer
1513668999402	addons.manager	DEBUG	Starting provider: PreviousExperimentProvider
1513668999402	addons.manager	DEBUG	Registering shutdown blocker for PreviousExperimentProvider
1513668999403	addons.manager	DEBUG	Provider finished startup: PreviousExperimentProvider
1513668999405	DeferredSave.extensions.json	DEBUG	Write succeeded
1513668999405	addons.xpi-utils	DEBUG	XPI Database saved, setting schema version preference to 17
1513668999409	DeferredSave.addons.json	DEBUG	Starting write
1513668999458	DeferredSave.addons.json	DEBUG	Write succeeded

Build info: version: '3.0.1', revision: '1969d75', time: '2016-10-18 09:49:13 -0700'
System info: host: 'DESKTOP-OAEFISL', ip: '192.168.1.125', os.name: 'Windows 10', os.arch: 'amd64', os.version: '10.0', java.version: '1.8.0_144'
Driver info: driver.version: FirefoxDriver
	at org.openqa.selenium.firefox.internal.NewProfileExtensionConnection.start(NewProfileExtensionConnection.java:125)
	at org.openqa.selenium.firefox.FirefoxDriver.startClient(FirefoxDriver.java:347)
	at org.openqa.selenium.remote.RemoteWebDriver.<init>(RemoteWebDriver.java:116)
	at org.openqa.selenium.firefox.FirefoxDriver.<init>(FirefoxDriver.java:259)
	at org.openqa.selenium.firefox.FirefoxDriver.<init>(FirefoxDriver.java:247)
	at org.openqa.selenium.firefox.FirefoxDriver.<init>(FirefoxDriver.java:242)
	at org.openqa.selenium.firefox.FirefoxDriver.<init>(FirefoxDriver.java:238)
	at org.openqa.selenium.firefox.FirefoxDriver.<init>(FirefoxDriver.java:131)
	at com.test.xcdhr.Salesforce_Core_Framework1.testBase.TestBase.openBrowser(TestBase.java:990)
	at com.test.xcdhr.Salesforce_Core_Framework1.hrms_payroll.NI_weeklyCatB.ProcessPayrollForNIWeekly.EmpsPayroll_Setup_ForIncomeTax(ProcessPayrollForNIWeekly.java:82)
	at sun.reflect.NativeMethodAccessorImpl.invoke0(Native Method)
	at sun.reflect.NativeMethodAccessorImpl.invoke(NativeMethodAccessorImpl.java:62)
	at sun.reflect.DelegatingMethodAccessorImpl.invoke(DelegatingMethodAccessorImpl.java:43)
	at java.lang.reflect.Method.invoke(Method.java:498)
	at org.testng.internal.MethodInvocationHelper.invokeMethod(MethodInvocationHelper.java:104)
	at org.testng.internal.Invoker.invokeMethod(Invoker.java:645)
	at org.testng.internal.Invoker.invokeTestMethod(Invoker.java:851)
	at org.testng.internal.Invoker.invokeTestMethods(Invoker.java:1177)
	at org.testng.internal.TestMethodWorker.invokeTestMethods(TestMethodWorker.java:129)
	at org.testng.internal.TestMethodWorker.run(TestMethodWorker.java:112)
	at org.testng.TestRunner.privateRun(TestRunner.java:756)
	at org.testng.TestRunner.run(TestRunner.java:610)
	at org.testng.SuiteRunner.runTest(SuiteRunner.java:387)
	at org.testng.SuiteRunner.runSequentially(SuiteRunner.java:382)
	at org.testng.SuiteRunner.privateRun(SuiteRunner.java:340)
	at org.testng.SuiteRunner.run(SuiteRunner.java:289)
	at org.testng.SuiteRunnerWorker.runSuite(SuiteRunnerWorker.java:52)
	at org.testng.SuiteRunnerWorker.run(SuiteRunnerWorker.java:86)
	at org.testng.TestNG.runSuitesSequentially(TestNG.java:1293)
	at org.testng.TestNG.runSuitesLocally(TestNG.java:1218)
	at org.testng.TestNG.runSuites(TestNG.java:1133)
	at org.testng.TestNG.run(TestNG.java:1104)
	at org.testng.remote.AbstractRemoteTestNG.run(AbstractRemoteTestNG.java:132)
	at org.testng.remote.RemoteTestNG.initAndRun(RemoteTestNG.java:230)
	at org.testng.remote.RemoteTestNG.main(RemoteTestNG.java:76)
Caused by: org.openqa.selenium.firefox.NotConnectedException: Unable to connect to host 127.0.0.1 on port 7055 after 45000 ms. Firefox console output:
3208198ce6fd}","installDate":1512113799979,"updateDate":1512113799979,"applyBackgroundUpdates":1,"skinnable":true,"size":24301,"sourceURI":null,"releaseNotesURI":null,"softDisabled":false,"foreignInstall":false,"hasBinaryComponents":false,"strictCompatibility":true,"locales":[],"targetApplications":[{"id":"{ec8030f7-c20a-464f-9b0e-13a3a9e97384}","minVersion":"42.0","maxVersion":"42.0"}],"targetPlatforms":[]}
1513668998193	addons.xpi	DEBUG	getModTime: Recursive scan of {972ce4c6-7e08-4474-a285-3208198ce6fd}
1513668998194	addons.xpi	DEBUG	New add-on {4ED1F68A-5463-4931-9384-8FFF5ED91D92} installed in winreg-app-global
1513668998203	addons.xpi	WARN	Disabling foreign installed add-on {4ED1F68A-5463-4931-9384-8FFF5ED91D92} in winreg-app-global
1513668998203	addons.xpi-utils	DEBUG	Make addon winreg-app-global:{4ED1F68A-5463-4931-9384-8FFF5ED91D92} visible
1513668998203	DeferredSave.extensions.json	DEBUG	Save changes
1513668998203	DeferredSave.extensions.json	DEBUG	Save changes
1513668998203	addons.xpi	DEBUG	Updating XPIState for {"id":"{4ED1F68A-5463-4931-9384-8FFF5ED91D92}","syncGUID":"g4a5nWutUDFg","location":"winreg-app-global","version":"5.0.559.0","type":"extension","internalName":null,"updateURL":null,"updateKey":null,"optionsURL":null,"optionsType":null,"aboutURL":null,"iconURL":"chrome://saff/content/siteadvisor.gif","icon64URL":null,"defaultLocale":{"name":"McAfee WebAdvisor","description":null,"creator":"McAfee Inc.","homepageURL":"http://www.siteadvisor.com/"},"visible":true,"active":false,"userDisabled":true,"appDisabled":false,"descriptor":"C:\\Program Files (x86)\\McAfee\\SiteAdvisor\\saffplg.xpi","installDate":1500549262000,"updateDate":1500549262000,"applyBackgroundUpdates":1,"bootstrap":false,"size":307848,"sourceURI":null,"releaseNotesURI":null,"softDisabled":false,"foreignInstall":true,"hasBinaryComponents":false,"strictCompatibility":false,"locales":[],"targetApplications":[{"id":"{ec8030f7-c20a-464f-9b0e-13a3a9e97384}","minVersion":"26.0","maxVersion":"51.*"}],"targetPlatforms":[],"multiprocessCompatible":false,"signedState":2}
1513668998204	addons.xpi	DEBUG	Updating database with changes to installed add-ons
1513668998204	addons.xpi-utils	DEBUG	Updating add-on states
1513668998204	addons.xpi-utils	DEBUG	Writing add-ons list
1513668998208	addons.manager	DEBUG	Registering shutdown blocker for XPIProvider
1513668998208	addons.manager	DEBUG	Provider finished startup: XPIProvider
1513668998208	addons.manager	DEBUG	Starting provider: LightweightThemeManager
1513668998208	addons.manager	DEBUG	Registering shutdown blocker for LightweightThemeManager
1513668998208	addons.manager	DEBUG	Provider finished startup: LightweightThemeManager
1513668998208	addons.manager	DEBUG	Starting provider: GMPProvider
1513668998212	addons.manager	DEBUG	Registering shutdown blocker for GMPProvider
1513668998212	addons.manager	DEBUG	Provider finished startup: GMPProvider
1513668998212	addons.manager	DEBUG	Starting provider: PluginProvider
1513668998213	addons.manager	DEBUG	Registering shutdown blocker for PluginProvider
1513668998213	addons.manager	DEBUG	Provider finished startup: PluginProvider
1513668998213	addons.manager	DEBUG	Completed startup sequence
[GFX1]: Potential driver version mismatch ignored due to missing DLLs
1513668998624	DeferredSave.extensions.json	DEBUG	Starting write
1513668999354	addons.repository	DEBUG	No addons.json found.
1513668999354	DeferredSave.addons.json	DEBUG	Save changes
1513668999357	DeferredSave.addons.json	DEBUG	Starting timer
1513668999402	addons.manager	DEBUG	Starting provider: PreviousExperimentProvider
1513668999402	addons.manager	DEBUG	Registering shutdown blocker for PreviousExperimentProvider
1513668999403	addons.manager	DEBUG	Provider finished startup: PreviousExperimentProvider
1513668999405	DeferredSave.extensions.json	DEBUG	Write succeeded
1513668999405	addons.xpi-utils	DEBUG	XPI Database saved, setting schema version preference to 17
1513668999409	DeferredSave.addons.json	DEBUG	Starting write
1513668999458	DeferredSave.addons.json	DEBUG	Write succeeded

	at org.openqa.selenium.firefox.internal.NewProfileExtensionConnection.start(NewProfileExtensionConnection.java:113)
	... 34 more
]]>
    </error>
  </testcase> <!-- EmpsPayroll_Setup_ForIncomeTax -->
  <testcase name="EmpsPayroll_Setup_ForIncomeTax" time="1.688" classname="com.test.xcdhr.Salesforce_Core_Framework1.hrms_payroll.NI_weeklyCatB.ProcessPayrollForNIWeekly"/>
  <testcase name="EmpsPayroll_Setup_ForIncomeTax" time="1.709" classname="com.test.xcdhr.Salesforce_Core_Framework1.hrms_payroll.NI_weeklyCatB.ProcessPayrollForNIWeekly"/>
  <testcase name="EmpsPayroll_Setup_ForIncomeTax" time="1.647" classname="com.test.xcdhr.Salesforce_Core_Framework1.hrms_payroll.NI_weeklyCatB.ProcessPayrollForNIWeekly"/>
</testsuite> <!-- com.test.xcdhr.Salesforce_Core_Framework1.hrms_payroll.NI_weeklyCatB.ProcessPayrollForNIWeekly -->
