<?xml version="1.0" encoding="UTF-8"?>
<!-- Generated by org.testng.reporters.JUnitReportReporter -->
<testsuite name="com.test.xcdhr.Salesforce_Core_Framework1.hrms_payroll.NI_weeklyCatB.NIWeeklyCat_B" tests="18" time="657.170" ignored="0" failures="0" timestamp="10 Apr 2018 08:07:12 GMT" skipped="0" hostname="DESKTOP-OAEFISL" errors="0">
  <testcase name="EmpsSetup_WithAnnualSalary" time="51.005" classname="com.test.xcdhr.Salesforce_Core_Framework1.hrms_payroll.NI_weeklyCatB.NIWeeklyCat_B"/>
  <testcase name="EmpsSetup_WithNICategory" time="24.211" classname="com.test.xcdhr.Salesforce_Core_Framework1.hrms_payroll.NI_weeklyCatB.NIWeeklyCat_B"/>
  <testcase name="EmpsSetup_WithAnnualSalary" time="36.184" classname="com.test.xcdhr.Salesforce_Core_Framework1.hrms_payroll.NI_weeklyCatB.NIWeeklyCat_B"/>
  <testcase name="EmpsSetup_WithAnnualSalary" time="35.196" classname="com.test.xcdhr.Salesforce_Core_Framework1.hrms_payroll.NI_weeklyCatB.NIWeeklyCat_B"/>
  <testcase name="EmpsSetup_WithNICategory" time="24.774" classname="com.test.xcdhr.Salesforce_Core_Framework1.hrms_payroll.NI_weeklyCatB.NIWeeklyCat_B"/>
  <testcase name="EmpsSetup_WithAnnualSalary" time="37.308" classname="com.test.xcdhr.Salesforce_Core_Framework1.hrms_payroll.NI_weeklyCatB.NIWeeklyCat_B"/>
  <testcase name="EmpsSetup_WithAnnualSalary" time="38.439" classname="com.test.xcdhr.Salesforce_Core_Framework1.hrms_payroll.NI_weeklyCatB.NIWeeklyCat_B"/>
  <testcase name="EmpsSetup_WithAnnualSalary" time="36.155" classname="com.test.xcdhr.Salesforce_Core_Framework1.hrms_payroll.NI_weeklyCatB.NIWeeklyCat_B"/>
  <testcase name="EmpsSetup_WithNICategory" time="23.756" classname="com.test.xcdhr.Salesforce_Core_Framework1.hrms_payroll.NI_weeklyCatB.NIWeeklyCat_B"/>
  <testcase name="EmpsSetup_WithNICategory" time="120.538" classname="com.test.xcdhr.Salesforce_Core_Framework1.hrms_payroll.NI_weeklyCatB.NIWeeklyCat_B"/>
  <testcase name="EmpsSetup_WithNICategory" time="25.531" classname="com.test.xcdhr.Salesforce_Core_Framework1.hrms_payroll.NI_weeklyCatB.NIWeeklyCat_B"/>
  <testcase name="EmpsSetup_WithAnnualSalary" time="34.764" classname="com.test.xcdhr.Salesforce_Core_Framework1.hrms_payroll.NI_weeklyCatB.NIWeeklyCat_B"/>
  <testcase name="EmpsSetup_WithNICategory" time="24.271" classname="com.test.xcdhr.Salesforce_Core_Framework1.hrms_payroll.NI_weeklyCatB.NIWeeklyCat_B"/>
  <testcase name="EmpsSetup_WithNICategory" time="25.036" classname="com.test.xcdhr.Salesforce_Core_Framework1.hrms_payroll.NI_weeklyCatB.NIWeeklyCat_B"/>
  <testcase name="EmpsSetup_WithAnnualSalary" time="36.366" classname="com.test.xcdhr.Salesforce_Core_Framework1.hrms_payroll.NI_weeklyCatB.NIWeeklyCat_B"/>
  <testcase name="EmpsSetup_WithAnnualSalary" time="35.467" classname="com.test.xcdhr.Salesforce_Core_Framework1.hrms_payroll.NI_weeklyCatB.NIWeeklyCat_B"/>
  <testcase name="EmpsSetup_WithNICategory" time="23.490" classname="com.test.xcdhr.Salesforce_Core_Framework1.hrms_payroll.NI_weeklyCatB.NIWeeklyCat_B"/>
  <testcase name="EmpsSetup_WithNICategory" time="24.679" classname="com.test.xcdhr.Salesforce_Core_Framework1.hrms_payroll.NI_weeklyCatB.NIWeeklyCat_B"/>
</testsuite> <!-- com.test.xcdhr.Salesforce_Core_Framework1.hrms_payroll.NI_weeklyCatB.NIWeeklyCat_B -->
