<?xml version="1.0" encoding="UTF-8"?>
<!-- Generated by org.testng.reporters.JUnitReportReporter -->
<testsuite name="com.test.xcdhr.Salesforce_Core_Framework1.hrms_payroll.NI_MonthlyCatC.ProcessPayrollForNIMonthly" tests="5" time="250.231" ignored="0" failures="0" timestamp="27 Feb 2018 11:29:55 GMT" skipped="0" hostname="DESKTOP-OAEFISL" errors="0">
  <testcase name="EmpsPayroll_Setup_ForIncomeTax" time="3.400" classname="com.test.xcdhr.Salesforce_Core_Framework1.hrms_payroll.NI_MonthlyCatC.ProcessPayrollForNIMonthly"/>
  <testcase name="EmpsPayroll_Setup_ForIncomeTax" time="3.867" classname="com.test.xcdhr.Salesforce_Core_Framework1.hrms_payroll.NI_MonthlyCatC.ProcessPayrollForNIMonthly"/>
  <testcase name="EmpsPayroll_Setup_ForIncomeTax" time="75.800" classname="com.test.xcdhr.Salesforce_Core_Framework1.hrms_payroll.NI_MonthlyCatC.ProcessPayrollForNIMonthly"/>
  <testcase name="EmpsPayroll_Setup_ForIncomeTax" time="163.463" classname="com.test.xcdhr.Salesforce_Core_Framework1.hrms_payroll.NI_MonthlyCatC.ProcessPayrollForNIMonthly"/>
  <testcase name="EmpsPayroll_Setup_ForIncomeTax" time="3.701" classname="com.test.xcdhr.Salesforce_Core_Framework1.hrms_payroll.NI_MonthlyCatC.ProcessPayrollForNIMonthly"/>
</testsuite> <!-- com.test.xcdhr.Salesforce_Core_Framework1.hrms_payroll.NI_MonthlyCatC.ProcessPayrollForNIMonthly -->
