<?xml version="1.0" encoding="UTF-8"?>
<!-- Generated by org.testng.reporters.JUnitReportReporter -->
<testsuite name="com.test.xcdhr.Salesforce_Core_Framework1.hrms_payroll.hrms_Payroll_ShPP_Statutory_Scenario.TestReportsForWeekly48" tests="1" time="111.829" ignored="0" failures="0" timestamp="04 Apr 2018 12:19:13 GMT" skipped="0" hostname="DESKTOP-OAEFISL" errors="0">
  <testcase name="EmpsPayroll_Setup_ForIncomeTax" time="111.829" classname="com.test.xcdhr.Salesforce_Core_Framework1.hrms_payroll.hrms_Payroll_ShPP_Statutory_Scenario.TestReportsForWeekly48"/>
</testsuite> <!-- com.test.xcdhr.Salesforce_Core_Framework1.hrms_payroll.hrms_Payroll_ShPP_Statutory_Scenario.TestReportsForWeekly48 -->
