<?xml version="1.0" encoding="UTF-8"?>
<!-- Generated by org.testng.reporters.JUnitReportReporter -->
<testsuite name="com.test.xcdhr.Salesforce_Core_Framework1.hrms_payroll.NI_MonthlyCatE.ProcessPayrollForNIMonthly" tests="1" time="0.000" ignored="0" failures="0" timestamp="05 Sep 2017 08:58:21 GMT" skipped="1" hostname="DESKTOP-OAEFISL" errors="0">
  <testcase name="EmpsPayroll_Setup_ForIncomeTax" time="0.000" classname="com.test.xcdhr.Salesforce_Core_Framework1.hrms_payroll.NI_MonthlyCatE.ProcessPayrollForNIMonthly">
    <skipped/>
  </testcase> <!-- EmpsPayroll_Setup_ForIncomeTax -->
</testsuite> <!-- com.test.xcdhr.Salesforce_Core_Framework1.hrms_payroll.NI_MonthlyCatE.ProcessPayrollForNIMonthly -->
