<?xml version="1.0" encoding="UTF-8"?>
<!-- Generated by org.testng.reporters.JUnitReportReporter -->
<testsuite name="com.test.xcdhr.Salesforce_Core_Framework1.hrms_payroll.NI_MonthlyCatA.TestReports" tests="1" time="120.260" ignored="0" failures="0" timestamp="29 Aug 2017 13:37:14 GMT" skipped="0" hostname="ConsLeague-PC11" errors="0">
  <testcase name="EmpsPayroll_Setup_ForIncomeTax" time="120.260" classname="com.test.xcdhr.Salesforce_Core_Framework1.hrms_payroll.NI_MonthlyCatA.TestReports"/>
</testsuite> <!-- com.test.xcdhr.Salesforce_Core_Framework1.hrms_payroll.NI_MonthlyCatA.TestReports -->
