<?xml version="1.0" encoding="UTF-8"?>
<!-- Generated by org.testng.reporters.JUnitReportReporter -->
<testsuite name="com.test.xcdhr.Salesforce_Core_Framework1.hrms_payroll.NI_MonthlyCatB.NIMonthlyCat_B" tests="18" time="569.362" ignored="0" failures="0" timestamp="20 Dec 2017 11:43:25 GMT" skipped="0" hostname="DESKTOP-OAEFISL" errors="0">
  <testcase name="EmpsSetup_WithNICategory" time="22.776" classname="com.test.xcdhr.Salesforce_Core_Framework1.hrms_payroll.NI_MonthlyCatB.NIMonthlyCat_B"/>
  <testcase name="EmpsSetup_WithNICategory" time="22.416" classname="com.test.xcdhr.Salesforce_Core_Framework1.hrms_payroll.NI_MonthlyCatB.NIMonthlyCat_B"/>
  <testcase name="EmpsSetup_WithNICategory" time="22.614" classname="com.test.xcdhr.Salesforce_Core_Framework1.hrms_payroll.NI_MonthlyCatB.NIMonthlyCat_B"/>
  <testcase name="EmpsSetup_WithNICategory" time="22.638" classname="com.test.xcdhr.Salesforce_Core_Framework1.hrms_payroll.NI_MonthlyCatB.NIMonthlyCat_B"/>
  <testcase name="EmpsSetup_WithAnnualSalary" time="29.799" classname="com.test.xcdhr.Salesforce_Core_Framework1.hrms_payroll.NI_MonthlyCatB.NIMonthlyCat_B"/>
  <testcase name="EmpsSetup_WithNICategory" time="22.137" classname="com.test.xcdhr.Salesforce_Core_Framework1.hrms_payroll.NI_MonthlyCatB.NIMonthlyCat_B"/>
  <testcase name="EmpsSetup_WithNICategory" time="22.628" classname="com.test.xcdhr.Salesforce_Core_Framework1.hrms_payroll.NI_MonthlyCatB.NIMonthlyCat_B"/>
  <testcase name="EmpsSetup_WithAnnualSalary" time="30.104" classname="com.test.xcdhr.Salesforce_Core_Framework1.hrms_payroll.NI_MonthlyCatB.NIMonthlyCat_B"/>
  <testcase name="EmpsSetup_WithNICategory" time="74.262" classname="com.test.xcdhr.Salesforce_Core_Framework1.hrms_payroll.NI_MonthlyCatB.NIMonthlyCat_B"/>
  <testcase name="EmpsSetup_WithAnnualSalary" time="29.780" classname="com.test.xcdhr.Salesforce_Core_Framework1.hrms_payroll.NI_MonthlyCatB.NIMonthlyCat_B"/>
  <testcase name="EmpsSetup_WithAnnualSalary" time="75.451" classname="com.test.xcdhr.Salesforce_Core_Framework1.hrms_payroll.NI_MonthlyCatB.NIMonthlyCat_B"/>
  <testcase name="EmpsSetup_WithAnnualSalary" time="29.614" classname="com.test.xcdhr.Salesforce_Core_Framework1.hrms_payroll.NI_MonthlyCatB.NIMonthlyCat_B"/>
  <testcase name="EmpsSetup_WithNICategory" time="22.432" classname="com.test.xcdhr.Salesforce_Core_Framework1.hrms_payroll.NI_MonthlyCatB.NIMonthlyCat_B"/>
  <testcase name="EmpsSetup_WithNICategory" time="22.532" classname="com.test.xcdhr.Salesforce_Core_Framework1.hrms_payroll.NI_MonthlyCatB.NIMonthlyCat_B"/>
  <testcase name="EmpsSetup_WithAnnualSalary" time="30.040" classname="com.test.xcdhr.Salesforce_Core_Framework1.hrms_payroll.NI_MonthlyCatB.NIMonthlyCat_B"/>
  <testcase name="EmpsSetup_WithAnnualSalary" time="30.964" classname="com.test.xcdhr.Salesforce_Core_Framework1.hrms_payroll.NI_MonthlyCatB.NIMonthlyCat_B"/>
  <testcase name="EmpsSetup_WithAnnualSalary" time="29.472" classname="com.test.xcdhr.Salesforce_Core_Framework1.hrms_payroll.NI_MonthlyCatB.NIMonthlyCat_B"/>
  <testcase name="EmpsSetup_WithAnnualSalary" time="29.703" classname="com.test.xcdhr.Salesforce_Core_Framework1.hrms_payroll.NI_MonthlyCatB.NIMonthlyCat_B"/>
</testsuite> <!-- com.test.xcdhr.Salesforce_Core_Framework1.hrms_payroll.NI_MonthlyCatB.NIMonthlyCat_B -->
