<?xml version="1.0" encoding="UTF-8"?>
<!-- Generated by org.testng.reporters.JUnitReportReporter -->
<testsuite name="com.test.xcdhr.Salesforce_Core_Framework1.hrms_payroll.NI_MonthlyCatA.NIMonthlyCat_A" tests="18" time="619.321" ignored="0" failures="0" timestamp="06 Dec 2017 13:23:00 GMT" skipped="0" hostname="ConsLeague-PC11" errors="0">
  <testcase name="EmpsSetup_WithNICategory" time="22.033" classname="com.test.xcdhr.Salesforce_Core_Framework1.hrms_payroll.NI_MonthlyCatA.NIMonthlyCat_A"/>
  <testcase name="EmpsSetup_WithAnnualSalary" time="61.551" classname="com.test.xcdhr.Salesforce_Core_Framework1.hrms_payroll.NI_MonthlyCatA.NIMonthlyCat_A"/>
  <testcase name="EmpsSetup_WithNICategory" time="21.921" classname="com.test.xcdhr.Salesforce_Core_Framework1.hrms_payroll.NI_MonthlyCatA.NIMonthlyCat_A"/>
  <testcase name="EmpsSetup_WithAnnualSalary" time="27.957" classname="com.test.xcdhr.Salesforce_Core_Framework1.hrms_payroll.NI_MonthlyCatA.NIMonthlyCat_A"/>
  <testcase name="EmpsSetup_WithAnnualSalary" time="28.300" classname="com.test.xcdhr.Salesforce_Core_Framework1.hrms_payroll.NI_MonthlyCatA.NIMonthlyCat_A"/>
  <testcase name="EmpsSetup_WithNICategory" time="22.126" classname="com.test.xcdhr.Salesforce_Core_Framework1.hrms_payroll.NI_MonthlyCatA.NIMonthlyCat_A"/>
  <testcase name="EmpsSetup_WithAnnualSalary" time="28.000" classname="com.test.xcdhr.Salesforce_Core_Framework1.hrms_payroll.NI_MonthlyCatA.NIMonthlyCat_A"/>
  <testcase name="EmpsSetup_WithAnnualSalary" time="27.797" classname="com.test.xcdhr.Salesforce_Core_Framework1.hrms_payroll.NI_MonthlyCatA.NIMonthlyCat_A"/>
  <testcase name="EmpsSetup_WithAnnualSalary" time="28.139" classname="com.test.xcdhr.Salesforce_Core_Framework1.hrms_payroll.NI_MonthlyCatA.NIMonthlyCat_A"/>
  <testcase name="EmpsSetup_WithNICategory" time="22.787" classname="com.test.xcdhr.Salesforce_Core_Framework1.hrms_payroll.NI_MonthlyCatA.NIMonthlyCat_A"/>
  <testcase name="EmpsSetup_WithNICategory" time="155.903" classname="com.test.xcdhr.Salesforce_Core_Framework1.hrms_payroll.NI_MonthlyCatA.NIMonthlyCat_A"/>
  <testcase name="EmpsSetup_WithNICategory" time="22.039" classname="com.test.xcdhr.Salesforce_Core_Framework1.hrms_payroll.NI_MonthlyCatA.NIMonthlyCat_A"/>
  <testcase name="EmpsSetup_WithNICategory" time="21.840" classname="com.test.xcdhr.Salesforce_Core_Framework1.hrms_payroll.NI_MonthlyCatA.NIMonthlyCat_A"/>
  <testcase name="EmpsSetup_WithAnnualSalary" time="27.570" classname="com.test.xcdhr.Salesforce_Core_Framework1.hrms_payroll.NI_MonthlyCatA.NIMonthlyCat_A"/>
  <testcase name="EmpsSetup_WithNICategory" time="21.937" classname="com.test.xcdhr.Salesforce_Core_Framework1.hrms_payroll.NI_MonthlyCatA.NIMonthlyCat_A"/>
  <testcase name="EmpsSetup_WithAnnualSalary" time="29.394" classname="com.test.xcdhr.Salesforce_Core_Framework1.hrms_payroll.NI_MonthlyCatA.NIMonthlyCat_A"/>
  <testcase name="EmpsSetup_WithNICategory" time="22.306" classname="com.test.xcdhr.Salesforce_Core_Framework1.hrms_payroll.NI_MonthlyCatA.NIMonthlyCat_A"/>
  <testcase name="EmpsSetup_WithAnnualSalary" time="27.721" classname="com.test.xcdhr.Salesforce_Core_Framework1.hrms_payroll.NI_MonthlyCatA.NIMonthlyCat_A"/>
</testsuite> <!-- com.test.xcdhr.Salesforce_Core_Framework1.hrms_payroll.NI_MonthlyCatA.NIMonthlyCat_A -->
