<?xml version="1.0" encoding="UTF-8"?>
<!-- Generated by org.testng.reporters.JUnitReportReporter -->
<testsuite name="com.test.xcdhr.Salesforce_Core_Framework1.hrms_payroll.IncomeTax_TCWeek1_204045VariablePayANDWeekly50RL.GeneralTaxRateWeekly" tests="10" time="520.013" ignored="0" failures="0" timestamp="18 Dec 2017 14:47:21 GMT" skipped="0" hostname="DESKTOP-OAEFISL" errors="0">
  <testcase name="EmpsSetup_WithAnnualSalary" time="43.932" classname="com.test.xcdhr.Salesforce_Core_Framework1.hrms_payroll.IncomeTax_TCWeek1_204045VariablePayANDWeekly50RL.GeneralTaxRateWeekly"/>
  <testcase name="EmpsSetup_ForMonthlyTaxRate" time="45.581" classname="com.test.xcdhr.Salesforce_Core_Framework1.hrms_payroll.IncomeTax_TCWeek1_204045VariablePayANDWeekly50RL.GeneralTaxRateWeekly"/>
  <testcase name="EmpsSetup_WithAnnualSalary" time="43.492" classname="com.test.xcdhr.Salesforce_Core_Framework1.hrms_payroll.IncomeTax_TCWeek1_204045VariablePayANDWeekly50RL.GeneralTaxRateWeekly"/>
  <testcase name="EmpsSetup_ForMonthlyTaxRate" time="53.033" classname="com.test.xcdhr.Salesforce_Core_Framework1.hrms_payroll.IncomeTax_TCWeek1_204045VariablePayANDWeekly50RL.GeneralTaxRateWeekly"/>
  <testcase name="EmpsSetup_WithAnnualSalary" time="62.590" classname="com.test.xcdhr.Salesforce_Core_Framework1.hrms_payroll.IncomeTax_TCWeek1_204045VariablePayANDWeekly50RL.GeneralTaxRateWeekly"/>
  <testcase name="EmpsSetup_ForMonthlyTaxRate" time="49.161" classname="com.test.xcdhr.Salesforce_Core_Framework1.hrms_payroll.IncomeTax_TCWeek1_204045VariablePayANDWeekly50RL.GeneralTaxRateWeekly"/>
  <testcase name="EmpsSetup_WithAnnualSalary" time="43.411" classname="com.test.xcdhr.Salesforce_Core_Framework1.hrms_payroll.IncomeTax_TCWeek1_204045VariablePayANDWeekly50RL.GeneralTaxRateWeekly"/>
  <testcase name="EmpsSetup_ForMonthlyTaxRate" time="54.963" classname="com.test.xcdhr.Salesforce_Core_Framework1.hrms_payroll.IncomeTax_TCWeek1_204045VariablePayANDWeekly50RL.GeneralTaxRateWeekly"/>
  <testcase name="EmpsSetup_ForMonthlyTaxRate" time="80.988" classname="com.test.xcdhr.Salesforce_Core_Framework1.hrms_payroll.IncomeTax_TCWeek1_204045VariablePayANDWeekly50RL.GeneralTaxRateWeekly"/>
  <testcase name="EmpsSetup_WithAnnualSalary" time="42.862" classname="com.test.xcdhr.Salesforce_Core_Framework1.hrms_payroll.IncomeTax_TCWeek1_204045VariablePayANDWeekly50RL.GeneralTaxRateWeekly"/>
</testsuite> <!-- com.test.xcdhr.Salesforce_Core_Framework1.hrms_payroll.IncomeTax_TCWeek1_204045VariablePayANDWeekly50RL.GeneralTaxRateWeekly -->
