<?xml version="1.0" encoding="UTF-8"?>
<!-- Generated by org.testng.reporters.JUnitReportReporter -->
<testsuite name="com.test.xcdhr.Salesforce_Core_Framework1.hrms_payroll.NI_weeklyCatA.NIWeeklyCat_A" tests="14" time="384.886" ignored="0" failures="0" timestamp="30 Aug 2017 10:56:01 GMT" skipped="0" hostname="ConsLeague-PC11" errors="0">
  <testcase name="EmpsSetup_WithNICategory" time="27.165" classname="com.test.xcdhr.Salesforce_Core_Framework1.hrms_payroll.NI_weeklyCatA.NIWeeklyCat_A"/>
  <testcase name="EmpsSetup_WithAnnualSalary" time="17.346" classname="com.test.xcdhr.Salesforce_Core_Framework1.hrms_payroll.NI_weeklyCatA.NIWeeklyCat_A"/>
  <testcase name="EmpsSetup_WithNICategory" time="35.388" classname="com.test.xcdhr.Salesforce_Core_Framework1.hrms_payroll.NI_weeklyCatA.NIWeeklyCat_A"/>
  <testcase name="EmpsSetup_WithAnnualSalary" time="17.672" classname="com.test.xcdhr.Salesforce_Core_Framework1.hrms_payroll.NI_weeklyCatA.NIWeeklyCat_A"/>
  <testcase name="EmpsSetup_WithAnnualSalary" time="17.354" classname="com.test.xcdhr.Salesforce_Core_Framework1.hrms_payroll.NI_weeklyCatA.NIWeeklyCat_A"/>
  <testcase name="EmpsSetup_WithAnnualSalary" time="17.741" classname="com.test.xcdhr.Salesforce_Core_Framework1.hrms_payroll.NI_weeklyCatA.NIWeeklyCat_A"/>
  <testcase name="EmpsSetup_WithNICategory" time="33.385" classname="com.test.xcdhr.Salesforce_Core_Framework1.hrms_payroll.NI_weeklyCatA.NIWeeklyCat_A"/>
  <testcase name="EmpsSetup_WithAnnualSalary" time="17.527" classname="com.test.xcdhr.Salesforce_Core_Framework1.hrms_payroll.NI_weeklyCatA.NIWeeklyCat_A"/>
  <testcase name="EmpsSetup_WithNICategory" time="64.777" classname="com.test.xcdhr.Salesforce_Core_Framework1.hrms_payroll.NI_weeklyCatA.NIWeeklyCat_A"/>
  <testcase name="EmpsSetup_WithNICategory" time="24.969" classname="com.test.xcdhr.Salesforce_Core_Framework1.hrms_payroll.NI_weeklyCatA.NIWeeklyCat_A"/>
  <testcase name="EmpsSetup_WithNICategory" time="29.206" classname="com.test.xcdhr.Salesforce_Core_Framework1.hrms_payroll.NI_weeklyCatA.NIWeeklyCat_A"/>
  <testcase name="EmpsSetup_WithNICategory" time="31.166" classname="com.test.xcdhr.Salesforce_Core_Framework1.hrms_payroll.NI_weeklyCatA.NIWeeklyCat_A"/>
  <testcase name="EmpsSetup_WithAnnualSalary" time="34.024" classname="com.test.xcdhr.Salesforce_Core_Framework1.hrms_payroll.NI_weeklyCatA.NIWeeklyCat_A"/>
  <testcase name="EmpsSetup_WithAnnualSalary" time="17.166" classname="com.test.xcdhr.Salesforce_Core_Framework1.hrms_payroll.NI_weeklyCatA.NIWeeklyCat_A"/>
</testsuite> <!-- com.test.xcdhr.Salesforce_Core_Framework1.hrms_payroll.NI_weeklyCatA.NIWeeklyCat_A -->
