<?xml version="1.0" encoding="UTF-8"?>
<!-- Generated by org.testng.reporters.JUnitReportReporter -->
<testsuite name="com.test.xcdhr.Salesforce_Core_Framework1.hrms_payroll.NI_FourweeklyCatB.ProcessPayrollForNIWeekly" tests="9" time="299.441" ignored="0" failures="0" timestamp="19 Jun 2018 13:15:06 GMT" skipped="0" hostname="DESKTOP-OAEFISL" errors="0">
  <testcase name="EmpsPayroll_Setup_ForIncomeTax" time="2.021" classname="com.test.xcdhr.Salesforce_Core_Framework1.hrms_payroll.NI_FourweeklyCatB.ProcessPayrollForNIWeekly"/>
  <testcase name="EmpsPayroll_Setup_ForIncomeTax" time="1.931" classname="com.test.xcdhr.Salesforce_Core_Framework1.hrms_payroll.NI_FourweeklyCatB.ProcessPayrollForNIWeekly"/>
  <testcase name="EmpsPayroll_Setup_ForIncomeTax" time="1.864" classname="com.test.xcdhr.Salesforce_Core_Framework1.hrms_payroll.NI_FourweeklyCatB.ProcessPayrollForNIWeekly"/>
  <testcase name="EmpsPayroll_Setup_ForIncomeTax" time="46.353" classname="com.test.xcdhr.Salesforce_Core_Framework1.hrms_payroll.NI_FourweeklyCatB.ProcessPayrollForNIWeekly"/>
  <testcase name="EmpsPayroll_Setup_ForIncomeTax" time="1.819" classname="com.test.xcdhr.Salesforce_Core_Framework1.hrms_payroll.NI_FourweeklyCatB.ProcessPayrollForNIWeekly"/>
  <testcase name="EmpsPayroll_Setup_ForIncomeTax" time="239.731" classname="com.test.xcdhr.Salesforce_Core_Framework1.hrms_payroll.NI_FourweeklyCatB.ProcessPayrollForNIWeekly"/>
  <testcase name="EmpsPayroll_Setup_ForIncomeTax" time="2.322" classname="com.test.xcdhr.Salesforce_Core_Framework1.hrms_payroll.NI_FourweeklyCatB.ProcessPayrollForNIWeekly"/>
  <testcase name="EmpsPayroll_Setup_ForIncomeTax" time="1.741" classname="com.test.xcdhr.Salesforce_Core_Framework1.hrms_payroll.NI_FourweeklyCatB.ProcessPayrollForNIWeekly"/>
  <testcase name="EmpsPayroll_Setup_ForIncomeTax" time="1.659" classname="com.test.xcdhr.Salesforce_Core_Framework1.hrms_payroll.NI_FourweeklyCatB.ProcessPayrollForNIWeekly"/>
</testsuite> <!-- com.test.xcdhr.Salesforce_Core_Framework1.hrms_payroll.NI_FourweeklyCatB.ProcessPayrollForNIWeekly -->
