<?xml version="1.0" encoding="UTF-8"?>
<!-- Generated by org.testng.reporters.JUnitReportReporter -->
<testsuite name="com.test.xcdhr.Salesforce_Core_Framework1.hrms_payroll.NI_TwoweeklyCatA.NI2WeeklyCat_A" tests="18" time="445.968" ignored="0" failures="0" timestamp="08 Dec 2017 10:22:37 GMT" skipped="0" hostname="DESKTOP-OAEFISL" errors="0">
  <testcase name="EmpsSetup_WithNICategory" time="5.781" classname="com.test.xcdhr.Salesforce_Core_Framework1.hrms_payroll.NI_TwoweeklyCatA.NI2WeeklyCat_A"/>
  <testcase name="EmpsSetup_WithAnnualSalary" time="26.647" classname="com.test.xcdhr.Salesforce_Core_Framework1.hrms_payroll.NI_TwoweeklyCatA.NI2WeeklyCat_A"/>
  <testcase name="EmpsSetup_WithNICategory" time="5.764" classname="com.test.xcdhr.Salesforce_Core_Framework1.hrms_payroll.NI_TwoweeklyCatA.NI2WeeklyCat_A"/>
  <testcase name="EmpsSetup_WithAnnualSalary" time="27.269" classname="com.test.xcdhr.Salesforce_Core_Framework1.hrms_payroll.NI_TwoweeklyCatA.NI2WeeklyCat_A"/>
  <testcase name="EmpsSetup_WithAnnualSalary" time="26.051" classname="com.test.xcdhr.Salesforce_Core_Framework1.hrms_payroll.NI_TwoweeklyCatA.NI2WeeklyCat_A"/>
  <testcase name="EmpsSetup_WithAnnualSalary" time="27.344" classname="com.test.xcdhr.Salesforce_Core_Framework1.hrms_payroll.NI_TwoweeklyCatA.NI2WeeklyCat_A"/>
  <testcase name="EmpsSetup_WithAnnualSalary" time="26.362" classname="com.test.xcdhr.Salesforce_Core_Framework1.hrms_payroll.NI_TwoweeklyCatA.NI2WeeklyCat_A"/>
  <testcase name="EmpsSetup_WithNICategory" time="6.067" classname="com.test.xcdhr.Salesforce_Core_Framework1.hrms_payroll.NI_TwoweeklyCatA.NI2WeeklyCat_A"/>
  <testcase name="EmpsSetup_WithNICategory" time="6.670" classname="com.test.xcdhr.Salesforce_Core_Framework1.hrms_payroll.NI_TwoweeklyCatA.NI2WeeklyCat_A"/>
  <testcase name="EmpsSetup_WithNICategory" time="6.322" classname="com.test.xcdhr.Salesforce_Core_Framework1.hrms_payroll.NI_TwoweeklyCatA.NI2WeeklyCat_A"/>
  <testcase name="EmpsSetup_WithNICategory" time="5.809" classname="com.test.xcdhr.Salesforce_Core_Framework1.hrms_payroll.NI_TwoweeklyCatA.NI2WeeklyCat_A"/>
  <testcase name="EmpsSetup_WithNICategory" time="115.083" classname="com.test.xcdhr.Salesforce_Core_Framework1.hrms_payroll.NI_TwoweeklyCatA.NI2WeeklyCat_A"/>
  <testcase name="EmpsSetup_WithAnnualSalary" time="26.673" classname="com.test.xcdhr.Salesforce_Core_Framework1.hrms_payroll.NI_TwoweeklyCatA.NI2WeeklyCat_A"/>
  <testcase name="EmpsSetup_WithAnnualSalary" time="67.403" classname="com.test.xcdhr.Salesforce_Core_Framework1.hrms_payroll.NI_TwoweeklyCatA.NI2WeeklyCat_A"/>
  <testcase name="EmpsSetup_WithAnnualSalary" time="26.846" classname="com.test.xcdhr.Salesforce_Core_Framework1.hrms_payroll.NI_TwoweeklyCatA.NI2WeeklyCat_A"/>
  <testcase name="EmpsSetup_WithAnnualSalary" time="26.900" classname="com.test.xcdhr.Salesforce_Core_Framework1.hrms_payroll.NI_TwoweeklyCatA.NI2WeeklyCat_A"/>
  <testcase name="EmpsSetup_WithNICategory" time="5.818" classname="com.test.xcdhr.Salesforce_Core_Framework1.hrms_payroll.NI_TwoweeklyCatA.NI2WeeklyCat_A"/>
  <testcase name="EmpsSetup_WithNICategory" time="7.159" classname="com.test.xcdhr.Salesforce_Core_Framework1.hrms_payroll.NI_TwoweeklyCatA.NI2WeeklyCat_A"/>
</testsuite> <!-- com.test.xcdhr.Salesforce_Core_Framework1.hrms_payroll.NI_TwoweeklyCatA.NI2WeeklyCat_A -->
