<?xml version="1.0" encoding="UTF-8"?>
<!-- Generated by org.testng.reporters.JUnitReportReporter -->
<testsuite name="com.test.xcdhr.Salesforce_Core_Framework1.hrms_payroll.hrms_payroll.NI_FourweeklyCatA.ExecuteQuery" tests="1" time="82.422" ignored="0" failures="0" timestamp="31 Aug 2017 08:15:08 GMT" skipped="0" hostname="ConsLeague-PC11" errors="0">
  <testcase name="queryExecute" time="82.422" classname="com.test.xcdhr.Salesforce_Core_Framework1.hrms_payroll.hrms_payroll.NI_FourweeklyCatA.ExecuteQuery"/>
</testsuite> <!-- com.test.xcdhr.Salesforce_Core_Framework1.hrms_payroll.hrms_payroll.NI_FourweeklyCatA.ExecuteQuery -->
