<?xml version="1.0" encoding="UTF-8"?>
<!-- Generated by org.testng.reporters.JUnitReportReporter -->
<testsuite name="com.test.xcdhr.Salesforce_Core_Framework1.hrms_payroll.Payroll_Suite_NIDirector_Prorata_Month2.NIDirector_ProrataMonth2" tests="2" time="228.166" ignored="0" failures="0" timestamp="02 Mar 2018 10:15:13 GMT" skipped="0" hostname="XCDHR_2010" errors="0">
  <testcase name="EmpsSetup_WithAnnualSalary" time="89.140" classname="com.test.xcdhr.Salesforce_Core_Framework1.hrms_payroll.Payroll_Suite_NIDirector_Prorata_Month2.NIDirector_ProrataMonth2"/>
  <testcase name="EmpsSetup_WithNICategory" time="139.026" classname="com.test.xcdhr.Salesforce_Core_Framework1.hrms_payroll.Payroll_Suite_NIDirector_Prorata_Month2.NIDirector_ProrataMonth2"/>
</testsuite> <!-- com.test.xcdhr.Salesforce_Core_Framework1.hrms_payroll.Payroll_Suite_NIDirector_Prorata_Month2.NIDirector_ProrataMonth2 -->
