<?xml version="1.0" encoding="UTF-8"?>
<!-- Generated by org.testng.reporters.JUnitReportReporter -->
<testsuite name="com.test.xcdhr.Salesforce_Core_Framework1.hrms_payroll.NI_MonthlyCatA.NIMonthlyCat_A" tests="18" time="529.999" ignored="0" failures="0" timestamp="16 Nov 2017 12:22:05 GMT" skipped="0" hostname="ConsLeague-PC11" errors="0">
  <testcase name="EmpsSetup_WithAnnualSalary" time="28.605" classname="com.test.xcdhr.Salesforce_Core_Framework1.hrms_payroll.NI_MonthlyCatA.NIMonthlyCat_A"/>
  <testcase name="EmpsSetup_WithNICategory" time="18.729" classname="com.test.xcdhr.Salesforce_Core_Framework1.hrms_payroll.NI_MonthlyCatA.NIMonthlyCat_A"/>
  <testcase name="EmpsSetup_WithNICategory" time="19.954" classname="com.test.xcdhr.Salesforce_Core_Framework1.hrms_payroll.NI_MonthlyCatA.NIMonthlyCat_A"/>
  <testcase name="EmpsSetup_WithAnnualSalary" time="28.490" classname="com.test.xcdhr.Salesforce_Core_Framework1.hrms_payroll.NI_MonthlyCatA.NIMonthlyCat_A"/>
  <testcase name="EmpsSetup_WithAnnualSalary" time="28.324" classname="com.test.xcdhr.Salesforce_Core_Framework1.hrms_payroll.NI_MonthlyCatA.NIMonthlyCat_A"/>
  <testcase name="EmpsSetup_WithNICategory" time="18.776" classname="com.test.xcdhr.Salesforce_Core_Framework1.hrms_payroll.NI_MonthlyCatA.NIMonthlyCat_A"/>
  <testcase name="EmpsSetup_WithNICategory" time="18.871" classname="com.test.xcdhr.Salesforce_Core_Framework1.hrms_payroll.NI_MonthlyCatA.NIMonthlyCat_A"/>
  <testcase name="EmpsSetup_WithNICategory" time="19.436" classname="com.test.xcdhr.Salesforce_Core_Framework1.hrms_payroll.NI_MonthlyCatA.NIMonthlyCat_A"/>
  <testcase name="EmpsSetup_WithAnnualSalary" time="29.311" classname="com.test.xcdhr.Salesforce_Core_Framework1.hrms_payroll.NI_MonthlyCatA.NIMonthlyCat_A"/>
  <testcase name="EmpsSetup_WithNICategory" time="18.908" classname="com.test.xcdhr.Salesforce_Core_Framework1.hrms_payroll.NI_MonthlyCatA.NIMonthlyCat_A"/>
  <testcase name="EmpsSetup_WithAnnualSalary" time="62.501" classname="com.test.xcdhr.Salesforce_Core_Framework1.hrms_payroll.NI_MonthlyCatA.NIMonthlyCat_A"/>
  <testcase name="EmpsSetup_WithNICategory" time="85.527" classname="com.test.xcdhr.Salesforce_Core_Framework1.hrms_payroll.NI_MonthlyCatA.NIMonthlyCat_A"/>
  <testcase name="EmpsSetup_WithNICategory" time="18.980" classname="com.test.xcdhr.Salesforce_Core_Framework1.hrms_payroll.NI_MonthlyCatA.NIMonthlyCat_A"/>
  <testcase name="EmpsSetup_WithAnnualSalary" time="28.210" classname="com.test.xcdhr.Salesforce_Core_Framework1.hrms_payroll.NI_MonthlyCatA.NIMonthlyCat_A"/>
  <testcase name="EmpsSetup_WithAnnualSalary" time="28.904" classname="com.test.xcdhr.Salesforce_Core_Framework1.hrms_payroll.NI_MonthlyCatA.NIMonthlyCat_A"/>
  <testcase name="EmpsSetup_WithNICategory" time="19.019" classname="com.test.xcdhr.Salesforce_Core_Framework1.hrms_payroll.NI_MonthlyCatA.NIMonthlyCat_A"/>
  <testcase name="EmpsSetup_WithAnnualSalary" time="28.688" classname="com.test.xcdhr.Salesforce_Core_Framework1.hrms_payroll.NI_MonthlyCatA.NIMonthlyCat_A"/>
  <testcase name="EmpsSetup_WithAnnualSalary" time="28.766" classname="com.test.xcdhr.Salesforce_Core_Framework1.hrms_payroll.NI_MonthlyCatA.NIMonthlyCat_A"/>
</testsuite> <!-- com.test.xcdhr.Salesforce_Core_Framework1.hrms_payroll.NI_MonthlyCatA.NIMonthlyCat_A -->
