<?xml version="1.0" encoding="UTF-8"?>
<!-- Generated by org.testng.reporters.JUnitReportReporter -->
<<<<<<< HEAD
<testsuite name="com.test.xcdhr.Salesforce_Core_Framework1.hrms_payroll.NI_TwoweeklyCatA.NI2WeeklyCat_A" tests="18" time="496.932" ignored="0" failures="0" timestamp="30 Mar 2018 12:55:14 GMT" skipped="0" hostname="XCDHR_2010" errors="0">
  <testcase name="EmpsSetup_WithNICategory" time="28.633" classname="com.test.xcdhr.Salesforce_Core_Framework1.hrms_payroll.NI_TwoweeklyCatA.NI2WeeklyCat_A"/>
  <testcase name="EmpsSetup_WithAnnualSalary" time="21.253" classname="com.test.xcdhr.Salesforce_Core_Framework1.hrms_payroll.NI_TwoweeklyCatA.NI2WeeklyCat_A"/>
  <testcase name="EmpsSetup_WithAnnualSalary" time="75.079" classname="com.test.xcdhr.Salesforce_Core_Framework1.hrms_payroll.NI_TwoweeklyCatA.NI2WeeklyCat_A"/>
  <testcase name="EmpsSetup_WithNICategory" time="84.647" classname="com.test.xcdhr.Salesforce_Core_Framework1.hrms_payroll.NI_TwoweeklyCatA.NI2WeeklyCat_A"/>
  <testcase name="EmpsSetup_WithNICategory" time="17.783" classname="com.test.xcdhr.Salesforce_Core_Framework1.hrms_payroll.NI_TwoweeklyCatA.NI2WeeklyCat_A"/>
  <testcase name="EmpsSetup_WithAnnualSalary" time="20.850" classname="com.test.xcdhr.Salesforce_Core_Framework1.hrms_payroll.NI_TwoweeklyCatA.NI2WeeklyCat_A"/>
  <testcase name="EmpsSetup_WithAnnualSalary" time="21.033" classname="com.test.xcdhr.Salesforce_Core_Framework1.hrms_payroll.NI_TwoweeklyCatA.NI2WeeklyCat_A"/>
  <testcase name="EmpsSetup_WithNICategory" time="36.407" classname="com.test.xcdhr.Salesforce_Core_Framework1.hrms_payroll.NI_TwoweeklyCatA.NI2WeeklyCat_A"/>
  <testcase name="EmpsSetup_WithAnnualSalary" time="20.399" classname="com.test.xcdhr.Salesforce_Core_Framework1.hrms_payroll.NI_TwoweeklyCatA.NI2WeeklyCat_A"/>
  <testcase name="EmpsSetup_WithNICategory" time="17.793" classname="com.test.xcdhr.Salesforce_Core_Framework1.hrms_payroll.NI_TwoweeklyCatA.NI2WeeklyCat_A"/>
  <testcase name="EmpsSetup_WithNICategory" time="17.765" classname="com.test.xcdhr.Salesforce_Core_Framework1.hrms_payroll.NI_TwoweeklyCatA.NI2WeeklyCat_A"/>
  <testcase name="EmpsSetup_WithNICategory" time="17.847" classname="com.test.xcdhr.Salesforce_Core_Framework1.hrms_payroll.NI_TwoweeklyCatA.NI2WeeklyCat_A"/>
  <testcase name="EmpsSetup_WithAnnualSalary" time="19.881" classname="com.test.xcdhr.Salesforce_Core_Framework1.hrms_payroll.NI_TwoweeklyCatA.NI2WeeklyCat_A"/>
  <testcase name="EmpsSetup_WithAnnualSalary" time="21.038" classname="com.test.xcdhr.Salesforce_Core_Framework1.hrms_payroll.NI_TwoweeklyCatA.NI2WeeklyCat_A"/>
  <testcase name="EmpsSetup_WithNICategory" time="17.976" classname="com.test.xcdhr.Salesforce_Core_Framework1.hrms_payroll.NI_TwoweeklyCatA.NI2WeeklyCat_A"/>
  <testcase name="EmpsSetup_WithNICategory" time="18.609" classname="com.test.xcdhr.Salesforce_Core_Framework1.hrms_payroll.NI_TwoweeklyCatA.NI2WeeklyCat_A"/>
  <testcase name="EmpsSetup_WithAnnualSalary" time="20.095" classname="com.test.xcdhr.Salesforce_Core_Framework1.hrms_payroll.NI_TwoweeklyCatA.NI2WeeklyCat_A"/>
  <testcase name="EmpsSetup_WithAnnualSalary" time="19.844" classname="com.test.xcdhr.Salesforce_Core_Framework1.hrms_payroll.NI_TwoweeklyCatA.NI2WeeklyCat_A"/>
=======
<testsuite name="com.test.xcdhr.Salesforce_Core_Framework1.hrms_payroll.NI_TwoweeklyCatA.NI2WeeklyCat_A" tests="18" time="436.615" ignored="0" failures="0" timestamp="29 Mar 2018 10:41:07 GMT" skipped="0" hostname="DESKTOP-OAEFISL" errors="0">
  <testcase name="EmpsSetup_WithAnnualSalary" time="19.383" classname="com.test.xcdhr.Salesforce_Core_Framework1.hrms_payroll.NI_TwoweeklyCatA.NI2WeeklyCat_A"/>
  <testcase name="EmpsSetup_WithAnnualSalary" time="19.684" classname="com.test.xcdhr.Salesforce_Core_Framework1.hrms_payroll.NI_TwoweeklyCatA.NI2WeeklyCat_A"/>
  <testcase name="EmpsSetup_WithAnnualSalary" time="19.546" classname="com.test.xcdhr.Salesforce_Core_Framework1.hrms_payroll.NI_TwoweeklyCatA.NI2WeeklyCat_A"/>
  <testcase name="EmpsSetup_WithNICategory" time="81.725" classname="com.test.xcdhr.Salesforce_Core_Framework1.hrms_payroll.NI_TwoweeklyCatA.NI2WeeklyCat_A"/>
  <testcase name="EmpsSetup_WithAnnualSalary" time="62.807" classname="com.test.xcdhr.Salesforce_Core_Framework1.hrms_payroll.NI_TwoweeklyCatA.NI2WeeklyCat_A"/>
  <testcase name="EmpsSetup_WithNICategory" time="17.040" classname="com.test.xcdhr.Salesforce_Core_Framework1.hrms_payroll.NI_TwoweeklyCatA.NI2WeeklyCat_A"/>
  <testcase name="EmpsSetup_WithNICategory" time="16.766" classname="com.test.xcdhr.Salesforce_Core_Framework1.hrms_payroll.NI_TwoweeklyCatA.NI2WeeklyCat_A"/>
  <testcase name="EmpsSetup_WithNICategory" time="16.669" classname="com.test.xcdhr.Salesforce_Core_Framework1.hrms_payroll.NI_TwoweeklyCatA.NI2WeeklyCat_A"/>
  <testcase name="EmpsSetup_WithNICategory" time="16.890" classname="com.test.xcdhr.Salesforce_Core_Framework1.hrms_payroll.NI_TwoweeklyCatA.NI2WeeklyCat_A"/>
  <testcase name="EmpsSetup_WithAnnualSalary" time="19.010" classname="com.test.xcdhr.Salesforce_Core_Framework1.hrms_payroll.NI_TwoweeklyCatA.NI2WeeklyCat_A"/>
  <testcase name="EmpsSetup_WithAnnualSalary" time="19.063" classname="com.test.xcdhr.Salesforce_Core_Framework1.hrms_payroll.NI_TwoweeklyCatA.NI2WeeklyCat_A"/>
  <testcase name="EmpsSetup_WithAnnualSalary" time="19.074" classname="com.test.xcdhr.Salesforce_Core_Framework1.hrms_payroll.NI_TwoweeklyCatA.NI2WeeklyCat_A"/>
  <testcase name="EmpsSetup_WithNICategory" time="16.962" classname="com.test.xcdhr.Salesforce_Core_Framework1.hrms_payroll.NI_TwoweeklyCatA.NI2WeeklyCat_A"/>
  <testcase name="EmpsSetup_WithAnnualSalary" time="19.867" classname="com.test.xcdhr.Salesforce_Core_Framework1.hrms_payroll.NI_TwoweeklyCatA.NI2WeeklyCat_A"/>
  <testcase name="EmpsSetup_WithAnnualSalary" time="20.409" classname="com.test.xcdhr.Salesforce_Core_Framework1.hrms_payroll.NI_TwoweeklyCatA.NI2WeeklyCat_A"/>
  <testcase name="EmpsSetup_WithNICategory" time="16.845" classname="com.test.xcdhr.Salesforce_Core_Framework1.hrms_payroll.NI_TwoweeklyCatA.NI2WeeklyCat_A"/>
  <testcase name="EmpsSetup_WithNICategory" time="18.116" classname="com.test.xcdhr.Salesforce_Core_Framework1.hrms_payroll.NI_TwoweeklyCatA.NI2WeeklyCat_A"/>
  <testcase name="EmpsSetup_WithNICategory" time="16.759" classname="com.test.xcdhr.Salesforce_Core_Framework1.hrms_payroll.NI_TwoweeklyCatA.NI2WeeklyCat_A"/>
>>>>>>> branch 'master' of https://github.com/AzizMudgal/XCDHR_Payroll.git
</testsuite> <!-- com.test.xcdhr.Salesforce_Core_Framework1.hrms_payroll.NI_TwoweeklyCatA.NI2WeeklyCat_A -->
