<?xml version="1.0" encoding="UTF-8"?>
<!-- Generated by org.testng.reporters.JUnitReportReporter -->
<testsuite name="com.test.xcdhr.Salesforce_Core_Framework1.hrms_payroll.NI_weeklyCatA.NIWeeklyCat_A" tests="14" time="516.474" ignored="0" failures="0" timestamp="17 Nov 2017 03:33:23 GMT" skipped="0" hostname="ConsLeague-PC11" errors="0">
  <testcase name="EmpsSetup_WithNICategory" time="23.449" classname="com.test.xcdhr.Salesforce_Core_Framework1.hrms_payroll.NI_weeklyCatA.NIWeeklyCat_A"/>
  <testcase name="EmpsSetup_WithNICategory" time="24.284" classname="com.test.xcdhr.Salesforce_Core_Framework1.hrms_payroll.NI_weeklyCatA.NIWeeklyCat_A"/>
  <testcase name="EmpsSetup_WithAnnualSalary" time="37.810" classname="com.test.xcdhr.Salesforce_Core_Framework1.hrms_payroll.NI_weeklyCatA.NIWeeklyCat_A"/>
  <testcase name="EmpsSetup_WithAnnualSalary" time="37.562" classname="com.test.xcdhr.Salesforce_Core_Framework1.hrms_payroll.NI_weeklyCatA.NIWeeklyCat_A"/>
  <testcase name="EmpsSetup_WithNICategory" time="23.717" classname="com.test.xcdhr.Salesforce_Core_Framework1.hrms_payroll.NI_weeklyCatA.NIWeeklyCat_A"/>
  <testcase name="EmpsSetup_WithNICategory" time="92.144" classname="com.test.xcdhr.Salesforce_Core_Framework1.hrms_payroll.NI_weeklyCatA.NIWeeklyCat_A"/>
  <testcase name="EmpsSetup_WithNICategory" time="24.124" classname="com.test.xcdhr.Salesforce_Core_Framework1.hrms_payroll.NI_weeklyCatA.NIWeeklyCat_A"/>
  <testcase name="EmpsSetup_WithAnnualSalary" time="37.431" classname="com.test.xcdhr.Salesforce_Core_Framework1.hrms_payroll.NI_weeklyCatA.NIWeeklyCat_A"/>
  <testcase name="EmpsSetup_WithAnnualSalary" time="54.668" classname="com.test.xcdhr.Salesforce_Core_Framework1.hrms_payroll.NI_weeklyCatA.NIWeeklyCat_A"/>
  <testcase name="EmpsSetup_WithNICategory" time="23.883" classname="com.test.xcdhr.Salesforce_Core_Framework1.hrms_payroll.NI_weeklyCatA.NIWeeklyCat_A"/>
  <testcase name="EmpsSetup_WithAnnualSalary" time="37.474" classname="com.test.xcdhr.Salesforce_Core_Framework1.hrms_payroll.NI_weeklyCatA.NIWeeklyCat_A"/>
  <testcase name="EmpsSetup_WithAnnualSalary" time="38.378" classname="com.test.xcdhr.Salesforce_Core_Framework1.hrms_payroll.NI_weeklyCatA.NIWeeklyCat_A"/>
  <testcase name="EmpsSetup_WithNICategory" time="23.955" classname="com.test.xcdhr.Salesforce_Core_Framework1.hrms_payroll.NI_weeklyCatA.NIWeeklyCat_A"/>
  <testcase name="EmpsSetup_WithAnnualSalary" time="37.595" classname="com.test.xcdhr.Salesforce_Core_Framework1.hrms_payroll.NI_weeklyCatA.NIWeeklyCat_A"/>
</testsuite> <!-- com.test.xcdhr.Salesforce_Core_Framework1.hrms_payroll.NI_weeklyCatA.NIWeeklyCat_A -->
