<?xml version="1.0" encoding="UTF-8"?>
<!-- Generated by org.testng.reporters.JUnitReportReporter -->
<testsuite name="com.test.xcdhr.Salesforce_Core_Framework1.hrms_payroll.NI_FourweeklyCatA.NI4WeeklyCat_A" tests="18" time="674.443" ignored="0" failures="0" timestamp="27 Feb 2018 13:27:44 GMT" skipped="0" hostname="DESKTOP-OAEFISL" errors="0">
  <testcase name="EmpsSetup_WithNICategory" time="24.751" classname="com.test.xcdhr.Salesforce_Core_Framework1.hrms_payroll.NI_FourweeklyCatA.NI4WeeklyCat_A"/>
  <testcase name="EmpsSetup_WithNICategory" time="23.403" classname="com.test.xcdhr.Salesforce_Core_Framework1.hrms_payroll.NI_FourweeklyCatA.NI4WeeklyCat_A"/>
  <testcase name="EmpsSetup_WithNICategory" time="23.487" classname="com.test.xcdhr.Salesforce_Core_Framework1.hrms_payroll.NI_FourweeklyCatA.NI4WeeklyCat_A"/>
  <testcase name="EmpsSetup_WithAnnualSalary" time="32.328" classname="com.test.xcdhr.Salesforce_Core_Framework1.hrms_payroll.NI_FourweeklyCatA.NI4WeeklyCat_A"/>
  <testcase name="EmpsSetup_WithNICategory" time="24.405" classname="com.test.xcdhr.Salesforce_Core_Framework1.hrms_payroll.NI_FourweeklyCatA.NI4WeeklyCat_A"/>
  <testcase name="EmpsSetup_WithNICategory" time="24.246" classname="com.test.xcdhr.Salesforce_Core_Framework1.hrms_payroll.NI_FourweeklyCatA.NI4WeeklyCat_A"/>
  <testcase name="EmpsSetup_WithNICategory" time="141.716" classname="com.test.xcdhr.Salesforce_Core_Framework1.hrms_payroll.NI_FourweeklyCatA.NI4WeeklyCat_A"/>
  <testcase name="EmpsSetup_WithAnnualSalary" time="31.035" classname="com.test.xcdhr.Salesforce_Core_Framework1.hrms_payroll.NI_FourweeklyCatA.NI4WeeklyCat_A"/>
  <testcase name="EmpsSetup_WithAnnualSalary" time="89.817" classname="com.test.xcdhr.Salesforce_Core_Framework1.hrms_payroll.NI_FourweeklyCatA.NI4WeeklyCat_A"/>
  <testcase name="EmpsSetup_WithNICategory" time="22.782" classname="com.test.xcdhr.Salesforce_Core_Framework1.hrms_payroll.NI_FourweeklyCatA.NI4WeeklyCat_A"/>
  <testcase name="EmpsSetup_WithAnnualSalary" time="31.658" classname="com.test.xcdhr.Salesforce_Core_Framework1.hrms_payroll.NI_FourweeklyCatA.NI4WeeklyCat_A"/>
  <testcase name="EmpsSetup_WithAnnualSalary" time="32.165" classname="com.test.xcdhr.Salesforce_Core_Framework1.hrms_payroll.NI_FourweeklyCatA.NI4WeeklyCat_A"/>
  <testcase name="EmpsSetup_WithAnnualSalary" time="32.776" classname="com.test.xcdhr.Salesforce_Core_Framework1.hrms_payroll.NI_FourweeklyCatA.NI4WeeklyCat_A"/>
  <testcase name="EmpsSetup_WithNICategory" time="23.864" classname="com.test.xcdhr.Salesforce_Core_Framework1.hrms_payroll.NI_FourweeklyCatA.NI4WeeklyCat_A"/>
  <testcase name="EmpsSetup_WithAnnualSalary" time="29.413" classname="com.test.xcdhr.Salesforce_Core_Framework1.hrms_payroll.NI_FourweeklyCatA.NI4WeeklyCat_A"/>
  <testcase name="EmpsSetup_WithAnnualSalary" time="32.176" classname="com.test.xcdhr.Salesforce_Core_Framework1.hrms_payroll.NI_FourweeklyCatA.NI4WeeklyCat_A"/>
  <testcase name="EmpsSetup_WithNICategory" time="24.401" classname="com.test.xcdhr.Salesforce_Core_Framework1.hrms_payroll.NI_FourweeklyCatA.NI4WeeklyCat_A"/>
  <testcase name="EmpsSetup_WithAnnualSalary" time="30.020" classname="com.test.xcdhr.Salesforce_Core_Framework1.hrms_payroll.NI_FourweeklyCatA.NI4WeeklyCat_A"/>
</testsuite> <!-- com.test.xcdhr.Salesforce_Core_Framework1.hrms_payroll.NI_FourweeklyCatA.NI4WeeklyCat_A -->
