<?xml version="1.0" encoding="UTF-8"?>
<!-- Generated by org.testng.reporters.JUnitReportReporter -->
<testsuite name="com.test.xcdhr.Salesforce_Core_Framework1.hrms_payroll.IncomeTax_TCMnth1_204045VarblePayAnd50RL.GeneralTaxRateMonthly" tests="10" time="411.819" ignored="0" failures="0" timestamp="14 Dec 2017 08:31:05 GMT" skipped="0" hostname="ConsLeague-PC11" errors="0">
  <testcase name="EmpsSetup_ForMonthlyTaxRate" time="36.679" classname="com.test.xcdhr.Salesforce_Core_Framework1.hrms_payroll.IncomeTax_TCMnth1_204045VarblePayAnd50RL.GeneralTaxRateMonthly"/>
  <testcase name="EmpsSetup_WithAnnualSalary" time="32.817" classname="com.test.xcdhr.Salesforce_Core_Framework1.hrms_payroll.IncomeTax_TCMnth1_204045VarblePayAnd50RL.GeneralTaxRateMonthly"/>
  <testcase name="EmpsSetup_WithAnnualSalary" time="33.127" classname="com.test.xcdhr.Salesforce_Core_Framework1.hrms_payroll.IncomeTax_TCMnth1_204045VarblePayAnd50RL.GeneralTaxRateMonthly"/>
  <testcase name="EmpsSetup_WithAnnualSalary" time="33.596" classname="com.test.xcdhr.Salesforce_Core_Framework1.hrms_payroll.IncomeTax_TCMnth1_204045VarblePayAnd50RL.GeneralTaxRateMonthly"/>
  <testcase name="EmpsSetup_ForMonthlyTaxRate" time="81.100" classname="com.test.xcdhr.Salesforce_Core_Framework1.hrms_payroll.IncomeTax_TCMnth1_204045VarblePayAnd50RL.GeneralTaxRateMonthly"/>
  <testcase name="EmpsSetup_ForMonthlyTaxRate" time="36.675" classname="com.test.xcdhr.Salesforce_Core_Framework1.hrms_payroll.IncomeTax_TCMnth1_204045VarblePayAnd50RL.GeneralTaxRateMonthly"/>
  <testcase name="EmpsSetup_ForMonthlyTaxRate" time="37.368" classname="com.test.xcdhr.Salesforce_Core_Framework1.hrms_payroll.IncomeTax_TCMnth1_204045VarblePayAnd50RL.GeneralTaxRateMonthly"/>
  <testcase name="EmpsSetup_WithAnnualSalary" time="32.245" classname="com.test.xcdhr.Salesforce_Core_Framework1.hrms_payroll.IncomeTax_TCMnth1_204045VarblePayAnd50RL.GeneralTaxRateMonthly"/>
  <testcase name="EmpsSetup_ForMonthlyTaxRate" time="37.060" classname="com.test.xcdhr.Salesforce_Core_Framework1.hrms_payroll.IncomeTax_TCMnth1_204045VarblePayAnd50RL.GeneralTaxRateMonthly"/>
  <testcase name="EmpsSetup_WithAnnualSalary" time="51.152" classname="com.test.xcdhr.Salesforce_Core_Framework1.hrms_payroll.IncomeTax_TCMnth1_204045VarblePayAnd50RL.GeneralTaxRateMonthly"/>
</testsuite> <!-- com.test.xcdhr.Salesforce_Core_Framework1.hrms_payroll.IncomeTax_TCMnth1_204045VarblePayAnd50RL.GeneralTaxRateMonthly -->
