<?xml version="1.0" encoding="UTF-8"?>
<!-- Generated by org.testng.reporters.JUnitReportReporter -->
<testsuite name="com.test.xcdhr.Salesforce_Core_Framework1.hrms_payroll.IncomeTax_TCMnth1_204045VarblePayAnd50RL.GeneralTaxRateMonthly" tests="10" time="354.348" ignored="0" failures="0" timestamp="08 Dec 2017 13:53:12 GMT" skipped="0" hostname="ConsLeague-PC11" errors="0">
  <testcase name="EmpsSetup_ForMonthlyTaxRate" time="26.488" classname="com.test.xcdhr.Salesforce_Core_Framework1.hrms_payroll.IncomeTax_TCMnth1_204045VarblePayAnd50RL.GeneralTaxRateMonthly"/>
  <testcase name="EmpsSetup_WithAnnualSalary" time="22.790" classname="com.test.xcdhr.Salesforce_Core_Framework1.hrms_payroll.IncomeTax_TCMnth1_204045VarblePayAnd50RL.GeneralTaxRateMonthly"/>
  <testcase name="EmpsSetup_ForMonthlyTaxRate" time="26.883" classname="com.test.xcdhr.Salesforce_Core_Framework1.hrms_payroll.IncomeTax_TCMnth1_204045VarblePayAnd50RL.GeneralTaxRateMonthly"/>
  <testcase name="EmpsSetup_ForMonthlyTaxRate" time="100.689" classname="com.test.xcdhr.Salesforce_Core_Framework1.hrms_payroll.IncomeTax_TCMnth1_204045VarblePayAnd50RL.GeneralTaxRateMonthly"/>
  <testcase name="EmpsSetup_ForMonthlyTaxRate" time="26.646" classname="com.test.xcdhr.Salesforce_Core_Framework1.hrms_payroll.IncomeTax_TCMnth1_204045VarblePayAnd50RL.GeneralTaxRateMonthly"/>
  <testcase name="EmpsSetup_WithAnnualSalary" time="23.404" classname="com.test.xcdhr.Salesforce_Core_Framework1.hrms_payroll.IncomeTax_TCMnth1_204045VarblePayAnd50RL.GeneralTaxRateMonthly"/>
  <testcase name="EmpsSetup_WithAnnualSalary" time="54.571" classname="com.test.xcdhr.Salesforce_Core_Framework1.hrms_payroll.IncomeTax_TCMnth1_204045VarblePayAnd50RL.GeneralTaxRateMonthly"/>
  <testcase name="EmpsSetup_WithAnnualSalary" time="22.845" classname="com.test.xcdhr.Salesforce_Core_Framework1.hrms_payroll.IncomeTax_TCMnth1_204045VarblePayAnd50RL.GeneralTaxRateMonthly"/>
  <testcase name="EmpsSetup_WithAnnualSalary" time="22.763" classname="com.test.xcdhr.Salesforce_Core_Framework1.hrms_payroll.IncomeTax_TCMnth1_204045VarblePayAnd50RL.GeneralTaxRateMonthly"/>
  <testcase name="EmpsSetup_ForMonthlyTaxRate" time="27.269" classname="com.test.xcdhr.Salesforce_Core_Framework1.hrms_payroll.IncomeTax_TCMnth1_204045VarblePayAnd50RL.GeneralTaxRateMonthly"/>
</testsuite> <!-- com.test.xcdhr.Salesforce_Core_Framework1.hrms_payroll.IncomeTax_TCMnth1_204045VarblePayAnd50RL.GeneralTaxRateMonthly -->
