<?xml version="1.0" encoding="UTF-8"?>
<!-- Generated by org.testng.reporters.JUnitReportReporter -->
<testsuite name="com.test.xcdhr.Salesforce_Core_Framework1.hrms_payroll.IncomeTax_TCMnth3LDOD1BRNTOTK50RL.GeneralTaxRateMonthly" tests="10" time="283.803" ignored="0" failures="0" timestamp="21 Sep 2017 07:59:56 GMT" skipped="0" hostname="DESKTOP-OAEFISL" errors="0">
  <testcase name="EmpsSetup_ForMonthlyTaxRate" time="26.329" classname="com.test.xcdhr.Salesforce_Core_Framework1.hrms_payroll.IncomeTax_TCMnth3LDOD1BRNTOTK50RL.GeneralTaxRateMonthly"/>
  <testcase name="EmpsSetup_ForMonthlyTaxRate" time="27.325" classname="com.test.xcdhr.Salesforce_Core_Framework1.hrms_payroll.IncomeTax_TCMnth3LDOD1BRNTOTK50RL.GeneralTaxRateMonthly"/>
  <testcase name="EmpsSetup_WithAnnualSalary" time="19.307" classname="com.test.xcdhr.Salesforce_Core_Framework1.hrms_payroll.IncomeTax_TCMnth3LDOD1BRNTOTK50RL.GeneralTaxRateMonthly"/>
  <testcase name="EmpsSetup_WithAnnualSalary" time="22.178" classname="com.test.xcdhr.Salesforce_Core_Framework1.hrms_payroll.IncomeTax_TCMnth3LDOD1BRNTOTK50RL.GeneralTaxRateMonthly"/>
  <testcase name="EmpsSetup_ForMonthlyTaxRate" time="67.827" classname="com.test.xcdhr.Salesforce_Core_Framework1.hrms_payroll.IncomeTax_TCMnth3LDOD1BRNTOTK50RL.GeneralTaxRateMonthly"/>
  <testcase name="EmpsSetup_ForMonthlyTaxRate" time="22.984" classname="com.test.xcdhr.Salesforce_Core_Framework1.hrms_payroll.IncomeTax_TCMnth3LDOD1BRNTOTK50RL.GeneralTaxRateMonthly"/>
  <testcase name="EmpsSetup_WithAnnualSalary" time="19.850" classname="com.test.xcdhr.Salesforce_Core_Framework1.hrms_payroll.IncomeTax_TCMnth3LDOD1BRNTOTK50RL.GeneralTaxRateMonthly"/>
  <testcase name="EmpsSetup_WithAnnualSalary" time="23.280" classname="com.test.xcdhr.Salesforce_Core_Framework1.hrms_payroll.IncomeTax_TCMnth3LDOD1BRNTOTK50RL.GeneralTaxRateMonthly"/>
  <testcase name="EmpsSetup_ForMonthlyTaxRate" time="23.359" classname="com.test.xcdhr.Salesforce_Core_Framework1.hrms_payroll.IncomeTax_TCMnth3LDOD1BRNTOTK50RL.GeneralTaxRateMonthly"/>
  <testcase name="EmpsSetup_WithAnnualSalary" time="31.364" classname="com.test.xcdhr.Salesforce_Core_Framework1.hrms_payroll.IncomeTax_TCMnth3LDOD1BRNTOTK50RL.GeneralTaxRateMonthly"/>
</testsuite> <!-- com.test.xcdhr.Salesforce_Core_Framework1.hrms_payroll.IncomeTax_TCMnth3LDOD1BRNTOTK50RL.GeneralTaxRateMonthly -->
