<?xml version="1.0" encoding="UTF-8"?>
<!-- Generated by org.testng.reporters.JUnitReportReporter -->
<testsuite name="com.test.xcdhr.Salesforce_Core_Framework1.hrms_payroll.NI_MonthlyCatA.NIMonthlyCat_A" tests="18" time="619.904" ignored="0" failures="0" timestamp="01 Jun 2018 06:53:31 GMT" skipped="0" hostname="DESKTOP-OAEFISL" errors="0">
  <testcase name="EmpsSetup_WithAnnualSalary" time="30.029" classname="com.test.xcdhr.Salesforce_Core_Framework1.hrms_payroll.NI_MonthlyCatA.NIMonthlyCat_A"/>
  <testcase name="EmpsSetup_WithNICategory" time="21.422" classname="com.test.xcdhr.Salesforce_Core_Framework1.hrms_payroll.NI_MonthlyCatA.NIMonthlyCat_A"/>
  <testcase name="EmpsSetup_WithNICategory" time="138.817" classname="com.test.xcdhr.Salesforce_Core_Framework1.hrms_payroll.NI_MonthlyCatA.NIMonthlyCat_A"/>
  <testcase name="EmpsSetup_WithNICategory" time="21.321" classname="com.test.xcdhr.Salesforce_Core_Framework1.hrms_payroll.NI_MonthlyCatA.NIMonthlyCat_A"/>
  <testcase name="EmpsSetup_WithNICategory" time="22.037" classname="com.test.xcdhr.Salesforce_Core_Framework1.hrms_payroll.NI_MonthlyCatA.NIMonthlyCat_A"/>
  <testcase name="EmpsSetup_WithNICategory" time="21.650" classname="com.test.xcdhr.Salesforce_Core_Framework1.hrms_payroll.NI_MonthlyCatA.NIMonthlyCat_A"/>
  <testcase name="EmpsSetup_WithNICategory" time="21.820" classname="com.test.xcdhr.Salesforce_Core_Framework1.hrms_payroll.NI_MonthlyCatA.NIMonthlyCat_A"/>
  <testcase name="EmpsSetup_WithNICategory" time="22.067" classname="com.test.xcdhr.Salesforce_Core_Framework1.hrms_payroll.NI_MonthlyCatA.NIMonthlyCat_A"/>
  <testcase name="EmpsSetup_WithAnnualSalary" time="28.836" classname="com.test.xcdhr.Salesforce_Core_Framework1.hrms_payroll.NI_MonthlyCatA.NIMonthlyCat_A"/>
  <testcase name="EmpsSetup_WithAnnualSalary" time="28.811" classname="com.test.xcdhr.Salesforce_Core_Framework1.hrms_payroll.NI_MonthlyCatA.NIMonthlyCat_A"/>
  <testcase name="EmpsSetup_WithNICategory" time="21.664" classname="com.test.xcdhr.Salesforce_Core_Framework1.hrms_payroll.NI_MonthlyCatA.NIMonthlyCat_A"/>
  <testcase name="EmpsSetup_WithAnnualSalary" time="29.124" classname="com.test.xcdhr.Salesforce_Core_Framework1.hrms_payroll.NI_MonthlyCatA.NIMonthlyCat_A"/>
  <testcase name="EmpsSetup_WithNICategory" time="22.131" classname="com.test.xcdhr.Salesforce_Core_Framework1.hrms_payroll.NI_MonthlyCatA.NIMonthlyCat_A"/>
  <testcase name="EmpsSetup_WithAnnualSalary" time="29.109" classname="com.test.xcdhr.Salesforce_Core_Framework1.hrms_payroll.NI_MonthlyCatA.NIMonthlyCat_A"/>
  <testcase name="EmpsSetup_WithAnnualSalary" time="28.682" classname="com.test.xcdhr.Salesforce_Core_Framework1.hrms_payroll.NI_MonthlyCatA.NIMonthlyCat_A"/>
  <testcase name="EmpsSetup_WithAnnualSalary" time="28.789" classname="com.test.xcdhr.Salesforce_Core_Framework1.hrms_payroll.NI_MonthlyCatA.NIMonthlyCat_A"/>
  <testcase name="EmpsSetup_WithAnnualSalary" time="28.520" classname="com.test.xcdhr.Salesforce_Core_Framework1.hrms_payroll.NI_MonthlyCatA.NIMonthlyCat_A"/>
  <testcase name="EmpsSetup_WithAnnualSalary" time="75.075" classname="com.test.xcdhr.Salesforce_Core_Framework1.hrms_payroll.NI_MonthlyCatA.NIMonthlyCat_A"/>
</testsuite> <!-- com.test.xcdhr.Salesforce_Core_Framework1.hrms_payroll.NI_MonthlyCatA.NIMonthlyCat_A -->
