<?xml version="1.0" encoding="UTF-8"?>
<!-- Generated by org.testng.reporters.JUnitReportReporter -->
<testsuite name="com.test.xcdhr.Salesforce_Core_Framework1.hrms_payroll.NI_FourweeklyCatA.TestReports" tests="1" time="170.088" ignored="0" failures="0" timestamp="01 Jun 2018 18:42:09 GMT" skipped="0" hostname="DESKTOP-OAEFISL" errors="0">
  <testcase name="EmpsPayroll_Setup_ForIncomeTax" time="170.088" classname="com.test.xcdhr.Salesforce_Core_Framework1.hrms_payroll.NI_FourweeklyCatA.TestReports"/>
</testsuite> <!-- com.test.xcdhr.Salesforce_Core_Framework1.hrms_payroll.NI_FourweeklyCatA.TestReports -->
