<?xml version="1.0" encoding="UTF-8"?>
<!-- Generated by org.testng.reporters.JUnitReportReporter -->
<testsuite name="com.test.xcdhr.Salesforce_Core_Framework1.hrms_payroll.NI_DirctorReachesPensionAgeMonth1.NIDirector_ReachsPensonAgeMnth1" tests="2" time="244.726" ignored="0" failures="0" timestamp="02 Mar 2018 09:16:52 GMT" skipped="0" hostname="DESKTOP-OAEFISL" errors="0">
  <testcase name="EmpsSetup_WithNICategory" time="160.108" classname="com.test.xcdhr.Salesforce_Core_Framework1.hrms_payroll.NI_DirctorReachesPensionAgeMonth1.NIDirector_ReachsPensonAgeMnth1"/>
  <testcase name="EmpsSetup_WithAnnualSalary" time="84.618" classname="com.test.xcdhr.Salesforce_Core_Framework1.hrms_payroll.NI_DirctorReachesPensionAgeMonth1.NIDirector_ReachsPensonAgeMnth1"/>
</testsuite> <!-- com.test.xcdhr.Salesforce_Core_Framework1.hrms_payroll.NI_DirctorReachesPensionAgeMonth1.NIDirector_ReachsPensonAgeMnth1 -->
