<?xml version="1.0" encoding="UTF-8"?>
<!-- Generated by org.testng.reporters.JUnitReportReporter -->
<testsuite name="com.test.xcdhr.Salesforce_Core_Framework1.hrms_payroll.Payroll_Suite_NIDirector_Prorata_Month2.NIDirector_ProrataMonth2" tests="2" time="217.381" ignored="0" failures="0" timestamp="29 Dec 2017 10:48:01 GMT" skipped="0" hostname="DESKTOP-OAEFISL" errors="0">
  <testcase name="EmpsSetup_WithAnnualSalary" time="74.122" classname="com.test.xcdhr.Salesforce_Core_Framework1.hrms_payroll.Payroll_Suite_NIDirector_Prorata_Month2.NIDirector_ProrataMonth2"/>
  <testcase name="EmpsSetup_WithNICategory" time="143.259" classname="com.test.xcdhr.Salesforce_Core_Framework1.hrms_payroll.Payroll_Suite_NIDirector_Prorata_Month2.NIDirector_ProrataMonth2"/>
</testsuite> <!-- com.test.xcdhr.Salesforce_Core_Framework1.hrms_payroll.Payroll_Suite_NIDirector_Prorata_Month2.NIDirector_ProrataMonth2 -->
