<?xml version="1.0" encoding="UTF-8"?>
<!-- Generated by org.testng.reporters.JUnitReportReporter -->
<testsuite name="com.test.xcdhr.Salesforce_Core_Framework1.hrms_payroll.hrms_Payroll_SAP_Statutory_Scenario.ProcessPayrollForAugustMonthSAP" tests="1" time="429.748" ignored="0" failures="0" timestamp="08 Dec 2017 05:31:59 GMT" skipped="0" hostname="ConsLeague-PC11" errors="0">
  <testcase name="EmpsPayroll_Setup_ForIncomeTax" time="429.748" classname="com.test.xcdhr.Salesforce_Core_Framework1.hrms_payroll.hrms_Payroll_SAP_Statutory_Scenario.ProcessPayrollForAugustMonthSAP"/>
</testsuite> <!-- com.test.xcdhr.Salesforce_Core_Framework1.hrms_payroll.hrms_Payroll_SAP_Statutory_Scenario.ProcessPayrollForAugustMonthSAP -->
