<?xml version="1.0" encoding="UTF-8"?>
<!-- Generated by org.testng.reporters.JUnitReportReporter -->
<testsuite name="com.test.xcdhr.Salesforce_Core_Framework1.hrms_payroll.NI_MonthlyCatC.NIMonthlyCat_C" tests="10" time="366.097" ignored="0" failures="0" timestamp="20 Dec 2017 12:02:22 GMT" skipped="0" hostname="DESKTOP-OAEFISL" errors="0">
  <testcase name="EmpsSetup_WithNICategory" time="73.036" classname="com.test.xcdhr.Salesforce_Core_Framework1.hrms_payroll.NI_MonthlyCatC.NIMonthlyCat_C"/>
  <testcase name="EmpsSetup_WithNICategory" time="22.140" classname="com.test.xcdhr.Salesforce_Core_Framework1.hrms_payroll.NI_MonthlyCatC.NIMonthlyCat_C"/>
  <testcase name="EmpsSetup_WithNICategory" time="22.615" classname="com.test.xcdhr.Salesforce_Core_Framework1.hrms_payroll.NI_MonthlyCatC.NIMonthlyCat_C"/>
  <testcase name="EmpsSetup_WithAnnualSalary" time="31.285" classname="com.test.xcdhr.Salesforce_Core_Framework1.hrms_payroll.NI_MonthlyCatC.NIMonthlyCat_C"/>
  <testcase name="EmpsSetup_WithNICategory" time="22.706" classname="com.test.xcdhr.Salesforce_Core_Framework1.hrms_payroll.NI_MonthlyCatC.NIMonthlyCat_C"/>
  <testcase name="EmpsSetup_WithAnnualSalary" time="31.093" classname="com.test.xcdhr.Salesforce_Core_Framework1.hrms_payroll.NI_MonthlyCatC.NIMonthlyCat_C"/>
  <testcase name="EmpsSetup_WithNICategory" time="23.099" classname="com.test.xcdhr.Salesforce_Core_Framework1.hrms_payroll.NI_MonthlyCatC.NIMonthlyCat_C"/>
  <testcase name="EmpsSetup_WithAnnualSalary" time="77.446" classname="com.test.xcdhr.Salesforce_Core_Framework1.hrms_payroll.NI_MonthlyCatC.NIMonthlyCat_C"/>
  <testcase name="EmpsSetup_WithAnnualSalary" time="31.222" classname="com.test.xcdhr.Salesforce_Core_Framework1.hrms_payroll.NI_MonthlyCatC.NIMonthlyCat_C"/>
  <testcase name="EmpsSetup_WithAnnualSalary" time="31.455" classname="com.test.xcdhr.Salesforce_Core_Framework1.hrms_payroll.NI_MonthlyCatC.NIMonthlyCat_C"/>
</testsuite> <!-- com.test.xcdhr.Salesforce_Core_Framework1.hrms_payroll.NI_MonthlyCatC.NIMonthlyCat_C -->
