<?xml version="1.0" encoding="UTF-8"?>
<!-- Generated by org.testng.reporters.JUnitReportReporter -->
<testsuite name="com.test.xcdhr.Salesforce_Core_Framework1.hrms_payroll.NI_MonthlyCatC.NIMonthlyCat_C" tests="10" time="431.224" ignored="0" failures="0" timestamp="09 Apr 2018 11:38:47 GMT" skipped="0" hostname="DESKTOP-OAEFISL" errors="0">
  <testcase name="EmpsSetup_WithNICategory" time="22.411" classname="com.test.xcdhr.Salesforce_Core_Framework1.hrms_payroll.NI_MonthlyCatC.NIMonthlyCat_C"/>
  <testcase name="EmpsSetup_WithAnnualSalary" time="31.292" classname="com.test.xcdhr.Salesforce_Core_Framework1.hrms_payroll.NI_MonthlyCatC.NIMonthlyCat_C"/>
  <testcase name="EmpsSetup_WithNICategory" time="22.027" classname="com.test.xcdhr.Salesforce_Core_Framework1.hrms_payroll.NI_MonthlyCatC.NIMonthlyCat_C"/>
  <testcase name="EmpsSetup_WithAnnualSalary" time="31.484" classname="com.test.xcdhr.Salesforce_Core_Framework1.hrms_payroll.NI_MonthlyCatC.NIMonthlyCat_C"/>
  <testcase name="EmpsSetup_WithAnnualSalary" time="31.475" classname="com.test.xcdhr.Salesforce_Core_Framework1.hrms_payroll.NI_MonthlyCatC.NIMonthlyCat_C"/>
  <testcase name="EmpsSetup_WithAnnualSalary" time="77.093" classname="com.test.xcdhr.Salesforce_Core_Framework1.hrms_payroll.NI_MonthlyCatC.NIMonthlyCat_C"/>
  <testcase name="EmpsSetup_WithAnnualSalary" time="31.315" classname="com.test.xcdhr.Salesforce_Core_Framework1.hrms_payroll.NI_MonthlyCatC.NIMonthlyCat_C"/>
  <testcase name="EmpsSetup_WithNICategory" time="22.000" classname="com.test.xcdhr.Salesforce_Core_Framework1.hrms_payroll.NI_MonthlyCatC.NIMonthlyCat_C"/>
  <testcase name="EmpsSetup_WithNICategory" time="22.293" classname="com.test.xcdhr.Salesforce_Core_Framework1.hrms_payroll.NI_MonthlyCatC.NIMonthlyCat_C"/>
  <testcase name="EmpsSetup_WithNICategory" time="139.834" classname="com.test.xcdhr.Salesforce_Core_Framework1.hrms_payroll.NI_MonthlyCatC.NIMonthlyCat_C"/>
</testsuite> <!-- com.test.xcdhr.Salesforce_Core_Framework1.hrms_payroll.NI_MonthlyCatC.NIMonthlyCat_C -->
