<?xml version="1.0" encoding="UTF-8"?>
<!-- Generated by org.testng.reporters.JUnitReportReporter -->
<testsuite name="com.test.xcdhr.Salesforce_Core_Framework1.hrms_payroll.NI_DirctorReachesPensionAgeMonth1.PayrollForNIDirctrAsRandPApril" tests="1" time="432.588" ignored="0" failures="0" timestamp="29 Dec 2017 12:26:37 GMT" skipped="0" hostname="ConsLeague-PC11" errors="0">
  <testcase name="EmpsPayroll_Setup_ForIncomeTax" time="432.588" classname="com.test.xcdhr.Salesforce_Core_Framework1.hrms_payroll.NI_DirctorReachesPensionAgeMonth1.PayrollForNIDirctrAsRandPApril"/>
</testsuite> <!-- com.test.xcdhr.Salesforce_Core_Framework1.hrms_payroll.NI_DirctorReachesPensionAgeMonth1.PayrollForNIDirctrAsRandPApril -->
