<?xml version="1.0" encoding="UTF-8"?>
<!-- Generated by org.testng.reporters.JUnitReportReporter -->
<<<<<<< HEAD
<testsuite name="com.test.xcdhr.Salesforce_Core_Framework1.hrms_payroll.NI_weeklyCatA.TestReports" tests="1" time="125.965" ignored="0" failures="0" timestamp="30 Mar 2018 13:20:53 GMT" skipped="0" hostname="XCDHR_2010" errors="0">
  <testcase name="EmpsPayroll_Setup_ForIncomeTax" time="125.965" classname="com.test.xcdhr.Salesforce_Core_Framework1.hrms_payroll.NI_weeklyCatA.TestReports"/>
=======
<testsuite name="com.test.xcdhr.Salesforce_Core_Framework1.hrms_payroll.NI_weeklyCatA.TestReports" tests="1" time="105.322" ignored="0" failures="0" timestamp="29 Mar 2018 09:33:11 GMT" skipped="0" hostname="DESKTOP-OAEFISL" errors="0">
  <testcase name="EmpsPayroll_Setup_ForIncomeTax" time="105.322" classname="com.test.xcdhr.Salesforce_Core_Framework1.hrms_payroll.NI_weeklyCatA.TestReports"/>
>>>>>>> branch 'master' of https://github.com/AzizMudgal/XCDHR_Payroll.git
</testsuite> <!-- com.test.xcdhr.Salesforce_Core_Framework1.hrms_payroll.NI_weeklyCatA.TestReports -->
