<?xml version="1.0" encoding="UTF-8"?>
<!-- Generated by org.testng.reporters.JUnitReportReporter -->
<testsuite name="com.test.xcdhr.Salesforce_Core_Framework1.hrms_payroll.NI_DirctorReachesPensionAgeMonth1.NIDirector_ReachsPensonAgeMnth1" tests="2" time="156.991" ignored="0" failures="0" timestamp="22 Sep 2017 07:53:46 GMT" skipped="0" hostname="DESKTOP-OAEFISL" errors="0">
  <testcase name="EmpsSetup_WithNICategory" time="124.799" classname="com.test.xcdhr.Salesforce_Core_Framework1.hrms_payroll.NI_DirctorReachesPensionAgeMonth1.NIDirector_ReachsPensonAgeMnth1"/>
  <testcase name="EmpsSetup_WithAnnualSalary" time="32.192" classname="com.test.xcdhr.Salesforce_Core_Framework1.hrms_payroll.NI_DirctorReachesPensionAgeMonth1.NIDirector_ReachsPensonAgeMnth1"/>
</testsuite> <!-- com.test.xcdhr.Salesforce_Core_Framework1.hrms_payroll.NI_DirctorReachesPensionAgeMonth1.NIDirector_ReachsPensonAgeMnth1 -->
