<?xml version="1.0" encoding="UTF-8"?>
<!-- Generated by org.testng.reporters.JUnitReportReporter -->
<testsuite name="com.test.xcdhr.Salesforce_Core_Framework1.hrms_payroll.NI_FourweeklyCatA.NI4WeeklyCat_A" tests="18" time="436.810" ignored="0" failures="0" timestamp="21 Sep 2017 06:37:20 GMT" skipped="0" hostname="DESKTOP-OAEFISL" errors="0">
  <testcase name="EmpsSetup_WithAnnualSalary" time="19.324" classname="com.test.xcdhr.Salesforce_Core_Framework1.hrms_payroll.NI_FourweeklyCatA.NI4WeeklyCat_A"/>
  <testcase name="EmpsSetup_WithAnnualSalary" time="19.681" classname="com.test.xcdhr.Salesforce_Core_Framework1.hrms_payroll.NI_FourweeklyCatA.NI4WeeklyCat_A"/>
  <testcase name="EmpsSetup_WithAnnualSalary" time="34.367" classname="com.test.xcdhr.Salesforce_Core_Framework1.hrms_payroll.NI_FourweeklyCatA.NI4WeeklyCat_A"/>
  <testcase name="EmpsSetup_WithAnnualSalary" time="18.495" classname="com.test.xcdhr.Salesforce_Core_Framework1.hrms_payroll.NI_FourweeklyCatA.NI4WeeklyCat_A"/>
  <testcase name="EmpsSetup_WithAnnualSalary" time="19.073" classname="com.test.xcdhr.Salesforce_Core_Framework1.hrms_payroll.NI_FourweeklyCatA.NI4WeeklyCat_A"/>
  <testcase name="EmpsSetup_WithNICategory" time="28.708" classname="com.test.xcdhr.Salesforce_Core_Framework1.hrms_payroll.NI_FourweeklyCatA.NI4WeeklyCat_A"/>
  <testcase name="EmpsSetup_WithAnnualSalary" time="19.894" classname="com.test.xcdhr.Salesforce_Core_Framework1.hrms_payroll.NI_FourweeklyCatA.NI4WeeklyCat_A"/>
  <testcase name="EmpsSetup_WithAnnualSalary" time="19.498" classname="com.test.xcdhr.Salesforce_Core_Framework1.hrms_payroll.NI_FourweeklyCatA.NI4WeeklyCat_A"/>
  <testcase name="EmpsSetup_WithNICategory" time="15.882" classname="com.test.xcdhr.Salesforce_Core_Framework1.hrms_payroll.NI_FourweeklyCatA.NI4WeeklyCat_A"/>
  <testcase name="EmpsSetup_WithNICategory" time="30.991" classname="com.test.xcdhr.Salesforce_Core_Framework1.hrms_payroll.NI_FourweeklyCatA.NI4WeeklyCat_A"/>
  <testcase name="EmpsSetup_WithNICategory" time="22.398" classname="com.test.xcdhr.Salesforce_Core_Framework1.hrms_payroll.NI_FourweeklyCatA.NI4WeeklyCat_A"/>
  <testcase name="EmpsSetup_WithNICategory" time="24.498" classname="com.test.xcdhr.Salesforce_Core_Framework1.hrms_payroll.NI_FourweeklyCatA.NI4WeeklyCat_A"/>
  <testcase name="EmpsSetup_WithNICategory" time="20.142" classname="com.test.xcdhr.Salesforce_Core_Framework1.hrms_payroll.NI_FourweeklyCatA.NI4WeeklyCat_A"/>
  <testcase name="EmpsSetup_WithNICategory" time="18.030" classname="com.test.xcdhr.Salesforce_Core_Framework1.hrms_payroll.NI_FourweeklyCatA.NI4WeeklyCat_A"/>
  <testcase name="EmpsSetup_WithNICategory" time="26.936" classname="com.test.xcdhr.Salesforce_Core_Framework1.hrms_payroll.NI_FourweeklyCatA.NI4WeeklyCat_A"/>
  <testcase name="EmpsSetup_WithNICategory" time="60.011" classname="com.test.xcdhr.Salesforce_Core_Framework1.hrms_payroll.NI_FourweeklyCatA.NI4WeeklyCat_A"/>
  <testcase name="EmpsSetup_WithAnnualSalary" time="19.684" classname="com.test.xcdhr.Salesforce_Core_Framework1.hrms_payroll.NI_FourweeklyCatA.NI4WeeklyCat_A"/>
  <testcase name="EmpsSetup_WithAnnualSalary" time="19.198" classname="com.test.xcdhr.Salesforce_Core_Framework1.hrms_payroll.NI_FourweeklyCatA.NI4WeeklyCat_A"/>
</testsuite> <!-- com.test.xcdhr.Salesforce_Core_Framework1.hrms_payroll.NI_FourweeklyCatA.NI4WeeklyCat_A -->
