<?xml version="1.0" encoding="UTF-8"?>
<!-- Generated by org.testng.reporters.JUnitReportReporter -->
<testsuite name="com.test.xcdhr.Salesforce_Core_Framework1.hrms_payroll.NI_hrms_payroll.NI_DirectorAsEmployeeMonth1.NIDirector_AsEmp" tests="2" time="293.457" ignored="0" failures="0" timestamp="29 Dec 2017 06:59:37 GMT" skipped="0" hostname="DESKTOP-OAEFISL" errors="0">
  <testcase name="EmpsSetup_WithNICategory" time="181.548" classname="com.test.xcdhr.Salesforce_Core_Framework1.hrms_payroll.NI_hrms_payroll.NI_DirectorAsEmployeeMonth1.NIDirector_AsEmp"/>
  <testcase name="EmpsSetup_WithAnnualSalary" time="111.909" classname="com.test.xcdhr.Salesforce_Core_Framework1.hrms_payroll.NI_hrms_payroll.NI_DirectorAsEmployeeMonth1.NIDirector_AsEmp"/>
</testsuite> <!-- com.test.xcdhr.Salesforce_Core_Framework1.hrms_payroll.NI_hrms_payroll.NI_DirectorAsEmployeeMonth1.NIDirector_AsEmp -->
