<?xml version="1.0" encoding="UTF-8"?>
<!-- Generated by org.testng.reporters.JUnitReportReporter -->
<testsuite name="com.test.xcdhr.Salesforce_Core_Framework1.hrms_payroll.NI_weeklyCatB.NIWeeklyCat_B" tests="18" time="604.731" ignored="0" failures="0" timestamp="29 Mar 2018 09:59:06 GMT" skipped="0" hostname="DESKTOP-OAEFISL" errors="0">
  <testcase name="EmpsSetup_WithNICategory" time="24.771" classname="com.test.xcdhr.Salesforce_Core_Framework1.hrms_payroll.NI_weeklyCatB.NIWeeklyCat_B"/>
  <testcase name="EmpsSetup_WithNICategory" time="24.939" classname="com.test.xcdhr.Salesforce_Core_Framework1.hrms_payroll.NI_weeklyCatB.NIWeeklyCat_B"/>
  <testcase name="EmpsSetup_WithAnnualSalary" time="34.941" classname="com.test.xcdhr.Salesforce_Core_Framework1.hrms_payroll.NI_weeklyCatB.NIWeeklyCat_B"/>
  <testcase name="EmpsSetup_WithNICategory" time="24.496" classname="com.test.xcdhr.Salesforce_Core_Framework1.hrms_payroll.NI_weeklyCatB.NIWeeklyCat_B"/>
  <testcase name="EmpsSetup_WithAnnualSalary" time="35.823" classname="com.test.xcdhr.Salesforce_Core_Framework1.hrms_payroll.NI_weeklyCatB.NIWeeklyCat_B"/>
  <testcase name="EmpsSetup_WithAnnualSalary" time="34.677" classname="com.test.xcdhr.Salesforce_Core_Framework1.hrms_payroll.NI_weeklyCatB.NIWeeklyCat_B"/>
  <testcase name="EmpsSetup_WithNICategory" time="26.345" classname="com.test.xcdhr.Salesforce_Core_Framework1.hrms_payroll.NI_weeklyCatB.NIWeeklyCat_B"/>
  <testcase name="EmpsSetup_WithAnnualSalary" time="34.607" classname="com.test.xcdhr.Salesforce_Core_Framework1.hrms_payroll.NI_weeklyCatB.NIWeeklyCat_B"/>
  <testcase name="EmpsSetup_WithNICategory" time="71.916" classname="com.test.xcdhr.Salesforce_Core_Framework1.hrms_payroll.NI_weeklyCatB.NIWeeklyCat_B"/>
  <testcase name="EmpsSetup_WithAnnualSalary" time="36.144" classname="com.test.xcdhr.Salesforce_Core_Framework1.hrms_payroll.NI_weeklyCatB.NIWeeklyCat_B"/>
  <testcase name="EmpsSetup_WithNICategory" time="24.550" classname="com.test.xcdhr.Salesforce_Core_Framework1.hrms_payroll.NI_weeklyCatB.NIWeeklyCat_B"/>
  <testcase name="EmpsSetup_WithAnnualSalary" time="50.653" classname="com.test.xcdhr.Salesforce_Core_Framework1.hrms_payroll.NI_weeklyCatB.NIWeeklyCat_B"/>
  <testcase name="EmpsSetup_WithNICategory" time="24.220" classname="com.test.xcdhr.Salesforce_Core_Framework1.hrms_payroll.NI_weeklyCatB.NIWeeklyCat_B"/>
  <testcase name="EmpsSetup_WithNICategory" time="24.109" classname="com.test.xcdhr.Salesforce_Core_Framework1.hrms_payroll.NI_weeklyCatB.NIWeeklyCat_B"/>
  <testcase name="EmpsSetup_WithAnnualSalary" time="34.259" classname="com.test.xcdhr.Salesforce_Core_Framework1.hrms_payroll.NI_weeklyCatB.NIWeeklyCat_B"/>
  <testcase name="EmpsSetup_WithAnnualSalary" time="35.924" classname="com.test.xcdhr.Salesforce_Core_Framework1.hrms_payroll.NI_weeklyCatB.NIWeeklyCat_B"/>
  <testcase name="EmpsSetup_WithNICategory" time="26.939" classname="com.test.xcdhr.Salesforce_Core_Framework1.hrms_payroll.NI_weeklyCatB.NIWeeklyCat_B"/>
  <testcase name="EmpsSetup_WithAnnualSalary" time="35.418" classname="com.test.xcdhr.Salesforce_Core_Framework1.hrms_payroll.NI_weeklyCatB.NIWeeklyCat_B"/>
</testsuite> <!-- com.test.xcdhr.Salesforce_Core_Framework1.hrms_payroll.NI_weeklyCatB.NIWeeklyCat_B -->
