<?xml version="1.0" encoding="UTF-8"?>
<!-- Generated by org.testng.reporters.JUnitReportReporter -->
<testsuite name="com.test.xcdhr.Salesforce_Core_Framework1.hrms_payroll.NI_FourweeklyCatA.NI4WeeklyCat_A" tests="18" time="542.911" ignored="0" failures="0" timestamp="19 Jun 2018 12:33:12 GMT" skipped="0" hostname="DESKTOP-OAEFISL" errors="0">
  <testcase name="EmpsSetup_WithAnnualSalary" time="22.986" classname="com.test.xcdhr.Salesforce_Core_Framework1.hrms_payroll.NI_FourweeklyCatA.NI4WeeklyCat_A"/>
  <testcase name="EmpsSetup_WithAnnualSalary" time="67.027" classname="com.test.xcdhr.Salesforce_Core_Framework1.hrms_payroll.NI_FourweeklyCatA.NI4WeeklyCat_A"/>
  <testcase name="EmpsSetup_WithNICategory" time="18.922" classname="com.test.xcdhr.Salesforce_Core_Framework1.hrms_payroll.NI_FourweeklyCatA.NI4WeeklyCat_A"/>
  <testcase name="EmpsSetup_WithNICategory" time="19.533" classname="com.test.xcdhr.Salesforce_Core_Framework1.hrms_payroll.NI_FourweeklyCatA.NI4WeeklyCat_A"/>
  <testcase name="EmpsSetup_WithAnnualSalary" time="23.173" classname="com.test.xcdhr.Salesforce_Core_Framework1.hrms_payroll.NI_FourweeklyCatA.NI4WeeklyCat_A"/>
  <testcase name="EmpsSetup_WithNICategory" time="19.439" classname="com.test.xcdhr.Salesforce_Core_Framework1.hrms_payroll.NI_FourweeklyCatA.NI4WeeklyCat_A"/>
  <testcase name="EmpsSetup_WithAnnualSalary" time="22.493" classname="com.test.xcdhr.Salesforce_Core_Framework1.hrms_payroll.NI_FourweeklyCatA.NI4WeeklyCat_A"/>
  <testcase name="EmpsSetup_WithAnnualSalary" time="23.055" classname="com.test.xcdhr.Salesforce_Core_Framework1.hrms_payroll.NI_FourweeklyCatA.NI4WeeklyCat_A"/>
  <testcase name="EmpsSetup_WithAnnualSalary" time="22.362" classname="com.test.xcdhr.Salesforce_Core_Framework1.hrms_payroll.NI_FourweeklyCatA.NI4WeeklyCat_A"/>
  <testcase name="EmpsSetup_WithNICategory" time="18.763" classname="com.test.xcdhr.Salesforce_Core_Framework1.hrms_payroll.NI_FourweeklyCatA.NI4WeeklyCat_A"/>
  <testcase name="EmpsSetup_WithAnnualSalary" time="22.227" classname="com.test.xcdhr.Salesforce_Core_Framework1.hrms_payroll.NI_FourweeklyCatA.NI4WeeklyCat_A"/>
  <testcase name="EmpsSetup_WithNICategory" time="19.532" classname="com.test.xcdhr.Salesforce_Core_Framework1.hrms_payroll.NI_FourweeklyCatA.NI4WeeklyCat_A"/>
  <testcase name="EmpsSetup_WithAnnualSalary" time="23.193" classname="com.test.xcdhr.Salesforce_Core_Framework1.hrms_payroll.NI_FourweeklyCatA.NI4WeeklyCat_A"/>
  <testcase name="EmpsSetup_WithNICategory" time="19.175" classname="com.test.xcdhr.Salesforce_Core_Framework1.hrms_payroll.NI_FourweeklyCatA.NI4WeeklyCat_A"/>
  <testcase name="EmpsSetup_WithNICategory" time="19.095" classname="com.test.xcdhr.Salesforce_Core_Framework1.hrms_payroll.NI_FourweeklyCatA.NI4WeeklyCat_A"/>
  <testcase name="EmpsSetup_WithAnnualSalary" time="22.866" classname="com.test.xcdhr.Salesforce_Core_Framework1.hrms_payroll.NI_FourweeklyCatA.NI4WeeklyCat_A"/>
  <testcase name="EmpsSetup_WithNICategory" time="18.987" classname="com.test.xcdhr.Salesforce_Core_Framework1.hrms_payroll.NI_FourweeklyCatA.NI4WeeklyCat_A"/>
  <testcase name="EmpsSetup_WithNICategory" time="140.083" classname="com.test.xcdhr.Salesforce_Core_Framework1.hrms_payroll.NI_FourweeklyCatA.NI4WeeklyCat_A"/>
</testsuite> <!-- com.test.xcdhr.Salesforce_Core_Framework1.hrms_payroll.NI_FourweeklyCatA.NI4WeeklyCat_A -->
