<?xml version="1.0" encoding="UTF-8"?>
<!-- Generated by org.testng.reporters.JUnitReportReporter -->
<testsuite name="com.test.xcdhr.Salesforce_Core_Framework1.hrms_payroll.NI_FourweeklyCatB.ProcessPayrollForNIWeekly" tests="9" time="282.042" ignored="0" failures="0" timestamp="07 Mar 2018 12:13:50 GMT" skipped="0" hostname="DESKTOP-OAEFISL" errors="0">
  <testcase name="EmpsPayroll_Setup_ForIncomeTax" time="2.042" classname="com.test.xcdhr.Salesforce_Core_Framework1.hrms_payroll.NI_FourweeklyCatB.ProcessPayrollForNIWeekly"/>
  <testcase name="EmpsPayroll_Setup_ForIncomeTax" time="73.686" classname="com.test.xcdhr.Salesforce_Core_Framework1.hrms_payroll.NI_FourweeklyCatB.ProcessPayrollForNIWeekly"/>
  <testcase name="EmpsPayroll_Setup_ForIncomeTax" time="196.836" classname="com.test.xcdhr.Salesforce_Core_Framework1.hrms_payroll.NI_FourweeklyCatB.ProcessPayrollForNIWeekly"/>
  <testcase name="EmpsPayroll_Setup_ForIncomeTax" time="2.027" classname="com.test.xcdhr.Salesforce_Core_Framework1.hrms_payroll.NI_FourweeklyCatB.ProcessPayrollForNIWeekly"/>
  <testcase name="EmpsPayroll_Setup_ForIncomeTax" time="1.459" classname="com.test.xcdhr.Salesforce_Core_Framework1.hrms_payroll.NI_FourweeklyCatB.ProcessPayrollForNIWeekly"/>
  <testcase name="EmpsPayroll_Setup_ForIncomeTax" time="1.502" classname="com.test.xcdhr.Salesforce_Core_Framework1.hrms_payroll.NI_FourweeklyCatB.ProcessPayrollForNIWeekly"/>
  <testcase name="EmpsPayroll_Setup_ForIncomeTax" time="1.485" classname="com.test.xcdhr.Salesforce_Core_Framework1.hrms_payroll.NI_FourweeklyCatB.ProcessPayrollForNIWeekly"/>
  <testcase name="EmpsPayroll_Setup_ForIncomeTax" time="1.378" classname="com.test.xcdhr.Salesforce_Core_Framework1.hrms_payroll.NI_FourweeklyCatB.ProcessPayrollForNIWeekly"/>
  <testcase name="EmpsPayroll_Setup_ForIncomeTax" time="1.627" classname="com.test.xcdhr.Salesforce_Core_Framework1.hrms_payroll.NI_FourweeklyCatB.ProcessPayrollForNIWeekly"/>
</testsuite> <!-- com.test.xcdhr.Salesforce_Core_Framework1.hrms_payroll.NI_FourweeklyCatB.ProcessPayrollForNIWeekly -->
