<?xml version="1.0" encoding="UTF-8"?>
<!-- Generated by org.testng.reporters.JUnitReportReporter -->
<testsuite name="com.test.xcdhr.Salesforce_Core_Framework1.hrms_payroll.NI_MonthlyCatC.NIMonthlyCat_C" tests="10" time="450.506" ignored="0" failures="0" timestamp="30 Mar 2018 07:06:23 GMT" skipped="0" hostname="XCDHR_2010" errors="0">
  <testcase name="EmpsSetup_WithAnnualSalary" time="38.892" classname="com.test.xcdhr.Salesforce_Core_Framework1.hrms_payroll.NI_MonthlyCatC.NIMonthlyCat_C"/>
  <testcase name="EmpsSetup_WithNICategory" time="97.524" classname="com.test.xcdhr.Salesforce_Core_Framework1.hrms_payroll.NI_MonthlyCatC.NIMonthlyCat_C"/>
  <testcase name="EmpsSetup_WithNICategory" time="25.399" classname="com.test.xcdhr.Salesforce_Core_Framework1.hrms_payroll.NI_MonthlyCatC.NIMonthlyCat_C"/>
  <testcase name="EmpsSetup_WithNICategory" time="25.712" classname="com.test.xcdhr.Salesforce_Core_Framework1.hrms_payroll.NI_MonthlyCatC.NIMonthlyCat_C"/>
  <testcase name="EmpsSetup_WithAnnualSalary" time="97.374" classname="com.test.xcdhr.Salesforce_Core_Framework1.hrms_payroll.NI_MonthlyCatC.NIMonthlyCat_C"/>
  <testcase name="EmpsSetup_WithNICategory" time="25.250" classname="com.test.xcdhr.Salesforce_Core_Framework1.hrms_payroll.NI_MonthlyCatC.NIMonthlyCat_C"/>
  <testcase name="EmpsSetup_WithAnnualSalary" time="37.569" classname="com.test.xcdhr.Salesforce_Core_Framework1.hrms_payroll.NI_MonthlyCatC.NIMonthlyCat_C"/>
  <testcase name="EmpsSetup_WithNICategory" time="25.191" classname="com.test.xcdhr.Salesforce_Core_Framework1.hrms_payroll.NI_MonthlyCatC.NIMonthlyCat_C"/>
  <testcase name="EmpsSetup_WithAnnualSalary" time="38.610" classname="com.test.xcdhr.Salesforce_Core_Framework1.hrms_payroll.NI_MonthlyCatC.NIMonthlyCat_C"/>
  <testcase name="EmpsSetup_WithAnnualSalary" time="38.985" classname="com.test.xcdhr.Salesforce_Core_Framework1.hrms_payroll.NI_MonthlyCatC.NIMonthlyCat_C"/>
</testsuite> <!-- com.test.xcdhr.Salesforce_Core_Framework1.hrms_payroll.NI_MonthlyCatC.NIMonthlyCat_C -->
