<?xml version="1.0" encoding="UTF-8"?>
<!-- Generated by org.testng.reporters.JUnitReportReporter -->
<testsuite name="com.test.xcdhr.Salesforce_Core_Framework1.hrms_payroll.IncomeTax_TCMnth1_204045VarblePayAnd50RL.TestReports" tests="1" time="99.265" ignored="0" failures="0" timestamp="28 Feb 2018 13:49:08 GMT" skipped="0" hostname="DESKTOP-OAEFISL" errors="0">
  <testcase name="EmpsPayroll_Setup_ForIncomeTax" time="99.265" classname="com.test.xcdhr.Salesforce_Core_Framework1.hrms_payroll.IncomeTax_TCMnth1_204045VarblePayAnd50RL.TestReports"/>
</testsuite> <!-- com.test.xcdhr.Salesforce_Core_Framework1.hrms_payroll.IncomeTax_TCMnth1_204045VarblePayAnd50RL.TestReports -->
