<?xml version="1.0" encoding="UTF-8"?>
<!-- Generated by org.testng.reporters.JUnitReportReporter -->
<testsuite name="com.test.xcdhr.Salesforce_Core_Framework1.hrms_payroll.IncomeTax_TCMnth1_204045VarblePayAnd50RL.GeneralTaxRateMonthly" tests="10" time="412.217" ignored="0" failures="0" timestamp="18 Dec 2017 07:39:56 GMT" skipped="0" hostname="DESKTOP-OAEFISL" errors="0">
  <testcase name="EmpsSetup_WithAnnualSalary" time="33.563" classname="com.test.xcdhr.Salesforce_Core_Framework1.hrms_payroll.IncomeTax_TCMnth1_204045VarblePayAnd50RL.GeneralTaxRateMonthly"/>
  <testcase name="EmpsSetup_ForMonthlyTaxRate" time="71.863" classname="com.test.xcdhr.Salesforce_Core_Framework1.hrms_payroll.IncomeTax_TCMnth1_204045VarblePayAnd50RL.GeneralTaxRateMonthly"/>
  <testcase name="EmpsSetup_ForMonthlyTaxRate" time="38.567" classname="com.test.xcdhr.Salesforce_Core_Framework1.hrms_payroll.IncomeTax_TCMnth1_204045VarblePayAnd50RL.GeneralTaxRateMonthly"/>
  <testcase name="EmpsSetup_ForMonthlyTaxRate" time="38.058" classname="com.test.xcdhr.Salesforce_Core_Framework1.hrms_payroll.IncomeTax_TCMnth1_204045VarblePayAnd50RL.GeneralTaxRateMonthly"/>
  <testcase name="EmpsSetup_ForMonthlyTaxRate" time="39.756" classname="com.test.xcdhr.Salesforce_Core_Framework1.hrms_payroll.IncomeTax_TCMnth1_204045VarblePayAnd50RL.GeneralTaxRateMonthly"/>
  <testcase name="EmpsSetup_WithAnnualSalary" time="33.291" classname="com.test.xcdhr.Salesforce_Core_Framework1.hrms_payroll.IncomeTax_TCMnth1_204045VarblePayAnd50RL.GeneralTaxRateMonthly"/>
  <testcase name="EmpsSetup_WithAnnualSalary" time="33.893" classname="com.test.xcdhr.Salesforce_Core_Framework1.hrms_payroll.IncomeTax_TCMnth1_204045VarblePayAnd50RL.GeneralTaxRateMonthly"/>
  <testcase name="EmpsSetup_ForMonthlyTaxRate" time="38.978" classname="com.test.xcdhr.Salesforce_Core_Framework1.hrms_payroll.IncomeTax_TCMnth1_204045VarblePayAnd50RL.GeneralTaxRateMonthly"/>
  <testcase name="EmpsSetup_WithAnnualSalary" time="34.122" classname="com.test.xcdhr.Salesforce_Core_Framework1.hrms_payroll.IncomeTax_TCMnth1_204045VarblePayAnd50RL.GeneralTaxRateMonthly"/>
  <testcase name="EmpsSetup_WithAnnualSalary" time="50.126" classname="com.test.xcdhr.Salesforce_Core_Framework1.hrms_payroll.IncomeTax_TCMnth1_204045VarblePayAnd50RL.GeneralTaxRateMonthly"/>
</testsuite> <!-- com.test.xcdhr.Salesforce_Core_Framework1.hrms_payroll.IncomeTax_TCMnth1_204045VarblePayAnd50RL.GeneralTaxRateMonthly -->
