<?xml version="1.0" encoding="UTF-8"?>
<!-- Generated by org.testng.reporters.JUnitReportReporter -->
<testsuite name="com.test.xcdhr.Salesforce_Core_Framework1.hrms_payroll.NI_TwoweeklyCatA.ProcessPayrollForNIWeekly" tests="9" time="268.359" ignored="0" failures="0" timestamp="30 Mar 2018 13:00:12 GMT" skipped="0" hostname="XCDHR_2010" errors="0">
  <testcase name="EmpsPayroll_Setup_ForIncomeTax" time="48.886" classname="com.test.xcdhr.Salesforce_Core_Framework1.hrms_payroll.NI_TwoweeklyCatA.ProcessPayrollForNIWeekly"/>
  <testcase name="EmpsPayroll_Setup_ForIncomeTax" time="3.230" classname="com.test.xcdhr.Salesforce_Core_Framework1.hrms_payroll.NI_TwoweeklyCatA.ProcessPayrollForNIWeekly"/>
  <testcase name="EmpsPayroll_Setup_ForIncomeTax" time="3.108" classname="com.test.xcdhr.Salesforce_Core_Framework1.hrms_payroll.NI_TwoweeklyCatA.ProcessPayrollForNIWeekly"/>
  <testcase name="EmpsPayroll_Setup_ForIncomeTax" time="2.874" classname="com.test.xcdhr.Salesforce_Core_Framework1.hrms_payroll.NI_TwoweeklyCatA.ProcessPayrollForNIWeekly"/>
  <testcase name="EmpsPayroll_Setup_ForIncomeTax" time="3.275" classname="com.test.xcdhr.Salesforce_Core_Framework1.hrms_payroll.NI_TwoweeklyCatA.ProcessPayrollForNIWeekly"/>
  <testcase name="EmpsPayroll_Setup_ForIncomeTax" time="3.278" classname="com.test.xcdhr.Salesforce_Core_Framework1.hrms_payroll.NI_TwoweeklyCatA.ProcessPayrollForNIWeekly"/>
  <testcase name="EmpsPayroll_Setup_ForIncomeTax" time="2.937" classname="com.test.xcdhr.Salesforce_Core_Framework1.hrms_payroll.NI_TwoweeklyCatA.ProcessPayrollForNIWeekly"/>
  <testcase name="EmpsPayroll_Setup_ForIncomeTax" time="197.590" classname="com.test.xcdhr.Salesforce_Core_Framework1.hrms_payroll.NI_TwoweeklyCatA.ProcessPayrollForNIWeekly"/>
  <testcase name="EmpsPayroll_Setup_ForIncomeTax" time="3.181" classname="com.test.xcdhr.Salesforce_Core_Framework1.hrms_payroll.NI_TwoweeklyCatA.ProcessPayrollForNIWeekly"/>
</testsuite> <!-- com.test.xcdhr.Salesforce_Core_Framework1.hrms_payroll.NI_TwoweeklyCatA.ProcessPayrollForNIWeekly -->
