<?xml version="1.0" encoding="UTF-8"?>
<!-- Generated by org.testng.reporters.JUnitReportReporter -->
<testsuite name="com.test.xcdhr.Salesforce_Core_Framework1.hrms_payroll.NI_weeklyCatB.ProcessPayrollForNIWeekly" tests="9" time="277.381" ignored="0" failures="0" timestamp="18 Dec 2017 09:28:52 GMT" skipped="0" hostname="ConsLeague-PC11" errors="0">
  <testcase name="EmpsPayroll_Setup_ForIncomeTax" time="4.885" classname="com.test.xcdhr.Salesforce_Core_Framework1.hrms_payroll.NI_weeklyCatB.ProcessPayrollForNIWeekly"/>
  <testcase name="EmpsPayroll_Setup_ForIncomeTax" time="2.815" classname="com.test.xcdhr.Salesforce_Core_Framework1.hrms_payroll.NI_weeklyCatB.ProcessPayrollForNIWeekly"/>
  <testcase name="EmpsPayroll_Setup_ForIncomeTax" time="2.995" classname="com.test.xcdhr.Salesforce_Core_Framework1.hrms_payroll.NI_weeklyCatB.ProcessPayrollForNIWeekly"/>
  <testcase name="EmpsPayroll_Setup_ForIncomeTax" time="39.233" classname="com.test.xcdhr.Salesforce_Core_Framework1.hrms_payroll.NI_weeklyCatB.ProcessPayrollForNIWeekly"/>
  <testcase name="EmpsPayroll_Setup_ForIncomeTax" time="2.969" classname="com.test.xcdhr.Salesforce_Core_Framework1.hrms_payroll.NI_weeklyCatB.ProcessPayrollForNIWeekly"/>
  <testcase name="EmpsPayroll_Setup_ForIncomeTax" time="3.220" classname="com.test.xcdhr.Salesforce_Core_Framework1.hrms_payroll.NI_weeklyCatB.ProcessPayrollForNIWeekly"/>
  <testcase name="EmpsPayroll_Setup_ForIncomeTax" time="3.220" classname="com.test.xcdhr.Salesforce_Core_Framework1.hrms_payroll.NI_weeklyCatB.ProcessPayrollForNIWeekly"/>
  <testcase name="EmpsPayroll_Setup_ForIncomeTax" time="2.895" classname="com.test.xcdhr.Salesforce_Core_Framework1.hrms_payroll.NI_weeklyCatB.ProcessPayrollForNIWeekly"/>
  <testcase name="EmpsPayroll_Setup_ForIncomeTax" time="215.149" classname="com.test.xcdhr.Salesforce_Core_Framework1.hrms_payroll.NI_weeklyCatB.ProcessPayrollForNIWeekly"/>
</testsuite> <!-- com.test.xcdhr.Salesforce_Core_Framework1.hrms_payroll.NI_weeklyCatB.ProcessPayrollForNIWeekly -->
