<?xml version="1.0" encoding="UTF-8"?>
<!-- Generated by org.testng.reporters.JUnitReportReporter -->
<testsuite name="com.test.xcdhr.Salesforce_Core_Framework1.hrms_payroll.NI_weeklyCatB.NIWeeklyCat_B" tests="18" time="706.103" ignored="0" failures="0" timestamp="27 Feb 2018 11:41:50 GMT" skipped="0" hostname="XCDHR_2010" errors="0">
  <testcase name="EmpsSetup_WithNICategory" time="24.830" classname="com.test.xcdhr.Salesforce_Core_Framework1.hrms_payroll.NI_weeklyCatB.NIWeeklyCat_B"/>
  <testcase name="EmpsSetup_WithNICategory" time="24.231" classname="com.test.xcdhr.Salesforce_Core_Framework1.hrms_payroll.NI_weeklyCatB.NIWeeklyCat_B"/>
  <testcase name="EmpsSetup_WithAnnualSalary" time="39.499" classname="com.test.xcdhr.Salesforce_Core_Framework1.hrms_payroll.NI_weeklyCatB.NIWeeklyCat_B"/>
  <testcase name="EmpsSetup_WithNICategory" time="25.619" classname="com.test.xcdhr.Salesforce_Core_Framework1.hrms_payroll.NI_weeklyCatB.NIWeeklyCat_B"/>
  <testcase name="EmpsSetup_WithAnnualSalary" time="40.282" classname="com.test.xcdhr.Salesforce_Core_Framework1.hrms_payroll.NI_weeklyCatB.NIWeeklyCat_B"/>
  <testcase name="EmpsSetup_WithNICategory" time="25.421" classname="com.test.xcdhr.Salesforce_Core_Framework1.hrms_payroll.NI_weeklyCatB.NIWeeklyCat_B"/>
  <testcase name="EmpsSetup_WithNICategory" time="24.462" classname="com.test.xcdhr.Salesforce_Core_Framework1.hrms_payroll.NI_weeklyCatB.NIWeeklyCat_B"/>
  <testcase name="EmpsSetup_WithNICategory" time="25.370" classname="com.test.xcdhr.Salesforce_Core_Framework1.hrms_payroll.NI_weeklyCatB.NIWeeklyCat_B"/>
  <testcase name="EmpsSetup_WithNICategory" time="25.393" classname="com.test.xcdhr.Salesforce_Core_Framework1.hrms_payroll.NI_weeklyCatB.NIWeeklyCat_B"/>
  <testcase name="EmpsSetup_WithNICategory" time="132.235" classname="com.test.xcdhr.Salesforce_Core_Framework1.hrms_payroll.NI_weeklyCatB.NIWeeklyCat_B"/>
  <testcase name="EmpsSetup_WithAnnualSalary" time="39.897" classname="com.test.xcdhr.Salesforce_Core_Framework1.hrms_payroll.NI_weeklyCatB.NIWeeklyCat_B"/>
  <testcase name="EmpsSetup_WithNICategory" time="24.512" classname="com.test.xcdhr.Salesforce_Core_Framework1.hrms_payroll.NI_weeklyCatB.NIWeeklyCat_B"/>
  <testcase name="EmpsSetup_WithAnnualSalary" time="55.477" classname="com.test.xcdhr.Salesforce_Core_Framework1.hrms_payroll.NI_weeklyCatB.NIWeeklyCat_B"/>
  <testcase name="EmpsSetup_WithAnnualSalary" time="39.242" classname="com.test.xcdhr.Salesforce_Core_Framework1.hrms_payroll.NI_weeklyCatB.NIWeeklyCat_B"/>
  <testcase name="EmpsSetup_WithAnnualSalary" time="39.252" classname="com.test.xcdhr.Salesforce_Core_Framework1.hrms_payroll.NI_weeklyCatB.NIWeeklyCat_B"/>
  <testcase name="EmpsSetup_WithAnnualSalary" time="40.663" classname="com.test.xcdhr.Salesforce_Core_Framework1.hrms_payroll.NI_weeklyCatB.NIWeeklyCat_B"/>
  <testcase name="EmpsSetup_WithAnnualSalary" time="40.068" classname="com.test.xcdhr.Salesforce_Core_Framework1.hrms_payroll.NI_weeklyCatB.NIWeeklyCat_B"/>
  <testcase name="EmpsSetup_WithAnnualSalary" time="39.650" classname="com.test.xcdhr.Salesforce_Core_Framework1.hrms_payroll.NI_weeklyCatB.NIWeeklyCat_B"/>
</testsuite> <!-- com.test.xcdhr.Salesforce_Core_Framework1.hrms_payroll.NI_weeklyCatB.NIWeeklyCat_B -->
