<?xml version="1.0" encoding="UTF-8"?>
<!-- Generated by org.testng.reporters.JUnitReportReporter -->
<testsuite name="com.test.xcdhr.Salesforce_Core_Framework1.hrms_payroll.hrms_payroll.NI_FourweeklyCatA.ProcessPayrollForNIWeekly" tests="9" time="360.719" ignored="0" failures="0" timestamp="31 Aug 2017 08:15:08 GMT" skipped="0" hostname="ConsLeague-PC11" errors="0">
  <testcase name="EmpsPayroll_Setup_ForIncomeTax" time="130.043" classname="com.test.xcdhr.Salesforce_Core_Framework1.hrms_payroll.hrms_payroll.NI_FourweeklyCatA.ProcessPayrollForNIWeekly"/>
  <testcase name="EmpsPayroll_Setup_ForIncomeTax" time="0.608" classname="com.test.xcdhr.Salesforce_Core_Framework1.hrms_payroll.hrms_payroll.NI_FourweeklyCatA.ProcessPayrollForNIWeekly"/>
  <testcase name="EmpsPayroll_Setup_ForIncomeTax" time="0.646" classname="com.test.xcdhr.Salesforce_Core_Framework1.hrms_payroll.hrms_payroll.NI_FourweeklyCatA.ProcessPayrollForNIWeekly"/>
  <testcase name="EmpsPayroll_Setup_ForIncomeTax" time="0.866" classname="com.test.xcdhr.Salesforce_Core_Framework1.hrms_payroll.hrms_payroll.NI_FourweeklyCatA.ProcessPayrollForNIWeekly"/>
  <testcase name="EmpsPayroll_Setup_ForIncomeTax" time="225.949" classname="com.test.xcdhr.Salesforce_Core_Framework1.hrms_payroll.hrms_payroll.NI_FourweeklyCatA.ProcessPayrollForNIWeekly"/>
  <testcase name="EmpsPayroll_Setup_ForIncomeTax" time="0.685" classname="com.test.xcdhr.Salesforce_Core_Framework1.hrms_payroll.hrms_payroll.NI_FourweeklyCatA.ProcessPayrollForNIWeekly"/>
  <testcase name="EmpsPayroll_Setup_ForIncomeTax" time="0.651" classname="com.test.xcdhr.Salesforce_Core_Framework1.hrms_payroll.hrms_payroll.NI_FourweeklyCatA.ProcessPayrollForNIWeekly"/>
  <testcase name="EmpsPayroll_Setup_ForIncomeTax" time="0.616" classname="com.test.xcdhr.Salesforce_Core_Framework1.hrms_payroll.hrms_payroll.NI_FourweeklyCatA.ProcessPayrollForNIWeekly"/>
  <testcase name="EmpsPayroll_Setup_ForIncomeTax" time="0.655" classname="com.test.xcdhr.Salesforce_Core_Framework1.hrms_payroll.hrms_payroll.NI_FourweeklyCatA.ProcessPayrollForNIWeekly"/>
</testsuite> <!-- com.test.xcdhr.Salesforce_Core_Framework1.hrms_payroll.hrms_payroll.NI_FourweeklyCatA.ProcessPayrollForNIWeekly -->
