<?xml version="1.0" encoding="UTF-8"?>
<!-- Generated by org.testng.reporters.JUnitReportReporter -->
<testsuite name="com.test.xcdhr.Salesforce_Core_Framework1.hrms_payroll.Payroll_Suite_NIDirector_Prorata_Month2.NIDirector_ProrataMonth2" tests="2" time="183.990" ignored="0" failures="0" timestamp="18 Sep 2017 12:38:33 GMT" skipped="0" hostname="ConsLeague-PC11" errors="0">
  <testcase name="EmpsSetup_WithNICategory" time="150.997" classname="com.test.xcdhr.Salesforce_Core_Framework1.hrms_payroll.Payroll_Suite_NIDirector_Prorata_Month2.NIDirector_ProrataMonth2"/>
  <testcase name="EmpsSetup_WithAnnualSalary" time="32.993" classname="com.test.xcdhr.Salesforce_Core_Framework1.hrms_payroll.Payroll_Suite_NIDirector_Prorata_Month2.NIDirector_ProrataMonth2"/>
</testsuite> <!-- com.test.xcdhr.Salesforce_Core_Framework1.hrms_payroll.Payroll_Suite_NIDirector_Prorata_Month2.NIDirector_ProrataMonth2 -->
