<?xml version="1.0" encoding="UTF-8"?>
<!-- Generated by org.testng.reporters.JUnitReportReporter -->
<testsuite name="com.test.xcdhr.Salesforce_Core_Framework1.hrms_payroll.NI_MonthlyCatB.NIMonthlyCat_B" tests="18" time="596.771" ignored="0" failures="0" timestamp="07 Mar 2018 08:19:39 GMT" skipped="0" hostname="DESKTOP-OAEFISL" errors="0">
  <testcase name="EmpsSetup_WithNICategory" time="22.157" classname="com.test.xcdhr.Salesforce_Core_Framework1.hrms_payroll.NI_MonthlyCatB.NIMonthlyCat_B"/>
  <testcase name="EmpsSetup_WithAnnualSalary" time="31.744" classname="com.test.xcdhr.Salesforce_Core_Framework1.hrms_payroll.NI_MonthlyCatB.NIMonthlyCat_B"/>
  <testcase name="EmpsSetup_WithAnnualSalary" time="32.000" classname="com.test.xcdhr.Salesforce_Core_Framework1.hrms_payroll.NI_MonthlyCatB.NIMonthlyCat_B"/>
  <testcase name="EmpsSetup_WithNICategory" time="21.751" classname="com.test.xcdhr.Salesforce_Core_Framework1.hrms_payroll.NI_MonthlyCatB.NIMonthlyCat_B"/>
  <testcase name="EmpsSetup_WithAnnualSalary" time="31.931" classname="com.test.xcdhr.Salesforce_Core_Framework1.hrms_payroll.NI_MonthlyCatB.NIMonthlyCat_B"/>
  <testcase name="EmpsSetup_WithAnnualSalary" time="32.002" classname="com.test.xcdhr.Salesforce_Core_Framework1.hrms_payroll.NI_MonthlyCatB.NIMonthlyCat_B"/>
  <testcase name="EmpsSetup_WithNICategory" time="21.942" classname="com.test.xcdhr.Salesforce_Core_Framework1.hrms_payroll.NI_MonthlyCatB.NIMonthlyCat_B"/>
  <testcase name="EmpsSetup_WithNICategory" time="22.015" classname="com.test.xcdhr.Salesforce_Core_Framework1.hrms_payroll.NI_MonthlyCatB.NIMonthlyCat_B"/>
  <testcase name="EmpsSetup_WithNICategory" time="21.877" classname="com.test.xcdhr.Salesforce_Core_Framework1.hrms_payroll.NI_MonthlyCatB.NIMonthlyCat_B"/>
  <testcase name="EmpsSetup_WithAnnualSalary" time="31.754" classname="com.test.xcdhr.Salesforce_Core_Framework1.hrms_payroll.NI_MonthlyCatB.NIMonthlyCat_B"/>
  <testcase name="EmpsSetup_WithAnnualSalary" time="31.726" classname="com.test.xcdhr.Salesforce_Core_Framework1.hrms_payroll.NI_MonthlyCatB.NIMonthlyCat_B"/>
  <testcase name="EmpsSetup_WithNICategory" time="23.377" classname="com.test.xcdhr.Salesforce_Core_Framework1.hrms_payroll.NI_MonthlyCatB.NIMonthlyCat_B"/>
  <testcase name="EmpsSetup_WithNICategory" time="21.909" classname="com.test.xcdhr.Salesforce_Core_Framework1.hrms_payroll.NI_MonthlyCatB.NIMonthlyCat_B"/>
  <testcase name="EmpsSetup_WithAnnualSalary" time="32.150" classname="com.test.xcdhr.Salesforce_Core_Framework1.hrms_payroll.NI_MonthlyCatB.NIMonthlyCat_B"/>
  <testcase name="EmpsSetup_WithNICategory" time="86.859" classname="com.test.xcdhr.Salesforce_Core_Framework1.hrms_payroll.NI_MonthlyCatB.NIMonthlyCat_B"/>
  <testcase name="EmpsSetup_WithAnnualSalary" time="77.537" classname="com.test.xcdhr.Salesforce_Core_Framework1.hrms_payroll.NI_MonthlyCatB.NIMonthlyCat_B"/>
  <testcase name="EmpsSetup_WithNICategory" time="22.401" classname="com.test.xcdhr.Salesforce_Core_Framework1.hrms_payroll.NI_MonthlyCatB.NIMonthlyCat_B"/>
  <testcase name="EmpsSetup_WithAnnualSalary" time="31.639" classname="com.test.xcdhr.Salesforce_Core_Framework1.hrms_payroll.NI_MonthlyCatB.NIMonthlyCat_B"/>
</testsuite> <!-- com.test.xcdhr.Salesforce_Core_Framework1.hrms_payroll.NI_MonthlyCatB.NIMonthlyCat_B -->
