<?xml version="1.0" encoding="UTF-8"?>
<!-- Generated by org.testng.reporters.JUnitReportReporter -->
<testsuite name="com.test.xcdhr.Salesforce_Core_Framework1.hrms_payroll.hrms_payroll.NI_FourweeklyCatA.NI4WeeklyCat_A" tests="18" time="510.894" ignored="0" failures="0" timestamp="31 Aug 2017 08:15:08 GMT" skipped="0" hostname="ConsLeague-PC11" errors="0">
  <testcase name="EmpsSetup_WithAnnualSalary" time="17.671" classname="com.test.xcdhr.Salesforce_Core_Framework1.hrms_payroll.hrms_payroll.NI_FourweeklyCatA.NI4WeeklyCat_A"/>
  <testcase name="EmpsSetup_WithAnnualSalary" time="17.483" classname="com.test.xcdhr.Salesforce_Core_Framework1.hrms_payroll.hrms_payroll.NI_FourweeklyCatA.NI4WeeklyCat_A"/>
  <testcase name="EmpsSetup_WithNICategory" time="35.437" classname="com.test.xcdhr.Salesforce_Core_Framework1.hrms_payroll.hrms_payroll.NI_FourweeklyCatA.NI4WeeklyCat_A"/>
  <testcase name="EmpsSetup_WithAnnualSalary" time="17.460" classname="com.test.xcdhr.Salesforce_Core_Framework1.hrms_payroll.hrms_payroll.NI_FourweeklyCatA.NI4WeeklyCat_A"/>
  <testcase name="EmpsSetup_WithAnnualSalary" time="17.677" classname="com.test.xcdhr.Salesforce_Core_Framework1.hrms_payroll.hrms_payroll.NI_FourweeklyCatA.NI4WeeklyCat_A"/>
  <testcase name="EmpsSetup_WithAnnualSalary" time="17.198" classname="com.test.xcdhr.Salesforce_Core_Framework1.hrms_payroll.hrms_payroll.NI_FourweeklyCatA.NI4WeeklyCat_A"/>
  <testcase name="EmpsSetup_WithNICategory" time="31.272" classname="com.test.xcdhr.Salesforce_Core_Framework1.hrms_payroll.hrms_payroll.NI_FourweeklyCatA.NI4WeeklyCat_A"/>
  <testcase name="EmpsSetup_WithAnnualSalary" time="17.886" classname="com.test.xcdhr.Salesforce_Core_Framework1.hrms_payroll.hrms_payroll.NI_FourweeklyCatA.NI4WeeklyCat_A"/>
  <testcase name="EmpsSetup_WithNICategory" time="79.069" classname="com.test.xcdhr.Salesforce_Core_Framework1.hrms_payroll.hrms_payroll.NI_FourweeklyCatA.NI4WeeklyCat_A"/>
  <testcase name="EmpsSetup_WithNICategory" time="25.268" classname="com.test.xcdhr.Salesforce_Core_Framework1.hrms_payroll.hrms_payroll.NI_FourweeklyCatA.NI4WeeklyCat_A"/>
  <testcase name="EmpsSetup_WithAnnualSalary" time="17.302" classname="com.test.xcdhr.Salesforce_Core_Framework1.hrms_payroll.hrms_payroll.NI_FourweeklyCatA.NI4WeeklyCat_A"/>
  <testcase name="EmpsSetup_WithNICategory" time="27.145" classname="com.test.xcdhr.Salesforce_Core_Framework1.hrms_payroll.hrms_payroll.NI_FourweeklyCatA.NI4WeeklyCat_A"/>
  <testcase name="EmpsSetup_WithNICategory" time="33.497" classname="com.test.xcdhr.Salesforce_Core_Framework1.hrms_payroll.hrms_payroll.NI_FourweeklyCatA.NI4WeeklyCat_A"/>
  <testcase name="EmpsSetup_WithNICategory" time="29.159" classname="com.test.xcdhr.Salesforce_Core_Framework1.hrms_payroll.hrms_payroll.NI_FourweeklyCatA.NI4WeeklyCat_A"/>
  <testcase name="EmpsSetup_WithAnnualSalary" time="32.050" classname="com.test.xcdhr.Salesforce_Core_Framework1.hrms_payroll.hrms_payroll.NI_FourweeklyCatA.NI4WeeklyCat_A"/>
  <testcase name="EmpsSetup_WithAnnualSalary" time="18.018" classname="com.test.xcdhr.Salesforce_Core_Framework1.hrms_payroll.hrms_payroll.NI_FourweeklyCatA.NI4WeeklyCat_A"/>
  <testcase name="EmpsSetup_WithNICategory" time="37.634" classname="com.test.xcdhr.Salesforce_Core_Framework1.hrms_payroll.hrms_payroll.NI_FourweeklyCatA.NI4WeeklyCat_A"/>
  <testcase name="EmpsSetup_WithNICategory" time="39.668" classname="com.test.xcdhr.Salesforce_Core_Framework1.hrms_payroll.hrms_payroll.NI_FourweeklyCatA.NI4WeeklyCat_A"/>
</testsuite> <!-- com.test.xcdhr.Salesforce_Core_Framework1.hrms_payroll.hrms_payroll.NI_FourweeklyCatA.NI4WeeklyCat_A -->
