<?xml version="1.0" encoding="UTF-8"?>
<!-- Generated by org.testng.reporters.JUnitReportReporter -->
<testsuite name="com.test.xcdhr.Salesforce_Core_Framework1.hrms_payroll.IncomeTax_TCMnth3LDOD1BRNTOTK50RL.ProcessPayrollForMonthlyTax" tests="5" time="177.302" ignored="0" failures="0" timestamp="21 Sep 2017 08:03:19 GMT" skipped="0" hostname="DESKTOP-OAEFISL" errors="0">
  <testcase name="EmpsPayroll_Setup_ForIncomeTax" time="1.887" classname="com.test.xcdhr.Salesforce_Core_Framework1.hrms_payroll.IncomeTax_TCMnth3LDOD1BRNTOTK50RL.ProcessPayrollForMonthlyTax"/>
  <testcase name="EmpsPayroll_Setup_ForIncomeTax" time="169.002" classname="com.test.xcdhr.Salesforce_Core_Framework1.hrms_payroll.IncomeTax_TCMnth3LDOD1BRNTOTK50RL.ProcessPayrollForMonthlyTax"/>
  <testcase name="EmpsPayroll_Setup_ForIncomeTax" time="2.383" classname="com.test.xcdhr.Salesforce_Core_Framework1.hrms_payroll.IncomeTax_TCMnth3LDOD1BRNTOTK50RL.ProcessPayrollForMonthlyTax"/>
  <testcase name="EmpsPayroll_Setup_ForIncomeTax" time="2.036" classname="com.test.xcdhr.Salesforce_Core_Framework1.hrms_payroll.IncomeTax_TCMnth3LDOD1BRNTOTK50RL.ProcessPayrollForMonthlyTax"/>
  <testcase name="EmpsPayroll_Setup_ForIncomeTax" time="1.994" classname="com.test.xcdhr.Salesforce_Core_Framework1.hrms_payroll.IncomeTax_TCMnth3LDOD1BRNTOTK50RL.ProcessPayrollForMonthlyTax"/>
</testsuite> <!-- com.test.xcdhr.Salesforce_Core_Framework1.hrms_payroll.IncomeTax_TCMnth3LDOD1BRNTOTK50RL.ProcessPayrollForMonthlyTax -->
