<?xml version="1.0" encoding="UTF-8"?>
<!-- Generated by org.testng.reporters.JUnitReportReporter -->
<testsuite name="com.test.xcdhr.Salesforce_Core_Framework1.hrms_payroll.NI_MonthlyCatC.ExecuteQuery" tests="1" time="70.426" ignored="0" failures="0" timestamp="20 Sep 2017 10:07:02 GMT" skipped="0" hostname="DESKTOP-OAEFISL" errors="0">
  <testcase name="queryExecute" time="70.426" classname="com.test.xcdhr.Salesforce_Core_Framework1.hrms_payroll.NI_MonthlyCatC.ExecuteQuery"/>
</testsuite> <!-- com.test.xcdhr.Salesforce_Core_Framework1.hrms_payroll.NI_MonthlyCatC.ExecuteQuery -->
