<?xml version="1.0" encoding="UTF-8"?>
<!-- Generated by org.testng.reporters.JUnitReportReporter -->
<testsuite name="com.test.xcdhr.Salesforce_Core_Framework1.hrms_payroll.NI_hrms_payroll.NI_DirectorAsEmployeeMonth1.NIDirector_AsEmp" tests="2" time="236.817" ignored="0" failures="0" timestamp="02 Mar 2018 06:22:11 GMT" skipped="0" hostname="XCDHR_2010" errors="0">
  <testcase name="EmpsSetup_WithAnnualSalary" time="92.339" classname="com.test.xcdhr.Salesforce_Core_Framework1.hrms_payroll.NI_hrms_payroll.NI_DirectorAsEmployeeMonth1.NIDirector_AsEmp"/>
  <testcase name="EmpsSetup_WithNICategory" time="144.478" classname="com.test.xcdhr.Salesforce_Core_Framework1.hrms_payroll.NI_hrms_payroll.NI_DirectorAsEmployeeMonth1.NIDirector_AsEmp"/>
</testsuite> <!-- com.test.xcdhr.Salesforce_Core_Framework1.hrms_payroll.NI_hrms_payroll.NI_DirectorAsEmployeeMonth1.NIDirector_AsEmp -->
