<?xml version="1.0" encoding="UTF-8"?>
<!-- Generated by org.testng.reporters.JUnitReportReporter -->
<testsuite name="com.test.xcdhr.Salesforce_Core_Framework1.hrms_payroll.NI_DirctorReachesPensionAgeMonth1.PayrollForNIDirctrAsRandPApril" tests="1" time="202.139" ignored="0" failures="0" timestamp="02 Mar 2018 09:20:55 GMT" skipped="0" hostname="DESKTOP-OAEFISL" errors="0">
  <testcase name="EmpsPayroll_Setup_ForIncomeTax" time="202.139" classname="com.test.xcdhr.Salesforce_Core_Framework1.hrms_payroll.NI_DirctorReachesPensionAgeMonth1.PayrollForNIDirctrAsRandPApril"/>
</testsuite> <!-- com.test.xcdhr.Salesforce_Core_Framework1.hrms_payroll.NI_DirctorReachesPensionAgeMonth1.PayrollForNIDirctrAsRandPApril -->
