<?xml version="1.0" encoding="UTF-8"?>
<!-- Generated by org.testng.reporters.JUnitReportReporter -->
<testsuite name="com.test.xcdhr.Salesforce_Core_Framework1.hrms_payroll.SAP_Statutory_Scenario.SmallEmployerRelief" tests="1" time="237.388" ignored="0" failures="0" timestamp="18 Sep 2017 14:43:38 GMT" skipped="0" hostname="ConsLeague-PC11" errors="0">
  <testcase name="EmpsSetup_WithNICategory" time="237.388" classname="com.test.xcdhr.Salesforce_Core_Framework1.hrms_payroll.SAP_Statutory_Scenario.SmallEmployerRelief"/>
</testsuite> <!-- com.test.xcdhr.Salesforce_Core_Framework1.hrms_payroll.SAP_Statutory_Scenario.SmallEmployerRelief -->
