<?xml version="1.0" encoding="UTF-8"?>
<!-- Generated by org.testng.reporters.JUnitReportReporter -->
<testsuite name="com.test.xcdhr.Salesforce_Core_Framework1.hrms_payroll.NI_MonthlyCatH.TestReports" tests="1" time="110.497" ignored="0" failures="0" timestamp="29 Aug 2017 06:44:47 GMT" skipped="0" hostname="ConsLeague-PC11" errors="0">
  <testcase name="EmpsPayroll_Setup_ForIncomeTax" time="110.497" classname="com.test.xcdhr.Salesforce_Core_Framework1.hrms_payroll.NI_MonthlyCatH.TestReports"/>
</testsuite> <!-- com.test.xcdhr.Salesforce_Core_Framework1.hrms_payroll.NI_MonthlyCatH.TestReports -->
