<?xml version="1.0" encoding="UTF-8"?>
<!-- Generated by org.testng.reporters.JUnitReportReporter -->
<testsuite name="com.test.xcdhr.Salesforce_Core_Framework1.hrms_payroll.NI_MonthlyCatE.NIMonthlyCat_E" tests="2" time="0.000" ignored="0" failures="0" timestamp="05 Sep 2017 08:58:21 GMT" skipped="2" hostname="DESKTOP-OAEFISL" errors="0">
  <testcase name="EmpsSetup_WithNICategory" time="0.000" classname="com.test.xcdhr.Salesforce_Core_Framework1.hrms_payroll.NI_MonthlyCatE.NIMonthlyCat_E">
    <skipped/>
  </testcase> <!-- EmpsSetup_WithNICategory -->
  <testcase name="EmpsSetup_WithAnnualSalary" time="0.000" classname="com.test.xcdhr.Salesforce_Core_Framework1.hrms_payroll.NI_MonthlyCatE.NIMonthlyCat_E">
    <skipped/>
  </testcase> <!-- EmpsSetup_WithAnnualSalary -->
</testsuite> <!-- com.test.xcdhr.Salesforce_Core_Framework1.hrms_payroll.NI_MonthlyCatE.NIMonthlyCat_E -->
