<?xml version="1.0" encoding="UTF-8"?>
<!-- Generated by org.testng.reporters.JUnitReportReporter -->
<testsuite name="com.test.xcdhr.Salesforce_Core_Framework1.hrms_payroll.NI_MonthlyCatA.NIMonthlyCat_A" tests="18" time="582.649" ignored="0" failures="0" timestamp="19 Dec 2017 12:09:03 GMT" skipped="0" hostname="DESKTOP-OAEFISL" errors="0">
  <testcase name="EmpsSetup_WithNICategory" time="6.953" classname="com.test.xcdhr.Salesforce_Core_Framework1.hrms_payroll.NI_MonthlyCatA.NIMonthlyCat_A"/>
  <testcase name="EmpsSetup_WithAnnualSalary" time="40.836" classname="com.test.xcdhr.Salesforce_Core_Framework1.hrms_payroll.NI_MonthlyCatA.NIMonthlyCat_A"/>
  <testcase name="EmpsSetup_WithAnnualSalary" time="43.162" classname="com.test.xcdhr.Salesforce_Core_Framework1.hrms_payroll.NI_MonthlyCatA.NIMonthlyCat_A"/>
  <testcase name="EmpsSetup_WithNICategory" time="6.941" classname="com.test.xcdhr.Salesforce_Core_Framework1.hrms_payroll.NI_MonthlyCatA.NIMonthlyCat_A"/>
  <testcase name="EmpsSetup_WithNICategory" time="6.775" classname="com.test.xcdhr.Salesforce_Core_Framework1.hrms_payroll.NI_MonthlyCatA.NIMonthlyCat_A"/>
  <testcase name="EmpsSetup_WithNICategory" time="6.413" classname="com.test.xcdhr.Salesforce_Core_Framework1.hrms_payroll.NI_MonthlyCatA.NIMonthlyCat_A"/>
  <testcase name="EmpsSetup_WithNICategory" time="6.609" classname="com.test.xcdhr.Salesforce_Core_Framework1.hrms_payroll.NI_MonthlyCatA.NIMonthlyCat_A"/>
  <testcase name="EmpsSetup_WithAnnualSalary" time="41.028" classname="com.test.xcdhr.Salesforce_Core_Framework1.hrms_payroll.NI_MonthlyCatA.NIMonthlyCat_A"/>
  <testcase name="EmpsSetup_WithAnnualSalary" time="40.822" classname="com.test.xcdhr.Salesforce_Core_Framework1.hrms_payroll.NI_MonthlyCatA.NIMonthlyCat_A"/>
  <testcase name="EmpsSetup_WithNICategory" time="6.392" classname="com.test.xcdhr.Salesforce_Core_Framework1.hrms_payroll.NI_MonthlyCatA.NIMonthlyCat_A"/>
  <testcase name="EmpsSetup_WithAnnualSalary" time="98.152" classname="com.test.xcdhr.Salesforce_Core_Framework1.hrms_payroll.NI_MonthlyCatA.NIMonthlyCat_A"/>
  <testcase name="EmpsSetup_WithAnnualSalary" time="42.373" classname="com.test.xcdhr.Salesforce_Core_Framework1.hrms_payroll.NI_MonthlyCatA.NIMonthlyCat_A"/>
  <testcase name="EmpsSetup_WithAnnualSalary" time="41.010" classname="com.test.xcdhr.Salesforce_Core_Framework1.hrms_payroll.NI_MonthlyCatA.NIMonthlyCat_A"/>
  <testcase name="EmpsSetup_WithNICategory" time="6.933" classname="com.test.xcdhr.Salesforce_Core_Framework1.hrms_payroll.NI_MonthlyCatA.NIMonthlyCat_A"/>
  <testcase name="EmpsSetup_WithAnnualSalary" time="46.224" classname="com.test.xcdhr.Salesforce_Core_Framework1.hrms_payroll.NI_MonthlyCatA.NIMonthlyCat_A"/>
  <testcase name="EmpsSetup_WithNICategory" time="92.098" classname="com.test.xcdhr.Salesforce_Core_Framework1.hrms_payroll.NI_MonthlyCatA.NIMonthlyCat_A"/>
  <testcase name="EmpsSetup_WithNICategory" time="6.866" classname="com.test.xcdhr.Salesforce_Core_Framework1.hrms_payroll.NI_MonthlyCatA.NIMonthlyCat_A"/>
  <testcase name="EmpsSetup_WithAnnualSalary" time="43.062" classname="com.test.xcdhr.Salesforce_Core_Framework1.hrms_payroll.NI_MonthlyCatA.NIMonthlyCat_A"/>
</testsuite> <!-- com.test.xcdhr.Salesforce_Core_Framework1.hrms_payroll.NI_MonthlyCatA.NIMonthlyCat_A -->
