<?xml version="1.0" encoding="UTF-8"?>
<!-- Generated by org.testng.reporters.JUnitReportReporter -->
<testsuite name="com.test.xcdhr.Salesforce_Core_Framework1.hrms_payroll.SAP_Statutory_Scenario.UpdateTaxCodeAndAnnualSalary" tests="2" time="166.986" ignored="0" failures="0" timestamp="18 Sep 2017 14:56:41 GMT" skipped="0" hostname="ConsLeague-PC11" errors="0">
  <testcase name="EmpsSetup_WithAnnualSalary" time="47.086" classname="com.test.xcdhr.Salesforce_Core_Framework1.hrms_payroll.SAP_Statutory_Scenario.UpdateTaxCodeAndAnnualSalary"/>
  <testcase name="EmpsSetup_ForMonthlyTaxRate" time="119.900" classname="com.test.xcdhr.Salesforce_Core_Framework1.hrms_payroll.SAP_Statutory_Scenario.UpdateTaxCodeAndAnnualSalary"/>
</testsuite> <!-- com.test.xcdhr.Salesforce_Core_Framework1.hrms_payroll.SAP_Statutory_Scenario.UpdateTaxCodeAndAnnualSalary -->
