<?xml version="1.0" encoding="UTF-8"?>
<!-- Generated by org.testng.reporters.JUnitReportReporter -->
<testsuite name="com.test.xcdhr.Salesforce_Core_Framework1.hrms_payroll.IncomeTax_TCMnth3LDOD1BRNTOTK50RL.ProcessPayrollForMonthlyTax" tests="5" time="321.125" ignored="0" failures="0" timestamp="01 Mar 2018 09:16:27 GMT" skipped="0" hostname="XCDHR_2010" errors="0">
  <testcase name="EmpsPayroll_Setup_ForIncomeTax" time="3.637" classname="com.test.xcdhr.Salesforce_Core_Framework1.hrms_payroll.IncomeTax_TCMnth3LDOD1BRNTOTK50RL.ProcessPayrollForMonthlyTax"/>
  <testcase name="EmpsPayroll_Setup_ForIncomeTax" time="168.909" classname="com.test.xcdhr.Salesforce_Core_Framework1.hrms_payroll.IncomeTax_TCMnth3LDOD1BRNTOTK50RL.ProcessPayrollForMonthlyTax"/>
  <testcase name="EmpsPayroll_Setup_ForIncomeTax" time="140.597" classname="com.test.xcdhr.Salesforce_Core_Framework1.hrms_payroll.IncomeTax_TCMnth3LDOD1BRNTOTK50RL.ProcessPayrollForMonthlyTax"/>
  <testcase name="EmpsPayroll_Setup_ForIncomeTax" time="3.916" classname="com.test.xcdhr.Salesforce_Core_Framework1.hrms_payroll.IncomeTax_TCMnth3LDOD1BRNTOTK50RL.ProcessPayrollForMonthlyTax"/>
  <testcase name="EmpsPayroll_Setup_ForIncomeTax" time="4.066" classname="com.test.xcdhr.Salesforce_Core_Framework1.hrms_payroll.IncomeTax_TCMnth3LDOD1BRNTOTK50RL.ProcessPayrollForMonthlyTax"/>
</testsuite> <!-- com.test.xcdhr.Salesforce_Core_Framework1.hrms_payroll.IncomeTax_TCMnth3LDOD1BRNTOTK50RL.ProcessPayrollForMonthlyTax -->
