<?xml version="1.0" encoding="UTF-8"?>
<!-- Generated by org.testng.reporters.JUnitReportReporter -->
<testsuite name="com.test.xcdhr.Salesforce_Core_Framework1.hrms_payroll.Payroll_Suite_NIDirector_CeaseandRecommence_Month1.PayrollForNIDirctrAsRandPApril" tests="1" time="176.118" ignored="0" failures="0" timestamp="22 Sep 2017 09:28:00 GMT" skipped="0" hostname="DESKTOP-OAEFISL" errors="0">
  <testcase name="EmpsPayroll_Setup_ForIncomeTax" time="176.118" classname="com.test.xcdhr.Salesforce_Core_Framework1.hrms_payroll.Payroll_Suite_NIDirector_CeaseandRecommence_Month1.PayrollForNIDirctrAsRandPApril"/>
</testsuite> <!-- com.test.xcdhr.Salesforce_Core_Framework1.hrms_payroll.Payroll_Suite_NIDirector_CeaseandRecommence_Month1.PayrollForNIDirctrAsRandPApril -->
