<?xml version="1.0" encoding="UTF-8"?>
<!-- Generated by org.testng.reporters.JUnitReportReporter -->
<<<<<<< HEAD
<testsuite name="com.test.xcdhr.Salesforce_Core_Framework1.hrms_payroll.IncomeTax_TCWeek2_204045VariablePayANDWeekly50RL.TestReports" tests="1" time="94.075" ignored="0" failures="0" timestamp="11 Dec 2017 14:23:43 GMT" skipped="0" hostname="DESKTOP-OAEFISL" errors="0">
  <testcase name="EmpsPayroll_Setup_ForIncomeTax" time="94.075" classname="com.test.xcdhr.Salesforce_Core_Framework1.hrms_payroll.IncomeTax_TCWeek2_204045VariablePayANDWeekly50RL.TestReports"/>
=======
<testsuite name="com.test.xcdhr.Salesforce_Core_Framework1.hrms_payroll.IncomeTax_TCWeek2_204045VariablePayANDWeekly50RL.TestReports" tests="1" time="225.438" ignored="0" failures="0" timestamp="15 Dec 2017 08:15:51 GMT" skipped="0" hostname="ConsLeague-PC11" errors="0">
  <testcase name="EmpsPayroll_Setup_ForIncomeTax" time="225.438" classname="com.test.xcdhr.Salesforce_Core_Framework1.hrms_payroll.IncomeTax_TCWeek2_204045VariablePayANDWeekly50RL.TestReports"/>
>>>>>>> refs/remotes/origin/master
</testsuite> <!-- com.test.xcdhr.Salesforce_Core_Framework1.hrms_payroll.IncomeTax_TCWeek2_204045VariablePayANDWeekly50RL.TestReports -->
