<?xml version="1.0" encoding="UTF-8"?>
<!-- Generated by org.testng.reporters.JUnitReportReporter -->
<testsuite name="com.test.xcdhr.Salesforce_Core_Framework1.hrms_payroll.NI_FourweeklyCatB.NI4WeeklyCat_B" tests="18" time="427.571" ignored="0" failures="0" timestamp="21 Sep 2017 07:05:27 GMT" skipped="0" hostname="DESKTOP-OAEFISL" errors="0">
  <testcase name="EmpsSetup_WithAnnualSalary" time="19.497" classname="com.test.xcdhr.Salesforce_Core_Framework1.hrms_payroll.NI_FourweeklyCatB.NI4WeeklyCat_B"/>
  <testcase name="EmpsSetup_WithNICategory" time="20.228" classname="com.test.xcdhr.Salesforce_Core_Framework1.hrms_payroll.NI_FourweeklyCatB.NI4WeeklyCat_B"/>
  <testcase name="EmpsSetup_WithAnnualSalary" time="18.690" classname="com.test.xcdhr.Salesforce_Core_Framework1.hrms_payroll.NI_FourweeklyCatB.NI4WeeklyCat_B"/>
  <testcase name="EmpsSetup_WithNICategory" time="53.108" classname="com.test.xcdhr.Salesforce_Core_Framework1.hrms_payroll.NI_FourweeklyCatB.NI4WeeklyCat_B"/>
  <testcase name="EmpsSetup_WithNICategory" time="18.156" classname="com.test.xcdhr.Salesforce_Core_Framework1.hrms_payroll.NI_FourweeklyCatB.NI4WeeklyCat_B"/>
  <testcase name="EmpsSetup_WithAnnualSalary" time="19.078" classname="com.test.xcdhr.Salesforce_Core_Framework1.hrms_payroll.NI_FourweeklyCatB.NI4WeeklyCat_B"/>
  <testcase name="EmpsSetup_WithNICategory" time="22.416" classname="com.test.xcdhr.Salesforce_Core_Framework1.hrms_payroll.NI_FourweeklyCatB.NI4WeeklyCat_B"/>
  <testcase name="EmpsSetup_WithAnnualSalary" time="19.522" classname="com.test.xcdhr.Salesforce_Core_Framework1.hrms_payroll.NI_FourweeklyCatB.NI4WeeklyCat_B"/>
  <testcase name="EmpsSetup_WithAnnualSalary" time="18.667" classname="com.test.xcdhr.Salesforce_Core_Framework1.hrms_payroll.NI_FourweeklyCatB.NI4WeeklyCat_B"/>
  <testcase name="EmpsSetup_WithNICategory" time="26.744" classname="com.test.xcdhr.Salesforce_Core_Framework1.hrms_payroll.NI_FourweeklyCatB.NI4WeeklyCat_B"/>
  <testcase name="EmpsSetup_WithNICategory" time="31.051" classname="com.test.xcdhr.Salesforce_Core_Framework1.hrms_payroll.NI_FourweeklyCatB.NI4WeeklyCat_B"/>
  <testcase name="EmpsSetup_WithAnnualSalary" time="19.281" classname="com.test.xcdhr.Salesforce_Core_Framework1.hrms_payroll.NI_FourweeklyCatB.NI4WeeklyCat_B"/>
  <testcase name="EmpsSetup_WithNICategory" time="15.871" classname="com.test.xcdhr.Salesforce_Core_Framework1.hrms_payroll.NI_FourweeklyCatB.NI4WeeklyCat_B"/>
  <testcase name="EmpsSetup_WithAnnualSalary" time="19.290" classname="com.test.xcdhr.Salesforce_Core_Framework1.hrms_payroll.NI_FourweeklyCatB.NI4WeeklyCat_B"/>
  <testcase name="EmpsSetup_WithNICategory" time="29.375" classname="com.test.xcdhr.Salesforce_Core_Framework1.hrms_payroll.NI_FourweeklyCatB.NI4WeeklyCat_B"/>
  <testcase name="EmpsSetup_WithAnnualSalary" time="32.210" classname="com.test.xcdhr.Salesforce_Core_Framework1.hrms_payroll.NI_FourweeklyCatB.NI4WeeklyCat_B"/>
  <testcase name="EmpsSetup_WithNICategory" time="24.807" classname="com.test.xcdhr.Salesforce_Core_Framework1.hrms_payroll.NI_FourweeklyCatB.NI4WeeklyCat_B"/>
  <testcase name="EmpsSetup_WithAnnualSalary" time="19.580" classname="com.test.xcdhr.Salesforce_Core_Framework1.hrms_payroll.NI_FourweeklyCatB.NI4WeeklyCat_B"/>
</testsuite> <!-- com.test.xcdhr.Salesforce_Core_Framework1.hrms_payroll.NI_FourweeklyCatB.NI4WeeklyCat_B -->
