<?xml version="1.0" encoding="UTF-8"?>
<!-- Generated by org.testng.reporters.JUnitReportReporter -->
<testsuite name="com.test.xcdhr.Salesforce_Core_Framework1.hrms_payroll.NI_weeklyCatB.ProcessPayrollForNIWeekly" tests="9" time="362.410" ignored="0" failures="0" timestamp="22 Feb 2018 13:30:21 GMT" skipped="0" hostname="XCDHR_2010" errors="0">
  <testcase name="EmpsPayroll_Setup_ForIncomeTax" time="1.681" classname="com.test.xcdhr.Salesforce_Core_Framework1.hrms_payroll.NI_weeklyCatB.ProcessPayrollForNIWeekly"/>
  <testcase name="EmpsPayroll_Setup_ForIncomeTax" time="1.614" classname="com.test.xcdhr.Salesforce_Core_Framework1.hrms_payroll.NI_weeklyCatB.ProcessPayrollForNIWeekly"/>
  <testcase name="EmpsPayroll_Setup_ForIncomeTax" time="1.411" classname="com.test.xcdhr.Salesforce_Core_Framework1.hrms_payroll.NI_weeklyCatB.ProcessPayrollForNIWeekly"/>
  <testcase name="EmpsPayroll_Setup_ForIncomeTax" time="2.791" classname="com.test.xcdhr.Salesforce_Core_Framework1.hrms_payroll.NI_weeklyCatB.ProcessPayrollForNIWeekly"/>
  <testcase name="EmpsPayroll_Setup_ForIncomeTax" time="1.473" classname="com.test.xcdhr.Salesforce_Core_Framework1.hrms_payroll.NI_weeklyCatB.ProcessPayrollForNIWeekly"/>
  <testcase name="EmpsPayroll_Setup_ForIncomeTax" time="348.460" classname="com.test.xcdhr.Salesforce_Core_Framework1.hrms_payroll.NI_weeklyCatB.ProcessPayrollForNIWeekly"/>
  <testcase name="EmpsPayroll_Setup_ForIncomeTax" time="1.587" classname="com.test.xcdhr.Salesforce_Core_Framework1.hrms_payroll.NI_weeklyCatB.ProcessPayrollForNIWeekly"/>
  <testcase name="EmpsPayroll_Setup_ForIncomeTax" time="1.662" classname="com.test.xcdhr.Salesforce_Core_Framework1.hrms_payroll.NI_weeklyCatB.ProcessPayrollForNIWeekly"/>
  <testcase name="EmpsPayroll_Setup_ForIncomeTax" time="1.731" classname="com.test.xcdhr.Salesforce_Core_Framework1.hrms_payroll.NI_weeklyCatB.ProcessPayrollForNIWeekly"/>
</testsuite> <!-- com.test.xcdhr.Salesforce_Core_Framework1.hrms_payroll.NI_weeklyCatB.ProcessPayrollForNIWeekly -->
