<?xml version="1.0" encoding="UTF-8"?>
<!-- Generated by org.testng.reporters.JUnitReportReporter -->
<testsuite name="com.test.xcdhr.Salesforce_Core_Framework1.hrms_payroll.Payroll_Suite_NIDirector_CeaseandRecommence_Month1.NIDirector_ReachsPensonAgeMnth1" tests="2" time="158.302" ignored="0" failures="0" timestamp="22 Sep 2017 09:24:01 GMT" skipped="0" hostname="DESKTOP-OAEFISL" errors="0">
  <testcase name="EmpsSetup_WithNICategory" time="112.757" classname="com.test.xcdhr.Salesforce_Core_Framework1.hrms_payroll.Payroll_Suite_NIDirector_CeaseandRecommence_Month1.NIDirector_ReachsPensonAgeMnth1"/>
  <testcase name="EmpsSetup_WithAnnualSalary" time="45.545" classname="com.test.xcdhr.Salesforce_Core_Framework1.hrms_payroll.Payroll_Suite_NIDirector_CeaseandRecommence_Month1.NIDirector_ReachsPensonAgeMnth1"/>
</testsuite> <!-- com.test.xcdhr.Salesforce_Core_Framework1.hrms_payroll.Payroll_Suite_NIDirector_CeaseandRecommence_Month1.NIDirector_ReachsPensonAgeMnth1 -->
