<?xml version="1.0" encoding="UTF-8"?>
<!-- Generated by org.testng.reporters.JUnitReportReporter -->
<testsuite name="com.test.xcdhr.Salesforce_Core_Framework1.hrms_payroll.NI_FourweeklyCatB.ExecuteQuery" tests="1" time="55.808" ignored="0" failures="0" timestamp="21 Sep 2017 06:57:57 GMT" skipped="0" hostname="DESKTOP-OAEFISL" errors="0">
  <testcase name="queryExecute" time="55.808" classname="com.test.xcdhr.Salesforce_Core_Framework1.hrms_payroll.NI_FourweeklyCatB.ExecuteQuery"/>
</testsuite> <!-- com.test.xcdhr.Salesforce_Core_Framework1.hrms_payroll.NI_FourweeklyCatB.ExecuteQuery -->
