<?xml version="1.0" encoding="UTF-8"?>
<!-- Generated by org.testng.reporters.JUnitReportReporter -->
<testsuite name="com.test.xcdhr.Salesforce_Core_Framework1.hrms_payroll.NI_MonthlyCatC.ProcessPayrollForNIMonthly" tests="5" time="267.820" ignored="0" failures="0" timestamp="01 Jun 2018 07:50:50 GMT" skipped="0" hostname="DESKTOP-OAEFISL" errors="0">
  <testcase name="EmpsPayroll_Setup_ForIncomeTax" time="188.894" classname="com.test.xcdhr.Salesforce_Core_Framework1.hrms_payroll.NI_MonthlyCatC.ProcessPayrollForNIMonthly"/>
  <testcase name="EmpsPayroll_Setup_ForIncomeTax" time="73.491" classname="com.test.xcdhr.Salesforce_Core_Framework1.hrms_payroll.NI_MonthlyCatC.ProcessPayrollForNIMonthly"/>
  <testcase name="EmpsPayroll_Setup_ForIncomeTax" time="1.781" classname="com.test.xcdhr.Salesforce_Core_Framework1.hrms_payroll.NI_MonthlyCatC.ProcessPayrollForNIMonthly"/>
  <testcase name="EmpsPayroll_Setup_ForIncomeTax" time="1.828" classname="com.test.xcdhr.Salesforce_Core_Framework1.hrms_payroll.NI_MonthlyCatC.ProcessPayrollForNIMonthly"/>
  <testcase name="EmpsPayroll_Setup_ForIncomeTax" time="1.826" classname="com.test.xcdhr.Salesforce_Core_Framework1.hrms_payroll.NI_MonthlyCatC.ProcessPayrollForNIMonthly"/>
</testsuite> <!-- com.test.xcdhr.Salesforce_Core_Framework1.hrms_payroll.NI_MonthlyCatC.ProcessPayrollForNIMonthly -->
