<?xml version="1.0" encoding="UTF-8"?>
<!-- Generated by org.testng.reporters.JUnitReportReporter -->
<testsuite name="com.test.xcdhr.Salesforce_Core_Framework1.hrms_payroll.NI_FourweeklyCatB.NI4WeeklyCat_B" tests="18" time="404.038" ignored="0" failures="0" timestamp="23 Feb 2018 07:13:49 GMT" skipped="0" hostname="DESKTOP-OAEFISL" errors="0">
  <testcase name="EmpsSetup_WithNICategory" time="3.481" classname="com.test.xcdhr.Salesforce_Core_Framework1.hrms_payroll.NI_FourweeklyCatB.NI4WeeklyCat_B"/>
  <testcase name="EmpsSetup_WithNICategory" time="3.269" classname="com.test.xcdhr.Salesforce_Core_Framework1.hrms_payroll.NI_FourweeklyCatB.NI4WeeklyCat_B"/>
  <testcase name="EmpsSetup_WithNICategory" time="3.364" classname="com.test.xcdhr.Salesforce_Core_Framework1.hrms_payroll.NI_FourweeklyCatB.NI4WeeklyCat_B"/>
  <testcase name="EmpsSetup_WithNICategory" time="3.234" classname="com.test.xcdhr.Salesforce_Core_Framework1.hrms_payroll.NI_FourweeklyCatB.NI4WeeklyCat_B"/>
  <testcase name="EmpsSetup_WithAnnualSalary" time="25.845" classname="com.test.xcdhr.Salesforce_Core_Framework1.hrms_payroll.NI_FourweeklyCatB.NI4WeeklyCat_B"/>
  <testcase name="EmpsSetup_WithNICategory" time="3.315" classname="com.test.xcdhr.Salesforce_Core_Framework1.hrms_payroll.NI_FourweeklyCatB.NI4WeeklyCat_B"/>
  <testcase name="EmpsSetup_WithAnnualSalary" time="26.157" classname="com.test.xcdhr.Salesforce_Core_Framework1.hrms_payroll.NI_FourweeklyCatB.NI4WeeklyCat_B"/>
  <testcase name="EmpsSetup_WithNICategory" time="99.951" classname="com.test.xcdhr.Salesforce_Core_Framework1.hrms_payroll.NI_FourweeklyCatB.NI4WeeklyCat_B"/>
  <testcase name="EmpsSetup_WithAnnualSalary" time="24.688" classname="com.test.xcdhr.Salesforce_Core_Framework1.hrms_payroll.NI_FourweeklyCatB.NI4WeeklyCat_B"/>
  <testcase name="EmpsSetup_WithAnnualSalary" time="26.193" classname="com.test.xcdhr.Salesforce_Core_Framework1.hrms_payroll.NI_FourweeklyCatB.NI4WeeklyCat_B"/>
  <testcase name="EmpsSetup_WithNICategory" time="3.568" classname="com.test.xcdhr.Salesforce_Core_Framework1.hrms_payroll.NI_FourweeklyCatB.NI4WeeklyCat_B"/>
  <testcase name="EmpsSetup_WithNICategory" time="3.432" classname="com.test.xcdhr.Salesforce_Core_Framework1.hrms_payroll.NI_FourweeklyCatB.NI4WeeklyCat_B"/>
  <testcase name="EmpsSetup_WithAnnualSalary" time="25.954" classname="com.test.xcdhr.Salesforce_Core_Framework1.hrms_payroll.NI_FourweeklyCatB.NI4WeeklyCat_B"/>
  <testcase name="EmpsSetup_WithNICategory" time="3.296" classname="com.test.xcdhr.Salesforce_Core_Framework1.hrms_payroll.NI_FourweeklyCatB.NI4WeeklyCat_B"/>
  <testcase name="EmpsSetup_WithAnnualSalary" time="25.736" classname="com.test.xcdhr.Salesforce_Core_Framework1.hrms_payroll.NI_FourweeklyCatB.NI4WeeklyCat_B"/>
  <testcase name="EmpsSetup_WithAnnualSalary" time="25.788" classname="com.test.xcdhr.Salesforce_Core_Framework1.hrms_payroll.NI_FourweeklyCatB.NI4WeeklyCat_B"/>
  <testcase name="EmpsSetup_WithAnnualSalary" time="26.174" classname="com.test.xcdhr.Salesforce_Core_Framework1.hrms_payroll.NI_FourweeklyCatB.NI4WeeklyCat_B"/>
  <testcase name="EmpsSetup_WithAnnualSalary" time="70.593" classname="com.test.xcdhr.Salesforce_Core_Framework1.hrms_payroll.NI_FourweeklyCatB.NI4WeeklyCat_B"/>
</testsuite> <!-- com.test.xcdhr.Salesforce_Core_Framework1.hrms_payroll.NI_FourweeklyCatB.NI4WeeklyCat_B -->
