<?xml version="1.0" encoding="UTF-8"?>
<!-- Generated by org.testng.reporters.JUnitReportReporter -->
<testsuite name="com.test.xcdhr.Salesforce_Core_Framework1.hrms_payroll.Payroll_Suite_NIDirector_Prorata_Month2.TestReportsMay" tests="1" time="102.672" ignored="0" failures="0" timestamp="29 Dec 2017 10:58:55 GMT" skipped="0" hostname="DESKTOP-OAEFISL" errors="0">
  <testcase name="EmpsPayroll_Setup_ForIncomeTax" time="102.672" classname="com.test.xcdhr.Salesforce_Core_Framework1.hrms_payroll.Payroll_Suite_NIDirector_Prorata_Month2.TestReportsMay"/>
</testsuite> <!-- com.test.xcdhr.Salesforce_Core_Framework1.hrms_payroll.Payroll_Suite_NIDirector_Prorata_Month2.TestReportsMay -->
