<?xml version="1.0" encoding="UTF-8"?>
<!-- Generated by org.testng.reporters.JUnitReportReporter -->
<testsuite name="com.test.xcdhr.Salesforce_Core_Framework1.hrms_payroll.hrms_payroll.NI_hrms_payroll.NI_DirectorAsEmployeeMonth1.TestReportsApril" tests="1" time="118.912" ignored="0" failures="0" timestamp="31 Aug 2017 10:46:04 GMT" skipped="0" hostname="ConsLeague-PC11" errors="0">
  <testcase name="EmpsPayroll_Setup_ForIncomeTax" time="118.912" classname="com.test.xcdhr.Salesforce_Core_Framework1.hrms_payroll.hrms_payroll.NI_hrms_payroll.NI_DirectorAsEmployeeMonth1.TestReportsApril"/>
</testsuite> <!-- com.test.xcdhr.Salesforce_Core_Framework1.hrms_payroll.hrms_payroll.NI_hrms_payroll.NI_DirectorAsEmployeeMonth1.TestReportsApril -->
