<?xml version="1.0" encoding="UTF-8"?>
<!-- Generated by org.testng.reporters.JUnitReportReporter -->
<testsuite name="com.test.xcdhr.Salesforce_Core_Framework1.hrms_payroll.NI_weeklyCatC.TestReports" tests="1" time="109.804" ignored="0" failures="0" timestamp="29 Mar 2018 10:22:07 GMT" skipped="0" hostname="DESKTOP-OAEFISL" errors="0">
  <testcase name="EmpsPayroll_Setup_ForIncomeTax" time="109.804" classname="com.test.xcdhr.Salesforce_Core_Framework1.hrms_payroll.NI_weeklyCatC.TestReports"/>
</testsuite> <!-- com.test.xcdhr.Salesforce_Core_Framework1.hrms_payroll.NI_weeklyCatC.TestReports -->
