<?xml version="1.0" encoding="UTF-8"?>
<!-- Generated by org.testng.reporters.JUnitReportReporter -->
<testsuite name="com.test.xcdhr.Salesforce_Core_Framework1.hrms_payroll.hrms_payroll.NI_TwoweeklyCatA.TestReports" tests="1" time="256.432" ignored="0" failures="0" timestamp="31 Aug 2017 07:48:22 GMT" skipped="0" hostname="ConsLeague-PC11" errors="0">
  <testcase name="EmpsPayroll_Setup_ForIncomeTax" time="256.432" classname="com.test.xcdhr.Salesforce_Core_Framework1.hrms_payroll.hrms_payroll.NI_TwoweeklyCatA.TestReports"/>
</testsuite> <!-- com.test.xcdhr.Salesforce_Core_Framework1.hrms_payroll.hrms_payroll.NI_TwoweeklyCatA.TestReports -->
