<?xml version="1.0" encoding="UTF-8"?>
<!-- Generated by org.testng.reporters.JUnitReportReporter -->
<testsuite name="com.test.xcdhr.Salesforce_Core_Framework1.hrms_payroll.NI_MonthlyCatC.ProcessPayrollForNIMonthly" tests="5" time="229.915" ignored="0" failures="0" timestamp="09 Apr 2018 11:38:47 GMT" skipped="0" hostname="DESKTOP-OAEFISL" errors="0">
  <testcase name="EmpsPayroll_Setup_ForIncomeTax" time="1.460" classname="com.test.xcdhr.Salesforce_Core_Framework1.hrms_payroll.NI_MonthlyCatC.ProcessPayrollForNIMonthly"/>
  <testcase name="EmpsPayroll_Setup_ForIncomeTax" time="185.520" classname="com.test.xcdhr.Salesforce_Core_Framework1.hrms_payroll.NI_MonthlyCatC.ProcessPayrollForNIMonthly"/>
  <testcase name="EmpsPayroll_Setup_ForIncomeTax" time="1.732" classname="com.test.xcdhr.Salesforce_Core_Framework1.hrms_payroll.NI_MonthlyCatC.ProcessPayrollForNIMonthly"/>
  <testcase name="EmpsPayroll_Setup_ForIncomeTax" time="39.558" classname="com.test.xcdhr.Salesforce_Core_Framework1.hrms_payroll.NI_MonthlyCatC.ProcessPayrollForNIMonthly"/>
  <testcase name="EmpsPayroll_Setup_ForIncomeTax" time="1.645" classname="com.test.xcdhr.Salesforce_Core_Framework1.hrms_payroll.NI_MonthlyCatC.ProcessPayrollForNIMonthly"/>
</testsuite> <!-- com.test.xcdhr.Salesforce_Core_Framework1.hrms_payroll.NI_MonthlyCatC.ProcessPayrollForNIMonthly -->
