<?xml version="1.0" encoding="UTF-8"?>
<!-- Generated by org.testng.reporters.JUnitReportReporter -->
<testsuite name="com.test.xcdhr.Salesforce_Core_Framework1.hrms_payroll.NI_MonthlyCatB.NIMonthlyCat_B" tests="18" time="644.715" ignored="0" failures="0" timestamp="09 Apr 2018 11:20:26 GMT" skipped="0" hostname="DESKTOP-OAEFISL" errors="0">
  <testcase name="EmpsSetup_WithAnnualSalary" time="30.630" classname="com.test.xcdhr.Salesforce_Core_Framework1.hrms_payroll.NI_MonthlyCatB.NIMonthlyCat_B"/>
  <testcase name="EmpsSetup_WithNICategory" time="22.537" classname="com.test.xcdhr.Salesforce_Core_Framework1.hrms_payroll.NI_MonthlyCatB.NIMonthlyCat_B"/>
  <testcase name="EmpsSetup_WithNICategory" time="21.710" classname="com.test.xcdhr.Salesforce_Core_Framework1.hrms_payroll.NI_MonthlyCatB.NIMonthlyCat_B"/>
  <testcase name="EmpsSetup_WithAnnualSalary" time="30.332" classname="com.test.xcdhr.Salesforce_Core_Framework1.hrms_payroll.NI_MonthlyCatB.NIMonthlyCat_B"/>
  <testcase name="EmpsSetup_WithAnnualSalary" time="30.745" classname="com.test.xcdhr.Salesforce_Core_Framework1.hrms_payroll.NI_MonthlyCatB.NIMonthlyCat_B"/>
  <testcase name="EmpsSetup_WithAnnualSalary" time="31.758" classname="com.test.xcdhr.Salesforce_Core_Framework1.hrms_payroll.NI_MonthlyCatB.NIMonthlyCat_B"/>
  <testcase name="EmpsSetup_WithAnnualSalary" time="30.636" classname="com.test.xcdhr.Salesforce_Core_Framework1.hrms_payroll.NI_MonthlyCatB.NIMonthlyCat_B"/>
  <testcase name="EmpsSetup_WithAnnualSalary" time="30.911" classname="com.test.xcdhr.Salesforce_Core_Framework1.hrms_payroll.NI_MonthlyCatB.NIMonthlyCat_B"/>
  <testcase name="EmpsSetup_WithNICategory" time="23.223" classname="com.test.xcdhr.Salesforce_Core_Framework1.hrms_payroll.NI_MonthlyCatB.NIMonthlyCat_B"/>
  <testcase name="EmpsSetup_WithNICategory" time="21.749" classname="com.test.xcdhr.Salesforce_Core_Framework1.hrms_payroll.NI_MonthlyCatB.NIMonthlyCat_B"/>
  <testcase name="EmpsSetup_WithNICategory" time="22.329" classname="com.test.xcdhr.Salesforce_Core_Framework1.hrms_payroll.NI_MonthlyCatB.NIMonthlyCat_B"/>
  <testcase name="EmpsSetup_WithNICategory" time="21.805" classname="com.test.xcdhr.Salesforce_Core_Framework1.hrms_payroll.NI_MonthlyCatB.NIMonthlyCat_B"/>
  <testcase name="EmpsSetup_WithAnnualSalary" time="29.994" classname="com.test.xcdhr.Salesforce_Core_Framework1.hrms_payroll.NI_MonthlyCatB.NIMonthlyCat_B"/>
  <testcase name="EmpsSetup_WithAnnualSalary" time="80.098" classname="com.test.xcdhr.Salesforce_Core_Framework1.hrms_payroll.NI_MonthlyCatB.NIMonthlyCat_B"/>
  <testcase name="EmpsSetup_WithNICategory" time="23.448" classname="com.test.xcdhr.Salesforce_Core_Framework1.hrms_payroll.NI_MonthlyCatB.NIMonthlyCat_B"/>
  <testcase name="EmpsSetup_WithNICategory" time="21.957" classname="com.test.xcdhr.Salesforce_Core_Framework1.hrms_payroll.NI_MonthlyCatB.NIMonthlyCat_B"/>
  <testcase name="EmpsSetup_WithAnnualSalary" time="30.349" classname="com.test.xcdhr.Salesforce_Core_Framework1.hrms_payroll.NI_MonthlyCatB.NIMonthlyCat_B"/>
  <testcase name="EmpsSetup_WithNICategory" time="140.504" classname="com.test.xcdhr.Salesforce_Core_Framework1.hrms_payroll.NI_MonthlyCatB.NIMonthlyCat_B"/>
</testsuite> <!-- com.test.xcdhr.Salesforce_Core_Framework1.hrms_payroll.NI_MonthlyCatB.NIMonthlyCat_B -->
