<?xml version="1.0" encoding="UTF-8"?>
<!-- Generated by org.testng.reporters.JUnitReportReporter -->
<testsuite name="com.test.xcdhr.Salesforce_Core_Framework1.hrms_payroll.NI_FourweeklyCatB.NI4WeeklyCat_B" tests="18" time="523.727" ignored="0" failures="0" timestamp="29 Mar 2018 11:55:32 GMT" skipped="0" hostname="DESKTOP-OAEFISL" errors="0">
  <testcase name="EmpsSetup_WithAnnualSalary" time="25.990" classname="com.test.xcdhr.Salesforce_Core_Framework1.hrms_payroll.NI_FourweeklyCatB.NI4WeeklyCat_B"/>
  <testcase name="EmpsSetup_WithNICategory" time="20.012" classname="com.test.xcdhr.Salesforce_Core_Framework1.hrms_payroll.NI_FourweeklyCatB.NI4WeeklyCat_B"/>
  <testcase name="EmpsSetup_WithNICategory" time="20.130" classname="com.test.xcdhr.Salesforce_Core_Framework1.hrms_payroll.NI_FourweeklyCatB.NI4WeeklyCat_B"/>
  <testcase name="EmpsSetup_WithAnnualSalary" time="25.579" classname="com.test.xcdhr.Salesforce_Core_Framework1.hrms_payroll.NI_FourweeklyCatB.NI4WeeklyCat_B"/>
  <testcase name="EmpsSetup_WithNICategory" time="82.116" classname="com.test.xcdhr.Salesforce_Core_Framework1.hrms_payroll.NI_FourweeklyCatB.NI4WeeklyCat_B"/>
  <testcase name="EmpsSetup_WithAnnualSalary" time="71.316" classname="com.test.xcdhr.Salesforce_Core_Framework1.hrms_payroll.NI_FourweeklyCatB.NI4WeeklyCat_B"/>
  <testcase name="EmpsSetup_WithAnnualSalary" time="25.874" classname="com.test.xcdhr.Salesforce_Core_Framework1.hrms_payroll.NI_FourweeklyCatB.NI4WeeklyCat_B"/>
  <testcase name="EmpsSetup_WithAnnualSalary" time="27.100" classname="com.test.xcdhr.Salesforce_Core_Framework1.hrms_payroll.NI_FourweeklyCatB.NI4WeeklyCat_B"/>
  <testcase name="EmpsSetup_WithNICategory" time="20.559" classname="com.test.xcdhr.Salesforce_Core_Framework1.hrms_payroll.NI_FourweeklyCatB.NI4WeeklyCat_B"/>
  <testcase name="EmpsSetup_WithAnnualSalary" time="26.958" classname="com.test.xcdhr.Salesforce_Core_Framework1.hrms_payroll.NI_FourweeklyCatB.NI4WeeklyCat_B"/>
  <testcase name="EmpsSetup_WithNICategory" time="20.669" classname="com.test.xcdhr.Salesforce_Core_Framework1.hrms_payroll.NI_FourweeklyCatB.NI4WeeklyCat_B"/>
  <testcase name="EmpsSetup_WithNICategory" time="19.726" classname="com.test.xcdhr.Salesforce_Core_Framework1.hrms_payroll.NI_FourweeklyCatB.NI4WeeklyCat_B"/>
  <testcase name="EmpsSetup_WithNICategory" time="19.840" classname="com.test.xcdhr.Salesforce_Core_Framework1.hrms_payroll.NI_FourweeklyCatB.NI4WeeklyCat_B"/>
  <testcase name="EmpsSetup_WithAnnualSalary" time="25.954" classname="com.test.xcdhr.Salesforce_Core_Framework1.hrms_payroll.NI_FourweeklyCatB.NI4WeeklyCat_B"/>
  <testcase name="EmpsSetup_WithNICategory" time="19.684" classname="com.test.xcdhr.Salesforce_Core_Framework1.hrms_payroll.NI_FourweeklyCatB.NI4WeeklyCat_B"/>
  <testcase name="EmpsSetup_WithAnnualSalary" time="26.486" classname="com.test.xcdhr.Salesforce_Core_Framework1.hrms_payroll.NI_FourweeklyCatB.NI4WeeklyCat_B"/>
  <testcase name="EmpsSetup_WithNICategory" time="19.978" classname="com.test.xcdhr.Salesforce_Core_Framework1.hrms_payroll.NI_FourweeklyCatB.NI4WeeklyCat_B"/>
  <testcase name="EmpsSetup_WithAnnualSalary" time="25.756" classname="com.test.xcdhr.Salesforce_Core_Framework1.hrms_payroll.NI_FourweeklyCatB.NI4WeeklyCat_B"/>
</testsuite> <!-- com.test.xcdhr.Salesforce_Core_Framework1.hrms_payroll.NI_FourweeklyCatB.NI4WeeklyCat_B -->
