<?xml version="1.0" encoding="UTF-8"?>
<!-- Generated by org.testng.reporters.JUnitReportReporter -->
<testsuite name="com.test.xcdhr.Salesforce_Core_Framework1.hrms_payroll.NI_weeklyCatA.NIWeeklyCat_A" tests="14" time="534.539" ignored="0" failures="0" timestamp="30 Mar 2018 13:14:03 GMT" skipped="0" hostname="XCDHR_2010" errors="0">
  <testcase name="EmpsSetup_WithAnnualSalary" time="41.084" classname="com.test.xcdhr.Salesforce_Core_Framework1.hrms_payroll.NI_weeklyCatA.NIWeeklyCat_A"/>
  <testcase name="EmpsSetup_WithNICategory" time="25.607" classname="com.test.xcdhr.Salesforce_Core_Framework1.hrms_payroll.NI_weeklyCatA.NIWeeklyCat_A"/>
  <testcase name="EmpsSetup_WithAnnualSalary" time="42.184" classname="com.test.xcdhr.Salesforce_Core_Framework1.hrms_payroll.NI_weeklyCatA.NIWeeklyCat_A"/>
  <testcase name="EmpsSetup_WithNICategory" time="26.097" classname="com.test.xcdhr.Salesforce_Core_Framework1.hrms_payroll.NI_weeklyCatA.NIWeeklyCat_A"/>
  <testcase name="EmpsSetup_WithNICategory" time="26.601" classname="com.test.xcdhr.Salesforce_Core_Framework1.hrms_payroll.NI_weeklyCatA.NIWeeklyCat_A"/>
  <testcase name="EmpsSetup_WithAnnualSalary" time="41.517" classname="com.test.xcdhr.Salesforce_Core_Framework1.hrms_payroll.NI_weeklyCatA.NIWeeklyCat_A"/>
  <testcase name="EmpsSetup_WithAnnualSalary" time="40.564" classname="com.test.xcdhr.Salesforce_Core_Framework1.hrms_payroll.NI_weeklyCatA.NIWeeklyCat_A"/>
  <testcase name="EmpsSetup_WithAnnualSalary" time="41.050" classname="com.test.xcdhr.Salesforce_Core_Framework1.hrms_payroll.NI_weeklyCatA.NIWeeklyCat_A"/>
  <testcase name="EmpsSetup_WithNICategory" time="25.332" classname="com.test.xcdhr.Salesforce_Core_Framework1.hrms_payroll.NI_weeklyCatA.NIWeeklyCat_A"/>
  <testcase name="EmpsSetup_WithNICategory" time="72.127" classname="com.test.xcdhr.Salesforce_Core_Framework1.hrms_payroll.NI_weeklyCatA.NIWeeklyCat_A"/>
  <testcase name="EmpsSetup_WithNICategory" time="24.252" classname="com.test.xcdhr.Salesforce_Core_Framework1.hrms_payroll.NI_weeklyCatA.NIWeeklyCat_A"/>
  <testcase name="EmpsSetup_WithAnnualSalary" time="40.862" classname="com.test.xcdhr.Salesforce_Core_Framework1.hrms_payroll.NI_weeklyCatA.NIWeeklyCat_A"/>
  <testcase name="EmpsSetup_WithAnnualSalary" time="60.169" classname="com.test.xcdhr.Salesforce_Core_Framework1.hrms_payroll.NI_weeklyCatA.NIWeeklyCat_A"/>
  <testcase name="EmpsSetup_WithNICategory" time="27.093" classname="com.test.xcdhr.Salesforce_Core_Framework1.hrms_payroll.NI_weeklyCatA.NIWeeklyCat_A"/>
</testsuite> <!-- com.test.xcdhr.Salesforce_Core_Framework1.hrms_payroll.NI_weeklyCatA.NIWeeklyCat_A -->
