<?xml version="1.0" encoding="UTF-8"?>
<!-- Generated by org.testng.reporters.JUnitReportReporter -->
<testsuite name="com.test.xcdhr.Salesforce_Core_Framework1.hrms_payroll.IncomeTax_TCWeek1_204045VariablePayANDWeekly50RL.GeneralTaxRateWeekly" tests="10" time="545.449" ignored="0" failures="0" timestamp="20 Nov 2017 06:28:44 GMT" skipped="0" hostname="ConsLeague-PC11" errors="0">
  <testcase name="EmpsSetup_ForMonthlyTaxRate" time="48.047" classname="com.test.xcdhr.Salesforce_Core_Framework1.hrms_payroll.IncomeTax_TCWeek1_204045VariablePayANDWeekly50RL.GeneralTaxRateWeekly"/>
  <testcase name="EmpsSetup_ForMonthlyTaxRate" time="42.889" classname="com.test.xcdhr.Salesforce_Core_Framework1.hrms_payroll.IncomeTax_TCWeek1_204045VariablePayANDWeekly50RL.GeneralTaxRateWeekly"/>
  <testcase name="EmpsSetup_ForMonthlyTaxRate" time="42.024" classname="com.test.xcdhr.Salesforce_Core_Framework1.hrms_payroll.IncomeTax_TCWeek1_204045VariablePayANDWeekly50RL.GeneralTaxRateWeekly"/>
  <testcase name="EmpsSetup_WithAnnualSalary" time="37.592" classname="com.test.xcdhr.Salesforce_Core_Framework1.hrms_payroll.IncomeTax_TCWeek1_204045VariablePayANDWeekly50RL.GeneralTaxRateWeekly"/>
  <testcase name="EmpsSetup_ForMonthlyTaxRate" time="41.423" classname="com.test.xcdhr.Salesforce_Core_Framework1.hrms_payroll.IncomeTax_TCWeek1_204045VariablePayANDWeekly50RL.GeneralTaxRateWeekly"/>
  <testcase name="EmpsSetup_WithAnnualSalary" time="37.432" classname="com.test.xcdhr.Salesforce_Core_Framework1.hrms_payroll.IncomeTax_TCWeek1_204045VariablePayANDWeekly50RL.GeneralTaxRateWeekly"/>
  <testcase name="EmpsSetup_WithAnnualSalary" time="64.518" classname="com.test.xcdhr.Salesforce_Core_Framework1.hrms_payroll.IncomeTax_TCWeek1_204045VariablePayANDWeekly50RL.GeneralTaxRateWeekly"/>
  <testcase name="EmpsSetup_ForMonthlyTaxRate" time="155.534" classname="com.test.xcdhr.Salesforce_Core_Framework1.hrms_payroll.IncomeTax_TCWeek1_204045VariablePayANDWeekly50RL.GeneralTaxRateWeekly"/>
  <testcase name="EmpsSetup_WithAnnualSalary" time="37.685" classname="com.test.xcdhr.Salesforce_Core_Framework1.hrms_payroll.IncomeTax_TCWeek1_204045VariablePayANDWeekly50RL.GeneralTaxRateWeekly"/>
  <testcase name="EmpsSetup_WithAnnualSalary" time="38.305" classname="com.test.xcdhr.Salesforce_Core_Framework1.hrms_payroll.IncomeTax_TCWeek1_204045VariablePayANDWeekly50RL.GeneralTaxRateWeekly"/>
</testsuite> <!-- com.test.xcdhr.Salesforce_Core_Framework1.hrms_payroll.IncomeTax_TCWeek1_204045VariablePayANDWeekly50RL.GeneralTaxRateWeekly -->
