<?xml version="1.0" encoding="UTF-8"?>
<!-- Generated by org.testng.reporters.JUnitReportReporter -->
<testsuite name="com.test.xcdhr.Salesforce_Core_Framework1.hrms_payroll.SAP_Statutory_Scenario.ResetData" tests="1" time="201.385" ignored="0" failures="0" timestamp="18 Sep 2017 14:36:53 GMT" skipped="0" hostname="ConsLeague-PC11" errors="0">
  <testcase name="ResetEmploymentAndLeaveTab" time="201.385" classname="com.test.xcdhr.Salesforce_Core_Framework1.hrms_payroll.SAP_Statutory_Scenario.ResetData"/>
</testsuite> <!-- com.test.xcdhr.Salesforce_Core_Framework1.hrms_payroll.SAP_Statutory_Scenario.ResetData -->
