<?xml version="1.0" encoding="UTF-8"?>
<!-- Generated by org.testng.reporters.JUnitReportReporter -->
<testsuite name="com.test.xcdhr.Salesforce_Core_Framework1.hrms_payroll.NI_weeklyCatA.NIWeeklyCat_A" tests="18" time="653.890" ignored="0" failures="0" timestamp="10 Apr 2018 07:37:23 GMT" skipped="0" hostname="DESKTOP-OAEFISL" errors="0">
  <testcase name="EmpsSetup_WithNICategory" time="24.461" classname="com.test.xcdhr.Salesforce_Core_Framework1.hrms_payroll.NI_weeklyCatA.NIWeeklyCat_A"/>
  <testcase name="EmpsSetup_WithAnnualSalary" time="34.545" classname="com.test.xcdhr.Salesforce_Core_Framework1.hrms_payroll.NI_weeklyCatA.NIWeeklyCat_A"/>
  <testcase name="EmpsSetup_WithNICategory" time="24.341" classname="com.test.xcdhr.Salesforce_Core_Framework1.hrms_payroll.NI_weeklyCatA.NIWeeklyCat_A"/>
  <testcase name="EmpsSetup_WithAnnualSalary" time="53.864" classname="com.test.xcdhr.Salesforce_Core_Framework1.hrms_payroll.NI_weeklyCatA.NIWeeklyCat_A"/>
  <testcase name="EmpsSetup_WithNICategory" time="23.906" classname="com.test.xcdhr.Salesforce_Core_Framework1.hrms_payroll.NI_weeklyCatA.NIWeeklyCat_A"/>
  <testcase name="EmpsSetup_WithNICategory" time="23.136" classname="com.test.xcdhr.Salesforce_Core_Framework1.hrms_payroll.NI_weeklyCatA.NIWeeklyCat_A"/>
  <testcase name="EmpsSetup_WithAnnualSalary" time="36.651" classname="com.test.xcdhr.Salesforce_Core_Framework1.hrms_payroll.NI_weeklyCatA.NIWeeklyCat_A"/>
  <testcase name="EmpsSetup_WithNICategory" time="24.010" classname="com.test.xcdhr.Salesforce_Core_Framework1.hrms_payroll.NI_weeklyCatA.NIWeeklyCat_A"/>
  <testcase name="EmpsSetup_WithNICategory" time="25.422" classname="com.test.xcdhr.Salesforce_Core_Framework1.hrms_payroll.NI_weeklyCatA.NIWeeklyCat_A"/>
  <testcase name="EmpsSetup_WithNICategory" time="25.403" classname="com.test.xcdhr.Salesforce_Core_Framework1.hrms_payroll.NI_weeklyCatA.NIWeeklyCat_A"/>
  <testcase name="EmpsSetup_WithNICategory" time="24.457" classname="com.test.xcdhr.Salesforce_Core_Framework1.hrms_payroll.NI_weeklyCatA.NIWeeklyCat_A"/>
  <testcase name="EmpsSetup_WithAnnualSalary" time="34.692" classname="com.test.xcdhr.Salesforce_Core_Framework1.hrms_payroll.NI_weeklyCatA.NIWeeklyCat_A"/>
  <testcase name="EmpsSetup_WithAnnualSalary" time="34.049" classname="com.test.xcdhr.Salesforce_Core_Framework1.hrms_payroll.NI_weeklyCatA.NIWeeklyCat_A"/>
  <testcase name="EmpsSetup_WithAnnualSalary" time="35.446" classname="com.test.xcdhr.Salesforce_Core_Framework1.hrms_payroll.NI_weeklyCatA.NIWeeklyCat_A"/>
  <testcase name="EmpsSetup_WithAnnualSalary" time="36.515" classname="com.test.xcdhr.Salesforce_Core_Framework1.hrms_payroll.NI_weeklyCatA.NIWeeklyCat_A"/>
  <testcase name="EmpsSetup_WithAnnualSalary" time="34.930" classname="com.test.xcdhr.Salesforce_Core_Framework1.hrms_payroll.NI_weeklyCatA.NIWeeklyCat_A"/>
  <testcase name="EmpsSetup_WithNICategory" time="122.649" classname="com.test.xcdhr.Salesforce_Core_Framework1.hrms_payroll.NI_weeklyCatA.NIWeeklyCat_A"/>
  <testcase name="EmpsSetup_WithAnnualSalary" time="35.413" classname="com.test.xcdhr.Salesforce_Core_Framework1.hrms_payroll.NI_weeklyCatA.NIWeeklyCat_A"/>
</testsuite> <!-- com.test.xcdhr.Salesforce_Core_Framework1.hrms_payroll.NI_weeklyCatA.NIWeeklyCat_A -->
