<?xml version="1.0" encoding="UTF-8"?>
<!-- Generated by org.testng.reporters.JUnitReportReporter -->
<testsuite name="com.test.xcdhr.Salesforce_Core_Framework1.hrms_payroll.NI_TwoweeklyCatA.NI2WeeklyCat_A" tests="18" time="682.071" ignored="0" failures="0" timestamp="20 Dec 2017 13:37:37 GMT" skipped="0" hostname="ConsLeague-PC11" errors="0">
  <testcase name="EmpsSetup_WithAnnualSalary" time="38.797" classname="com.test.xcdhr.Salesforce_Core_Framework1.hrms_payroll.NI_TwoweeklyCatA.NI2WeeklyCat_A"/>
  <testcase name="EmpsSetup_WithAnnualSalary" time="38.495" classname="com.test.xcdhr.Salesforce_Core_Framework1.hrms_payroll.NI_TwoweeklyCatA.NI2WeeklyCat_A"/>
  <testcase name="EmpsSetup_WithNICategory" time="26.362" classname="com.test.xcdhr.Salesforce_Core_Framework1.hrms_payroll.NI_TwoweeklyCatA.NI2WeeklyCat_A"/>
  <testcase name="EmpsSetup_WithNICategory" time="25.186" classname="com.test.xcdhr.Salesforce_Core_Framework1.hrms_payroll.NI_TwoweeklyCatA.NI2WeeklyCat_A"/>
  <testcase name="EmpsSetup_WithAnnualSalary" time="39.449" classname="com.test.xcdhr.Salesforce_Core_Framework1.hrms_payroll.NI_TwoweeklyCatA.NI2WeeklyCat_A"/>
  <testcase name="EmpsSetup_WithNICategory" time="25.746" classname="com.test.xcdhr.Salesforce_Core_Framework1.hrms_payroll.NI_TwoweeklyCatA.NI2WeeklyCat_A"/>
  <testcase name="EmpsSetup_WithNICategory" time="116.423" classname="com.test.xcdhr.Salesforce_Core_Framework1.hrms_payroll.NI_TwoweeklyCatA.NI2WeeklyCat_A"/>
  <testcase name="EmpsSetup_WithNICategory" time="26.655" classname="com.test.xcdhr.Salesforce_Core_Framework1.hrms_payroll.NI_TwoweeklyCatA.NI2WeeklyCat_A"/>
  <testcase name="EmpsSetup_WithNICategory" time="25.092" classname="com.test.xcdhr.Salesforce_Core_Framework1.hrms_payroll.NI_TwoweeklyCatA.NI2WeeklyCat_A"/>
  <testcase name="EmpsSetup_WithNICategory" time="26.446" classname="com.test.xcdhr.Salesforce_Core_Framework1.hrms_payroll.NI_TwoweeklyCatA.NI2WeeklyCat_A"/>
  <testcase name="EmpsSetup_WithAnnualSalary" time="38.424" classname="com.test.xcdhr.Salesforce_Core_Framework1.hrms_payroll.NI_TwoweeklyCatA.NI2WeeklyCat_A"/>
  <testcase name="EmpsSetup_WithAnnualSalary" time="36.795" classname="com.test.xcdhr.Salesforce_Core_Framework1.hrms_payroll.NI_TwoweeklyCatA.NI2WeeklyCat_A"/>
  <testcase name="EmpsSetup_WithAnnualSalary" time="56.129" classname="com.test.xcdhr.Salesforce_Core_Framework1.hrms_payroll.NI_TwoweeklyCatA.NI2WeeklyCat_A"/>
  <testcase name="EmpsSetup_WithAnnualSalary" time="37.513" classname="com.test.xcdhr.Salesforce_Core_Framework1.hrms_payroll.NI_TwoweeklyCatA.NI2WeeklyCat_A"/>
  <testcase name="EmpsSetup_WithAnnualSalary" time="36.576" classname="com.test.xcdhr.Salesforce_Core_Framework1.hrms_payroll.NI_TwoweeklyCatA.NI2WeeklyCat_A"/>
  <testcase name="EmpsSetup_WithNICategory" time="25.273" classname="com.test.xcdhr.Salesforce_Core_Framework1.hrms_payroll.NI_TwoweeklyCatA.NI2WeeklyCat_A"/>
  <testcase name="EmpsSetup_WithNICategory" time="25.908" classname="com.test.xcdhr.Salesforce_Core_Framework1.hrms_payroll.NI_TwoweeklyCatA.NI2WeeklyCat_A"/>
  <testcase name="EmpsSetup_WithAnnualSalary" time="36.802" classname="com.test.xcdhr.Salesforce_Core_Framework1.hrms_payroll.NI_TwoweeklyCatA.NI2WeeklyCat_A"/>
</testsuite> <!-- com.test.xcdhr.Salesforce_Core_Framework1.hrms_payroll.NI_TwoweeklyCatA.NI2WeeklyCat_A -->
