<?xml version="1.0" encoding="UTF-8"?>
<!-- Generated by org.testng.reporters.JUnitReportReporter -->
<testsuite name="com.test.xcdhr.Salesforce_Core_Framework1.hrms_payroll.IncomeTax_TCMnth3LDOD1BRNTOTK50RL.ProcessPayrollForMonthlyTax" tests="5" time="479.023" ignored="0" failures="0" timestamp="18 Dec 2017 12:17:42 GMT" skipped="0" hostname="DESKTOP-OAEFISL" errors="0">
  <testcase name="EmpsPayroll_Setup_ForIncomeTax" time="2.941" classname="com.test.xcdhr.Salesforce_Core_Framework1.hrms_payroll.IncomeTax_TCMnth3LDOD1BRNTOTK50RL.ProcessPayrollForMonthlyTax"/>
  <testcase name="EmpsPayroll_Setup_ForIncomeTax" time="38.828" classname="com.test.xcdhr.Salesforce_Core_Framework1.hrms_payroll.IncomeTax_TCMnth3LDOD1BRNTOTK50RL.ProcessPayrollForMonthlyTax"/>
  <testcase name="EmpsPayroll_Setup_ForIncomeTax" time="3.003" classname="com.test.xcdhr.Salesforce_Core_Framework1.hrms_payroll.IncomeTax_TCMnth3LDOD1BRNTOTK50RL.ProcessPayrollForMonthlyTax"/>
  <testcase name="EmpsPayroll_Setup_ForIncomeTax" time="431.289" classname="com.test.xcdhr.Salesforce_Core_Framework1.hrms_payroll.IncomeTax_TCMnth3LDOD1BRNTOTK50RL.ProcessPayrollForMonthlyTax"/>
  <testcase name="EmpsPayroll_Setup_ForIncomeTax" time="2.962" classname="com.test.xcdhr.Salesforce_Core_Framework1.hrms_payroll.IncomeTax_TCMnth3LDOD1BRNTOTK50RL.ProcessPayrollForMonthlyTax"/>
</testsuite> <!-- com.test.xcdhr.Salesforce_Core_Framework1.hrms_payroll.IncomeTax_TCMnth3LDOD1BRNTOTK50RL.ProcessPayrollForMonthlyTax -->
