<?xml version="1.0" encoding="UTF-8"?>
<!-- Generated by org.testng.reporters.JUnitReportReporter -->
<testsuite name="com.test.xcdhr.Salesforce_Core_Framework1.hrms_payroll.NI_TwoweeklyCatA.ProcessPayrollForNIWeekly" tests="9" time="322.172" ignored="0" failures="0" timestamp="01 Jun 2018 13:35:04 GMT" skipped="0" hostname="DESKTOP-OAEFISL" errors="0">
  <testcase name="EmpsPayroll_Setup_ForIncomeTax" time="1.692" classname="com.test.xcdhr.Salesforce_Core_Framework1.hrms_payroll.NI_TwoweeklyCatA.ProcessPayrollForNIWeekly"/>
  <testcase name="EmpsPayroll_Setup_ForIncomeTax" time="73.376" classname="com.test.xcdhr.Salesforce_Core_Framework1.hrms_payroll.NI_TwoweeklyCatA.ProcessPayrollForNIWeekly"/>
  <testcase name="EmpsPayroll_Setup_ForIncomeTax" time="1.749" classname="com.test.xcdhr.Salesforce_Core_Framework1.hrms_payroll.NI_TwoweeklyCatA.ProcessPayrollForNIWeekly"/>
  <testcase name="EmpsPayroll_Setup_ForIncomeTax" time="1.558" classname="com.test.xcdhr.Salesforce_Core_Framework1.hrms_payroll.NI_TwoweeklyCatA.ProcessPayrollForNIWeekly"/>
  <testcase name="EmpsPayroll_Setup_ForIncomeTax" time="1.751" classname="com.test.xcdhr.Salesforce_Core_Framework1.hrms_payroll.NI_TwoweeklyCatA.ProcessPayrollForNIWeekly"/>
  <testcase name="EmpsPayroll_Setup_ForIncomeTax" time="237.212" classname="com.test.xcdhr.Salesforce_Core_Framework1.hrms_payroll.NI_TwoweeklyCatA.ProcessPayrollForNIWeekly"/>
  <testcase name="EmpsPayroll_Setup_ForIncomeTax" time="1.586" classname="com.test.xcdhr.Salesforce_Core_Framework1.hrms_payroll.NI_TwoweeklyCatA.ProcessPayrollForNIWeekly"/>
  <testcase name="EmpsPayroll_Setup_ForIncomeTax" time="1.612" classname="com.test.xcdhr.Salesforce_Core_Framework1.hrms_payroll.NI_TwoweeklyCatA.ProcessPayrollForNIWeekly"/>
  <testcase name="EmpsPayroll_Setup_ForIncomeTax" time="1.636" classname="com.test.xcdhr.Salesforce_Core_Framework1.hrms_payroll.NI_TwoweeklyCatA.ProcessPayrollForNIWeekly"/>
</testsuite> <!-- com.test.xcdhr.Salesforce_Core_Framework1.hrms_payroll.NI_TwoweeklyCatA.ProcessPayrollForNIWeekly -->
