<?xml version="1.0" encoding="UTF-8"?>
<!-- Generated by org.testng.reporters.JUnitReportReporter -->
<testsuite name="com.test.xcdhr.Salesforce_Core_Framework1.hrms_payroll.IncomeTax_TCWeek1_204045VariablePayANDWeekly50RL.GeneralTaxRateWeekly" tests="10" time="417.572" ignored="0" failures="0" timestamp="01 Mar 2018 07:25:46 GMT" skipped="0" hostname="DESKTOP-OAEFISL" errors="0">
  <testcase name="EmpsSetup_WithAnnualSalary" time="34.200" classname="com.test.xcdhr.Salesforce_Core_Framework1.hrms_payroll.IncomeTax_TCWeek1_204045VariablePayANDWeekly50RL.GeneralTaxRateWeekly"/>
  <testcase name="EmpsSetup_ForMonthlyTaxRate" time="74.365" classname="com.test.xcdhr.Salesforce_Core_Framework1.hrms_payroll.IncomeTax_TCWeek1_204045VariablePayANDWeekly50RL.GeneralTaxRateWeekly"/>
  <testcase name="EmpsSetup_ForMonthlyTaxRate" time="39.809" classname="com.test.xcdhr.Salesforce_Core_Framework1.hrms_payroll.IncomeTax_TCWeek1_204045VariablePayANDWeekly50RL.GeneralTaxRateWeekly"/>
  <testcase name="EmpsSetup_ForMonthlyTaxRate" time="39.733" classname="com.test.xcdhr.Salesforce_Core_Framework1.hrms_payroll.IncomeTax_TCWeek1_204045VariablePayANDWeekly50RL.GeneralTaxRateWeekly"/>
  <testcase name="EmpsSetup_ForMonthlyTaxRate" time="39.350" classname="com.test.xcdhr.Salesforce_Core_Framework1.hrms_payroll.IncomeTax_TCWeek1_204045VariablePayANDWeekly50RL.GeneralTaxRateWeekly"/>
  <testcase name="EmpsSetup_WithAnnualSalary" time="49.945" classname="com.test.xcdhr.Salesforce_Core_Framework1.hrms_payroll.IncomeTax_TCWeek1_204045VariablePayANDWeekly50RL.GeneralTaxRateWeekly"/>
  <testcase name="EmpsSetup_ForMonthlyTaxRate" time="40.005" classname="com.test.xcdhr.Salesforce_Core_Framework1.hrms_payroll.IncomeTax_TCWeek1_204045VariablePayANDWeekly50RL.GeneralTaxRateWeekly"/>
  <testcase name="EmpsSetup_WithAnnualSalary" time="33.686" classname="com.test.xcdhr.Salesforce_Core_Framework1.hrms_payroll.IncomeTax_TCWeek1_204045VariablePayANDWeekly50RL.GeneralTaxRateWeekly"/>
  <testcase name="EmpsSetup_WithAnnualSalary" time="33.074" classname="com.test.xcdhr.Salesforce_Core_Framework1.hrms_payroll.IncomeTax_TCWeek1_204045VariablePayANDWeekly50RL.GeneralTaxRateWeekly"/>
  <testcase name="EmpsSetup_WithAnnualSalary" time="33.405" classname="com.test.xcdhr.Salesforce_Core_Framework1.hrms_payroll.IncomeTax_TCWeek1_204045VariablePayANDWeekly50RL.GeneralTaxRateWeekly"/>
</testsuite> <!-- com.test.xcdhr.Salesforce_Core_Framework1.hrms_payroll.IncomeTax_TCWeek1_204045VariablePayANDWeekly50RL.GeneralTaxRateWeekly -->
