<?xml version="1.0" encoding="UTF-8"?>
<!-- Generated by org.testng.reporters.JUnitReportReporter -->
<testsuite name="com.test.xcdhr.Salesforce_Core_Framework1.hrms_payroll.NI_MonthlyCatA.ExecuteQuery" tests="1" time="37.346" ignored="0" failures="0" timestamp="20 Dec 2017 11:08:01 GMT" skipped="0" hostname="DESKTOP-OAEFISL" errors="0">
  <testcase name="queryExecute" time="37.346" classname="com.test.xcdhr.Salesforce_Core_Framework1.hrms_payroll.NI_MonthlyCatA.ExecuteQuery"/>
</testsuite> <!-- com.test.xcdhr.Salesforce_Core_Framework1.hrms_payroll.NI_MonthlyCatA.ExecuteQuery -->
