<?xml version="1.0" encoding="UTF-8"?>
<!-- Generated by org.testng.reporters.JUnitReportReporter -->
<testsuite name="com.test.xcdhr.Salesforce_Core_Framework1.hrms_payroll.NI_MonthlyCatA.ExecuteQuery" tests="1" time="72.541" ignored="0" failures="0" timestamp="28 Aug 2017 09:24:16 GMT" skipped="0" hostname="ConsLeague-PC11" errors="0">
  <testcase name="queryExecute" time="72.541" classname="com.test.xcdhr.Salesforce_Core_Framework1.hrms_payroll.NI_MonthlyCatA.ExecuteQuery"/>
</testsuite> <!-- com.test.xcdhr.Salesforce_Core_Framework1.hrms_payroll.NI_MonthlyCatA.ExecuteQuery -->
