<?xml version="1.0" encoding="UTF-8"?>
<!-- Generated by org.testng.reporters.JUnitReportReporter -->
<testsuite name="com.test.xcdhr.Salesforce_Core_Framework1.hrms_payroll.NI_weeklyCatB.NIWeeklyCat_B" tests="18" time="93.434" ignored="0" failures="0" timestamp="20 Sep 2017 12:36:08 GMT" skipped="0" hostname="DESKTOP-OAEFISL" errors="0">
  <testcase name="EmpsSetup_WithNICategory" time="1.530" classname="com.test.xcdhr.Salesforce_Core_Framework1.hrms_payroll.NI_weeklyCatB.NIWeeklyCat_B"/>
  <testcase name="EmpsSetup_WithNICategory" time="52.568" classname="com.test.xcdhr.Salesforce_Core_Framework1.hrms_payroll.NI_weeklyCatB.NIWeeklyCat_B"/>
  <testcase name="EmpsSetup_WithAnnualSalary" time="2.610" classname="com.test.xcdhr.Salesforce_Core_Framework1.hrms_payroll.NI_weeklyCatB.NIWeeklyCat_B"/>
  <testcase name="EmpsSetup_WithAnnualSalary" time="2.602" classname="com.test.xcdhr.Salesforce_Core_Framework1.hrms_payroll.NI_weeklyCatB.NIWeeklyCat_B"/>
  <testcase name="EmpsSetup_WithAnnualSalary" time="2.539" classname="com.test.xcdhr.Salesforce_Core_Framework1.hrms_payroll.NI_weeklyCatB.NIWeeklyCat_B"/>
  <testcase name="EmpsSetup_WithNICategory" time="1.567" classname="com.test.xcdhr.Salesforce_Core_Framework1.hrms_payroll.NI_weeklyCatB.NIWeeklyCat_B"/>
  <testcase name="EmpsSetup_WithNICategory" time="1.584" classname="com.test.xcdhr.Salesforce_Core_Framework1.hrms_payroll.NI_weeklyCatB.NIWeeklyCat_B"/>
  <testcase name="EmpsSetup_WithAnnualSalary" time="2.815" classname="com.test.xcdhr.Salesforce_Core_Framework1.hrms_payroll.NI_weeklyCatB.NIWeeklyCat_B"/>
  <testcase name="EmpsSetup_WithAnnualSalary" time="2.618" classname="com.test.xcdhr.Salesforce_Core_Framework1.hrms_payroll.NI_weeklyCatB.NIWeeklyCat_B"/>
  <testcase name="EmpsSetup_WithNICategory" time="1.528" classname="com.test.xcdhr.Salesforce_Core_Framework1.hrms_payroll.NI_weeklyCatB.NIWeeklyCat_B"/>
  <testcase name="EmpsSetup_WithNICategory" time="1.569" classname="com.test.xcdhr.Salesforce_Core_Framework1.hrms_payroll.NI_weeklyCatB.NIWeeklyCat_B"/>
  <testcase name="EmpsSetup_WithAnnualSalary" time="3.056" classname="com.test.xcdhr.Salesforce_Core_Framework1.hrms_payroll.NI_weeklyCatB.NIWeeklyCat_B"/>
  <testcase name="EmpsSetup_WithAnnualSalary" time="2.601" classname="com.test.xcdhr.Salesforce_Core_Framework1.hrms_payroll.NI_weeklyCatB.NIWeeklyCat_B"/>
  <testcase name="EmpsSetup_WithNICategory" time="1.643" classname="com.test.xcdhr.Salesforce_Core_Framework1.hrms_payroll.NI_weeklyCatB.NIWeeklyCat_B"/>
  <testcase name="EmpsSetup_WithNICategory" time="1.672" classname="com.test.xcdhr.Salesforce_Core_Framework1.hrms_payroll.NI_weeklyCatB.NIWeeklyCat_B"/>
  <testcase name="EmpsSetup_WithAnnualSalary" time="6.734" classname="com.test.xcdhr.Salesforce_Core_Framework1.hrms_payroll.NI_weeklyCatB.NIWeeklyCat_B"/>
  <testcase name="EmpsSetup_WithNICategory" time="1.564" classname="com.test.xcdhr.Salesforce_Core_Framework1.hrms_payroll.NI_weeklyCatB.NIWeeklyCat_B"/>
  <testcase name="EmpsSetup_WithAnnualSalary" time="2.634" classname="com.test.xcdhr.Salesforce_Core_Framework1.hrms_payroll.NI_weeklyCatB.NIWeeklyCat_B"/>
</testsuite> <!-- com.test.xcdhr.Salesforce_Core_Framework1.hrms_payroll.NI_weeklyCatB.NIWeeklyCat_B -->
