<?xml version="1.0" encoding="UTF-8"?>
<!-- Generated by org.testng.reporters.JUnitReportReporter -->
<testsuite name="com.test.xcdhr.Salesforce_Core_Framework1.hrms_payroll.NI_DirctorReachesPensionAgeMonth1.NIDirector_ReachsPensonAgeMnth1" tests="2" time="150.976" ignored="0" failures="0" timestamp="22 Sep 2017 11:37:51 GMT" skipped="0" hostname="DESKTOP-OAEFISL" errors="0">
  <testcase name="EmpsSetup_WithNICategory" time="118.261" classname="com.test.xcdhr.Salesforce_Core_Framework1.hrms_payroll.NI_DirctorReachesPensionAgeMonth1.NIDirector_ReachsPensonAgeMnth1"/>
  <testcase name="EmpsSetup_WithAnnualSalary" time="32.715" classname="com.test.xcdhr.Salesforce_Core_Framework1.hrms_payroll.NI_DirctorReachesPensionAgeMonth1.NIDirector_ReachsPensonAgeMnth1"/>
</testsuite> <!-- com.test.xcdhr.Salesforce_Core_Framework1.hrms_payroll.NI_DirctorReachesPensionAgeMonth1.NIDirector_ReachsPensonAgeMnth1 -->
