<?xml version="1.0" encoding="UTF-8"?>
<!-- Generated by org.testng.reporters.JUnitReportReporter -->
<testsuite name="com.test.xcdhr.Salesforce_Core_Framework1.hrms_payroll.NI_FourweeklyCatA.NI4WeeklyCat_A" tests="18" time="575.453" ignored="0" failures="0" timestamp="30 Mar 2018 13:32:53 GMT" skipped="0" hostname="XCDHR_2010" errors="0">
  <testcase name="EmpsSetup_WithNICategory" time="21.092" classname="com.test.xcdhr.Salesforce_Core_Framework1.hrms_payroll.NI_FourweeklyCatA.NI4WeeklyCat_A"/>
  <testcase name="EmpsSetup_WithAnnualSalary" time="83.884" classname="com.test.xcdhr.Salesforce_Core_Framework1.hrms_payroll.NI_FourweeklyCatA.NI4WeeklyCat_A"/>
  <testcase name="EmpsSetup_WithNICategory" time="20.540" classname="com.test.xcdhr.Salesforce_Core_Framework1.hrms_payroll.NI_FourweeklyCatA.NI4WeeklyCat_A"/>
  <testcase name="EmpsSetup_WithAnnualSalary" time="27.447" classname="com.test.xcdhr.Salesforce_Core_Framework1.hrms_payroll.NI_FourweeklyCatA.NI4WeeklyCat_A"/>
  <testcase name="EmpsSetup_WithAnnualSalary" time="28.404" classname="com.test.xcdhr.Salesforce_Core_Framework1.hrms_payroll.NI_FourweeklyCatA.NI4WeeklyCat_A"/>
  <testcase name="EmpsSetup_WithAnnualSalary" time="29.482" classname="com.test.xcdhr.Salesforce_Core_Framework1.hrms_payroll.NI_FourweeklyCatA.NI4WeeklyCat_A"/>
  <testcase name="EmpsSetup_WithNICategory" time="20.532" classname="com.test.xcdhr.Salesforce_Core_Framework1.hrms_payroll.NI_FourweeklyCatA.NI4WeeklyCat_A"/>
  <testcase name="EmpsSetup_WithAnnualSalary" time="27.364" classname="com.test.xcdhr.Salesforce_Core_Framework1.hrms_payroll.NI_FourweeklyCatA.NI4WeeklyCat_A"/>
  <testcase name="EmpsSetup_WithAnnualSalary" time="28.263" classname="com.test.xcdhr.Salesforce_Core_Framework1.hrms_payroll.NI_FourweeklyCatA.NI4WeeklyCat_A"/>
  <testcase name="EmpsSetup_WithNICategory" time="20.510" classname="com.test.xcdhr.Salesforce_Core_Framework1.hrms_payroll.NI_FourweeklyCatA.NI4WeeklyCat_A"/>
  <testcase name="EmpsSetup_WithNICategory" time="21.394" classname="com.test.xcdhr.Salesforce_Core_Framework1.hrms_payroll.NI_FourweeklyCatA.NI4WeeklyCat_A"/>
  <testcase name="EmpsSetup_WithAnnualSalary" time="31.806" classname="com.test.xcdhr.Salesforce_Core_Framework1.hrms_payroll.NI_FourweeklyCatA.NI4WeeklyCat_A"/>
  <testcase name="EmpsSetup_WithAnnualSalary" time="28.509" classname="com.test.xcdhr.Salesforce_Core_Framework1.hrms_payroll.NI_FourweeklyCatA.NI4WeeklyCat_A"/>
  <testcase name="EmpsSetup_WithNICategory" time="20.721" classname="com.test.xcdhr.Salesforce_Core_Framework1.hrms_payroll.NI_FourweeklyCatA.NI4WeeklyCat_A"/>
  <testcase name="EmpsSetup_WithNICategory" time="21.661" classname="com.test.xcdhr.Salesforce_Core_Framework1.hrms_payroll.NI_FourweeklyCatA.NI4WeeklyCat_A"/>
  <testcase name="EmpsSetup_WithNICategory" time="90.554" classname="com.test.xcdhr.Salesforce_Core_Framework1.hrms_payroll.NI_FourweeklyCatA.NI4WeeklyCat_A"/>
  <testcase name="EmpsSetup_WithAnnualSalary" time="32.103" classname="com.test.xcdhr.Salesforce_Core_Framework1.hrms_payroll.NI_FourweeklyCatA.NI4WeeklyCat_A"/>
  <testcase name="EmpsSetup_WithNICategory" time="21.187" classname="com.test.xcdhr.Salesforce_Core_Framework1.hrms_payroll.NI_FourweeklyCatA.NI4WeeklyCat_A"/>
</testsuite> <!-- com.test.xcdhr.Salesforce_Core_Framework1.hrms_payroll.NI_FourweeklyCatA.NI4WeeklyCat_A -->
