<?xml version="1.0" encoding="UTF-8"?>
<!-- Generated by org.testng.reporters.JUnitReportReporter -->
<testsuite name="com.test.xcdhr.Salesforce_Core_Framework1.hrms_payroll.NI_FourweeklyCatB.NI4WeeklyCat_B" tests="18" time="517.523" ignored="0" failures="0" timestamp="07 Mar 2018 12:07:59 GMT" skipped="0" hostname="DESKTOP-OAEFISL" errors="0">
  <testcase name="EmpsSetup_WithNICategory" time="19.799" classname="com.test.xcdhr.Salesforce_Core_Framework1.hrms_payroll.NI_FourweeklyCatB.NI4WeeklyCat_B"/>
  <testcase name="EmpsSetup_WithAnnualSalary" time="26.717" classname="com.test.xcdhr.Salesforce_Core_Framework1.hrms_payroll.NI_FourweeklyCatB.NI4WeeklyCat_B"/>
  <testcase name="EmpsSetup_WithAnnualSalary" time="25.473" classname="com.test.xcdhr.Salesforce_Core_Framework1.hrms_payroll.NI_FourweeklyCatB.NI4WeeklyCat_B"/>
  <testcase name="EmpsSetup_WithNICategory" time="19.531" classname="com.test.xcdhr.Salesforce_Core_Framework1.hrms_payroll.NI_FourweeklyCatB.NI4WeeklyCat_B"/>
  <testcase name="EmpsSetup_WithAnnualSalary" time="25.415" classname="com.test.xcdhr.Salesforce_Core_Framework1.hrms_payroll.NI_FourweeklyCatB.NI4WeeklyCat_B"/>
  <testcase name="EmpsSetup_WithAnnualSalary" time="25.302" classname="com.test.xcdhr.Salesforce_Core_Framework1.hrms_payroll.NI_FourweeklyCatB.NI4WeeklyCat_B"/>
  <testcase name="EmpsSetup_WithAnnualSalary" time="25.465" classname="com.test.xcdhr.Salesforce_Core_Framework1.hrms_payroll.NI_FourweeklyCatB.NI4WeeklyCat_B"/>
  <testcase name="EmpsSetup_WithNICategory" time="19.422" classname="com.test.xcdhr.Salesforce_Core_Framework1.hrms_payroll.NI_FourweeklyCatB.NI4WeeklyCat_B"/>
  <testcase name="EmpsSetup_WithAnnualSalary" time="25.250" classname="com.test.xcdhr.Salesforce_Core_Framework1.hrms_payroll.NI_FourweeklyCatB.NI4WeeklyCat_B"/>
  <testcase name="EmpsSetup_WithAnnualSalary" time="25.573" classname="com.test.xcdhr.Salesforce_Core_Framework1.hrms_payroll.NI_FourweeklyCatB.NI4WeeklyCat_B"/>
  <testcase name="EmpsSetup_WithNICategory" time="79.788" classname="com.test.xcdhr.Salesforce_Core_Framework1.hrms_payroll.NI_FourweeklyCatB.NI4WeeklyCat_B"/>
  <testcase name="EmpsSetup_WithNICategory" time="19.571" classname="com.test.xcdhr.Salesforce_Core_Framework1.hrms_payroll.NI_FourweeklyCatB.NI4WeeklyCat_B"/>
  <testcase name="EmpsSetup_WithNICategory" time="19.836" classname="com.test.xcdhr.Salesforce_Core_Framework1.hrms_payroll.NI_FourweeklyCatB.NI4WeeklyCat_B"/>
  <testcase name="EmpsSetup_WithNICategory" time="19.777" classname="com.test.xcdhr.Salesforce_Core_Framework1.hrms_payroll.NI_FourweeklyCatB.NI4WeeklyCat_B"/>
  <testcase name="EmpsSetup_WithAnnualSalary" time="75.904" classname="com.test.xcdhr.Salesforce_Core_Framework1.hrms_payroll.NI_FourweeklyCatB.NI4WeeklyCat_B"/>
  <testcase name="EmpsSetup_WithNICategory" time="19.517" classname="com.test.xcdhr.Salesforce_Core_Framework1.hrms_payroll.NI_FourweeklyCatB.NI4WeeklyCat_B"/>
  <testcase name="EmpsSetup_WithNICategory" time="19.666" classname="com.test.xcdhr.Salesforce_Core_Framework1.hrms_payroll.NI_FourweeklyCatB.NI4WeeklyCat_B"/>
  <testcase name="EmpsSetup_WithAnnualSalary" time="25.517" classname="com.test.xcdhr.Salesforce_Core_Framework1.hrms_payroll.NI_FourweeklyCatB.NI4WeeklyCat_B"/>
</testsuite> <!-- com.test.xcdhr.Salesforce_Core_Framework1.hrms_payroll.NI_FourweeklyCatB.NI4WeeklyCat_B -->
