<?xml version="1.0" encoding="UTF-8"?>
<!-- Generated by org.testng.reporters.JUnitReportReporter -->
<testsuite name="com.test.xcdhr.Salesforce_Core_Framework1.hrms_payroll.IncomeTax_TCWeek1_204045VariablePayANDWeekly50RL.GeneralTaxRateWeekly" tests="10" time="246.509" ignored="0" failures="0" timestamp="21 Sep 2017 11:23:55 GMT" skipped="0" hostname="DESKTOP-OAEFISL" errors="0">
  <testcase name="EmpsSetup_ForMonthlyTaxRate" time="55.522" classname="com.test.xcdhr.Salesforce_Core_Framework1.hrms_payroll.IncomeTax_TCWeek1_204045VariablePayANDWeekly50RL.GeneralTaxRateWeekly"/>
  <testcase name="EmpsSetup_WithAnnualSalary" time="18.658" classname="com.test.xcdhr.Salesforce_Core_Framework1.hrms_payroll.IncomeTax_TCWeek1_204045VariablePayANDWeekly50RL.GeneralTaxRateWeekly"/>
  <testcase name="EmpsSetup_ForMonthlyTaxRate" time="21.999" classname="com.test.xcdhr.Salesforce_Core_Framework1.hrms_payroll.IncomeTax_TCWeek1_204045VariablePayANDWeekly50RL.GeneralTaxRateWeekly"/>
  <testcase name="EmpsSetup_ForMonthlyTaxRate" time="21.570" classname="com.test.xcdhr.Salesforce_Core_Framework1.hrms_payroll.IncomeTax_TCWeek1_204045VariablePayANDWeekly50RL.GeneralTaxRateWeekly"/>
  <testcase name="EmpsSetup_ForMonthlyTaxRate" time="21.583" classname="com.test.xcdhr.Salesforce_Core_Framework1.hrms_payroll.IncomeTax_TCWeek1_204045VariablePayANDWeekly50RL.GeneralTaxRateWeekly"/>
  <testcase name="EmpsSetup_WithAnnualSalary" time="18.240" classname="com.test.xcdhr.Salesforce_Core_Framework1.hrms_payroll.IncomeTax_TCWeek1_204045VariablePayANDWeekly50RL.GeneralTaxRateWeekly"/>
  <testcase name="EmpsSetup_WithAnnualSalary" time="18.641" classname="com.test.xcdhr.Salesforce_Core_Framework1.hrms_payroll.IncomeTax_TCWeek1_204045VariablePayANDWeekly50RL.GeneralTaxRateWeekly"/>
  <testcase name="EmpsSetup_ForMonthlyTaxRate" time="21.940" classname="com.test.xcdhr.Salesforce_Core_Framework1.hrms_payroll.IncomeTax_TCWeek1_204045VariablePayANDWeekly50RL.GeneralTaxRateWeekly"/>
  <testcase name="EmpsSetup_WithAnnualSalary" time="30.097" classname="com.test.xcdhr.Salesforce_Core_Framework1.hrms_payroll.IncomeTax_TCWeek1_204045VariablePayANDWeekly50RL.GeneralTaxRateWeekly"/>
  <testcase name="EmpsSetup_WithAnnualSalary" time="18.259" classname="com.test.xcdhr.Salesforce_Core_Framework1.hrms_payroll.IncomeTax_TCWeek1_204045VariablePayANDWeekly50RL.GeneralTaxRateWeekly"/>
</testsuite> <!-- com.test.xcdhr.Salesforce_Core_Framework1.hrms_payroll.IncomeTax_TCWeek1_204045VariablePayANDWeekly50RL.GeneralTaxRateWeekly -->
