<?xml version="1.0" encoding="UTF-8"?>
<!-- Generated by org.testng.reporters.JUnitReportReporter -->
<testsuite name="com.test.xcdhr.Salesforce_Core_Framework1.hrms_payroll.NI_MonthlyCatB.NIMonthlyCat_B" tests="18" time="648.733" ignored="0" failures="0" timestamp="01 Jun 2018 07:35:03 GMT" skipped="0" hostname="DESKTOP-OAEFISL" errors="0">
  <testcase name="EmpsSetup_WithNICategory" time="22.418" classname="com.test.xcdhr.Salesforce_Core_Framework1.hrms_payroll.NI_MonthlyCatB.NIMonthlyCat_B"/>
  <testcase name="EmpsSetup_WithNICategory" time="21.600" classname="com.test.xcdhr.Salesforce_Core_Framework1.hrms_payroll.NI_MonthlyCatB.NIMonthlyCat_B"/>
  <testcase name="EmpsSetup_WithAnnualSalary" time="29.376" classname="com.test.xcdhr.Salesforce_Core_Framework1.hrms_payroll.NI_MonthlyCatB.NIMonthlyCat_B"/>
  <testcase name="EmpsSetup_WithNICategory" time="22.430" classname="com.test.xcdhr.Salesforce_Core_Framework1.hrms_payroll.NI_MonthlyCatB.NIMonthlyCat_B"/>
  <testcase name="EmpsSetup_WithNICategory" time="21.911" classname="com.test.xcdhr.Salesforce_Core_Framework1.hrms_payroll.NI_MonthlyCatB.NIMonthlyCat_B"/>
  <testcase name="EmpsSetup_WithNICategory" time="21.571" classname="com.test.xcdhr.Salesforce_Core_Framework1.hrms_payroll.NI_MonthlyCatB.NIMonthlyCat_B"/>
  <testcase name="EmpsSetup_WithAnnualSalary" time="30.464" classname="com.test.xcdhr.Salesforce_Core_Framework1.hrms_payroll.NI_MonthlyCatB.NIMonthlyCat_B"/>
  <testcase name="EmpsSetup_WithAnnualSalary" time="78.925" classname="com.test.xcdhr.Salesforce_Core_Framework1.hrms_payroll.NI_MonthlyCatB.NIMonthlyCat_B"/>
  <testcase name="EmpsSetup_WithAnnualSalary" time="29.354" classname="com.test.xcdhr.Salesforce_Core_Framework1.hrms_payroll.NI_MonthlyCatB.NIMonthlyCat_B"/>
  <testcase name="EmpsSetup_WithNICategory" time="22.446" classname="com.test.xcdhr.Salesforce_Core_Framework1.hrms_payroll.NI_MonthlyCatB.NIMonthlyCat_B"/>
  <testcase name="EmpsSetup_WithAnnualSalary" time="29.634" classname="com.test.xcdhr.Salesforce_Core_Framework1.hrms_payroll.NI_MonthlyCatB.NIMonthlyCat_B"/>
  <testcase name="EmpsSetup_WithNICategory" time="22.095" classname="com.test.xcdhr.Salesforce_Core_Framework1.hrms_payroll.NI_MonthlyCatB.NIMonthlyCat_B"/>
  <testcase name="EmpsSetup_WithAnnualSalary" time="31.200" classname="com.test.xcdhr.Salesforce_Core_Framework1.hrms_payroll.NI_MonthlyCatB.NIMonthlyCat_B"/>
  <testcase name="EmpsSetup_WithNICategory" time="22.156" classname="com.test.xcdhr.Salesforce_Core_Framework1.hrms_payroll.NI_MonthlyCatB.NIMonthlyCat_B"/>
  <testcase name="EmpsSetup_WithAnnualSalary" time="29.549" classname="com.test.xcdhr.Salesforce_Core_Framework1.hrms_payroll.NI_MonthlyCatB.NIMonthlyCat_B"/>
  <testcase name="EmpsSetup_WithAnnualSalary" time="29.868" classname="com.test.xcdhr.Salesforce_Core_Framework1.hrms_payroll.NI_MonthlyCatB.NIMonthlyCat_B"/>
  <testcase name="EmpsSetup_WithNICategory" time="153.770" classname="com.test.xcdhr.Salesforce_Core_Framework1.hrms_payroll.NI_MonthlyCatB.NIMonthlyCat_B"/>
  <testcase name="EmpsSetup_WithAnnualSalary" time="29.966" classname="com.test.xcdhr.Salesforce_Core_Framework1.hrms_payroll.NI_MonthlyCatB.NIMonthlyCat_B"/>
</testsuite> <!-- com.test.xcdhr.Salesforce_Core_Framework1.hrms_payroll.NI_MonthlyCatB.NIMonthlyCat_B -->
