<?xml version="1.0" encoding="UTF-8"?>
<!-- Generated by org.testng.reporters.JUnitReportReporter -->
<<<<<<< HEAD
<testsuite name="com.test.xcdhr.Salesforce_Core_Framework1.hrms_payroll.NI_TwoweeklyCatA.NI2WeeklyCat_A" tests="18" time="523.928" ignored="0" failures="0" timestamp="19 Dec 2017 09:29:07 GMT" skipped="0" hostname="XCDHR_2010" errors="0">
  <testcase name="EmpsSetup_WithAnnualSalary" time="22.393" classname="com.test.xcdhr.Salesforce_Core_Framework1.hrms_payroll.NI_TwoweeklyCatA.NI2WeeklyCat_A"/>
  <testcase name="EmpsSetup_WithNICategory" time="223.970" classname="com.test.xcdhr.Salesforce_Core_Framework1.hrms_payroll.NI_TwoweeklyCatA.NI2WeeklyCat_A"/>
  <testcase name="EmpsSetup_WithNICategory" time="5.577" classname="com.test.xcdhr.Salesforce_Core_Framework1.hrms_payroll.NI_TwoweeklyCatA.NI2WeeklyCat_A"/>
  <testcase name="EmpsSetup_WithAnnualSalary" time="21.355" classname="com.test.xcdhr.Salesforce_Core_Framework1.hrms_payroll.NI_TwoweeklyCatA.NI2WeeklyCat_A"/>
  <testcase name="EmpsSetup_WithAnnualSalary" time="25.435" classname="com.test.xcdhr.Salesforce_Core_Framework1.hrms_payroll.NI_TwoweeklyCatA.NI2WeeklyCat_A"/>
  <testcase name="EmpsSetup_WithAnnualSalary" time="21.693" classname="com.test.xcdhr.Salesforce_Core_Framework1.hrms_payroll.NI_TwoweeklyCatA.NI2WeeklyCat_A"/>
  <testcase name="EmpsSetup_WithAnnualSalary" time="75.986" classname="com.test.xcdhr.Salesforce_Core_Framework1.hrms_payroll.NI_TwoweeklyCatA.NI2WeeklyCat_A"/>
  <testcase name="EmpsSetup_WithNICategory" time="7.425" classname="com.test.xcdhr.Salesforce_Core_Framework1.hrms_payroll.NI_TwoweeklyCatA.NI2WeeklyCat_A"/>
  <testcase name="EmpsSetup_WithNICategory" time="5.060" classname="com.test.xcdhr.Salesforce_Core_Framework1.hrms_payroll.NI_TwoweeklyCatA.NI2WeeklyCat_A"/>
  <testcase name="EmpsSetup_WithNICategory" time="5.171" classname="com.test.xcdhr.Salesforce_Core_Framework1.hrms_payroll.NI_TwoweeklyCatA.NI2WeeklyCat_A"/>
  <testcase name="EmpsSetup_WithAnnualSalary" time="21.479" classname="com.test.xcdhr.Salesforce_Core_Framework1.hrms_payroll.NI_TwoweeklyCatA.NI2WeeklyCat_A"/>
  <testcase name="EmpsSetup_WithNICategory" time="4.939" classname="com.test.xcdhr.Salesforce_Core_Framework1.hrms_payroll.NI_TwoweeklyCatA.NI2WeeklyCat_A"/>
  <testcase name="EmpsSetup_WithNICategory" time="4.791" classname="com.test.xcdhr.Salesforce_Core_Framework1.hrms_payroll.NI_TwoweeklyCatA.NI2WeeklyCat_A"/>
  <testcase name="EmpsSetup_WithAnnualSalary" time="21.836" classname="com.test.xcdhr.Salesforce_Core_Framework1.hrms_payroll.NI_TwoweeklyCatA.NI2WeeklyCat_A"/>
  <testcase name="EmpsSetup_WithNICategory" time="5.580" classname="com.test.xcdhr.Salesforce_Core_Framework1.hrms_payroll.NI_TwoweeklyCatA.NI2WeeklyCat_A"/>
  <testcase name="EmpsSetup_WithAnnualSalary" time="25.072" classname="com.test.xcdhr.Salesforce_Core_Framework1.hrms_payroll.NI_TwoweeklyCatA.NI2WeeklyCat_A"/>
  <testcase name="EmpsSetup_WithNICategory" time="5.427" classname="com.test.xcdhr.Salesforce_Core_Framework1.hrms_payroll.NI_TwoweeklyCatA.NI2WeeklyCat_A"/>
  <testcase name="EmpsSetup_WithAnnualSalary" time="20.739" classname="com.test.xcdhr.Salesforce_Core_Framework1.hrms_payroll.NI_TwoweeklyCatA.NI2WeeklyCat_A"/>
=======
<<<<<<< HEAD
<testsuite name="com.test.xcdhr.Salesforce_Core_Framework1.hrms_payroll.NI_TwoweeklyCatA.NI2WeeklyCat_A" tests="18" time="831.317" ignored="0" failures="0" timestamp="20 Dec 2017 18:22:12 GMT" skipped="0" hostname="DESKTOP-OAEFISL" errors="0">
  <testcase name="EmpsSetup_WithNICategory" time="33.502" classname="com.test.xcdhr.Salesforce_Core_Framework1.hrms_payroll.NI_TwoweeklyCatA.NI2WeeklyCat_A"/>
  <testcase name="EmpsSetup_WithAnnualSalary" time="47.624" classname="com.test.xcdhr.Salesforce_Core_Framework1.hrms_payroll.NI_TwoweeklyCatA.NI2WeeklyCat_A"/>
  <testcase name="EmpsSetup_WithNICategory" time="32.930" classname="com.test.xcdhr.Salesforce_Core_Framework1.hrms_payroll.NI_TwoweeklyCatA.NI2WeeklyCat_A"/>
  <testcase name="EmpsSetup_WithAnnualSalary" time="48.535" classname="com.test.xcdhr.Salesforce_Core_Framework1.hrms_payroll.NI_TwoweeklyCatA.NI2WeeklyCat_A"/>
  <testcase name="EmpsSetup_WithAnnualSalary" time="54.724" classname="com.test.xcdhr.Salesforce_Core_Framework1.hrms_payroll.NI_TwoweeklyCatA.NI2WeeklyCat_A"/>
  <testcase name="EmpsSetup_WithAnnualSalary" time="52.314" classname="com.test.xcdhr.Salesforce_Core_Framework1.hrms_payroll.NI_TwoweeklyCatA.NI2WeeklyCat_A"/>
  <testcase name="EmpsSetup_WithAnnualSalary" time="49.650" classname="com.test.xcdhr.Salesforce_Core_Framework1.hrms_payroll.NI_TwoweeklyCatA.NI2WeeklyCat_A"/>
  <testcase name="EmpsSetup_WithNICategory" time="34.180" classname="com.test.xcdhr.Salesforce_Core_Framework1.hrms_payroll.NI_TwoweeklyCatA.NI2WeeklyCat_A"/>
  <testcase name="EmpsSetup_WithNICategory" time="32.859" classname="com.test.xcdhr.Salesforce_Core_Framework1.hrms_payroll.NI_TwoweeklyCatA.NI2WeeklyCat_A"/>
  <testcase name="EmpsSetup_WithNICategory" time="30.832" classname="com.test.xcdhr.Salesforce_Core_Framework1.hrms_payroll.NI_TwoweeklyCatA.NI2WeeklyCat_A"/>
  <testcase name="EmpsSetup_WithAnnualSalary" time="62.696" classname="com.test.xcdhr.Salesforce_Core_Framework1.hrms_payroll.NI_TwoweeklyCatA.NI2WeeklyCat_A"/>
  <testcase name="EmpsSetup_WithAnnualSalary" time="47.894" classname="com.test.xcdhr.Salesforce_Core_Framework1.hrms_payroll.NI_TwoweeklyCatA.NI2WeeklyCat_A"/>
  <testcase name="EmpsSetup_WithAnnualSalary" time="53.492" classname="com.test.xcdhr.Salesforce_Core_Framework1.hrms_payroll.NI_TwoweeklyCatA.NI2WeeklyCat_A"/>
  <testcase name="EmpsSetup_WithNICategory" time="30.806" classname="com.test.xcdhr.Salesforce_Core_Framework1.hrms_payroll.NI_TwoweeklyCatA.NI2WeeklyCat_A"/>
  <testcase name="EmpsSetup_WithNICategory" time="32.697" classname="com.test.xcdhr.Salesforce_Core_Framework1.hrms_payroll.NI_TwoweeklyCatA.NI2WeeklyCat_A"/>
  <testcase name="EmpsSetup_WithAnnualSalary" time="49.722" classname="com.test.xcdhr.Salesforce_Core_Framework1.hrms_payroll.NI_TwoweeklyCatA.NI2WeeklyCat_A"/>
  <testcase name="EmpsSetup_WithNICategory" time="104.282" classname="com.test.xcdhr.Salesforce_Core_Framework1.hrms_payroll.NI_TwoweeklyCatA.NI2WeeklyCat_A"/>
  <testcase name="EmpsSetup_WithNICategory" time="32.578" classname="com.test.xcdhr.Salesforce_Core_Framework1.hrms_payroll.NI_TwoweeklyCatA.NI2WeeklyCat_A"/>
=======
<testsuite name="com.test.xcdhr.Salesforce_Core_Framework1.hrms_payroll.NI_TwoweeklyCatA.NI2WeeklyCat_A" tests="18" time="682.071" ignored="0" failures="0" timestamp="20 Dec 2017 13:37:37 GMT" skipped="0" hostname="ConsLeague-PC11" errors="0">
  <testcase name="EmpsSetup_WithAnnualSalary" time="38.797" classname="com.test.xcdhr.Salesforce_Core_Framework1.hrms_payroll.NI_TwoweeklyCatA.NI2WeeklyCat_A"/>
  <testcase name="EmpsSetup_WithAnnualSalary" time="38.495" classname="com.test.xcdhr.Salesforce_Core_Framework1.hrms_payroll.NI_TwoweeklyCatA.NI2WeeklyCat_A"/>
  <testcase name="EmpsSetup_WithNICategory" time="26.362" classname="com.test.xcdhr.Salesforce_Core_Framework1.hrms_payroll.NI_TwoweeklyCatA.NI2WeeklyCat_A"/>
  <testcase name="EmpsSetup_WithNICategory" time="25.186" classname="com.test.xcdhr.Salesforce_Core_Framework1.hrms_payroll.NI_TwoweeklyCatA.NI2WeeklyCat_A"/>
  <testcase name="EmpsSetup_WithAnnualSalary" time="39.449" classname="com.test.xcdhr.Salesforce_Core_Framework1.hrms_payroll.NI_TwoweeklyCatA.NI2WeeklyCat_A"/>
  <testcase name="EmpsSetup_WithNICategory" time="25.746" classname="com.test.xcdhr.Salesforce_Core_Framework1.hrms_payroll.NI_TwoweeklyCatA.NI2WeeklyCat_A"/>
  <testcase name="EmpsSetup_WithNICategory" time="116.423" classname="com.test.xcdhr.Salesforce_Core_Framework1.hrms_payroll.NI_TwoweeklyCatA.NI2WeeklyCat_A"/>
  <testcase name="EmpsSetup_WithNICategory" time="26.655" classname="com.test.xcdhr.Salesforce_Core_Framework1.hrms_payroll.NI_TwoweeklyCatA.NI2WeeklyCat_A"/>
  <testcase name="EmpsSetup_WithNICategory" time="25.092" classname="com.test.xcdhr.Salesforce_Core_Framework1.hrms_payroll.NI_TwoweeklyCatA.NI2WeeklyCat_A"/>
  <testcase name="EmpsSetup_WithNICategory" time="26.446" classname="com.test.xcdhr.Salesforce_Core_Framework1.hrms_payroll.NI_TwoweeklyCatA.NI2WeeklyCat_A"/>
  <testcase name="EmpsSetup_WithAnnualSalary" time="38.424" classname="com.test.xcdhr.Salesforce_Core_Framework1.hrms_payroll.NI_TwoweeklyCatA.NI2WeeklyCat_A"/>
  <testcase name="EmpsSetup_WithAnnualSalary" time="36.795" classname="com.test.xcdhr.Salesforce_Core_Framework1.hrms_payroll.NI_TwoweeklyCatA.NI2WeeklyCat_A"/>
  <testcase name="EmpsSetup_WithAnnualSalary" time="56.129" classname="com.test.xcdhr.Salesforce_Core_Framework1.hrms_payroll.NI_TwoweeklyCatA.NI2WeeklyCat_A"/>
  <testcase name="EmpsSetup_WithAnnualSalary" time="37.513" classname="com.test.xcdhr.Salesforce_Core_Framework1.hrms_payroll.NI_TwoweeklyCatA.NI2WeeklyCat_A"/>
  <testcase name="EmpsSetup_WithAnnualSalary" time="36.576" classname="com.test.xcdhr.Salesforce_Core_Framework1.hrms_payroll.NI_TwoweeklyCatA.NI2WeeklyCat_A"/>
  <testcase name="EmpsSetup_WithNICategory" time="25.273" classname="com.test.xcdhr.Salesforce_Core_Framework1.hrms_payroll.NI_TwoweeklyCatA.NI2WeeklyCat_A"/>
  <testcase name="EmpsSetup_WithNICategory" time="25.908" classname="com.test.xcdhr.Salesforce_Core_Framework1.hrms_payroll.NI_TwoweeklyCatA.NI2WeeklyCat_A"/>
  <testcase name="EmpsSetup_WithAnnualSalary" time="36.802" classname="com.test.xcdhr.Salesforce_Core_Framework1.hrms_payroll.NI_TwoweeklyCatA.NI2WeeklyCat_A"/>
>>>>>>> refs/remotes/origin/master
>>>>>>> branch 'master' of https://github.com/AzizMudgal/XCDHR_Payroll.git
</testsuite> <!-- com.test.xcdhr.Salesforce_Core_Framework1.hrms_payroll.NI_TwoweeklyCatA.NI2WeeklyCat_A -->
