<?xml version="1.0" encoding="UTF-8"?>
<!-- Generated by org.testng.reporters.JUnitReportReporter -->
<testsuite name="com.test.xcdhr.Salesforce_Core_Framework1.hrms_payroll.hrms_Payroll_SAP_Statutory_Scenario.ProcessPayrollForJulyMonthSAP" tests="1" time="406.288" ignored="0" failures="0" timestamp="12 Dec 2017 15:08:40 GMT" skipped="0" hostname="ConsLeague-PC11" errors="0">
  <testcase name="EmpsPayroll_Setup_ForIncomeTax" time="406.288" classname="com.test.xcdhr.Salesforce_Core_Framework1.hrms_payroll.hrms_Payroll_SAP_Statutory_Scenario.ProcessPayrollForJulyMonthSAP"/>
</testsuite> <!-- com.test.xcdhr.Salesforce_Core_Framework1.hrms_payroll.hrms_Payroll_SAP_Statutory_Scenario.ProcessPayrollForJulyMonthSAP -->
