<?xml version="1.0" encoding="UTF-8"?>
<!-- Generated by org.testng.reporters.JUnitReportReporter -->
<testsuite name="com.test.xcdhr.Salesforce_Core_Framework1.hrms_payroll.NI_hrms_payroll.NI_DirectorAsEmployeeMonth1.ExecuteQuery" tests="1" time="44.167" ignored="0" failures="0" timestamp="22 Sep 2017 13:05:56 GMT" skipped="0" hostname="DESKTOP-OAEFISL" errors="0">
  <testcase name="queryExecute" time="44.167" classname="com.test.xcdhr.Salesforce_Core_Framework1.hrms_payroll.NI_hrms_payroll.NI_DirectorAsEmployeeMonth1.ExecuteQuery"/>
</testsuite> <!-- com.test.xcdhr.Salesforce_Core_Framework1.hrms_payroll.NI_hrms_payroll.NI_DirectorAsEmployeeMonth1.ExecuteQuery -->
