<?xml version="1.0" encoding="UTF-8"?>
<!-- Generated by org.testng.reporters.JUnitReportReporter -->
<testsuite name="com.test.xcdhr.Salesforce_Core_Framework1.hrms_payroll.hrms_Payroll_ShPP_Statutory_Scenario.TestReportsForWeekly48" tests="1" time="95.475" ignored="0" failures="0" timestamp="01 Dec 2017 08:40:50 GMT" skipped="0" hostname="ConsLeague-PC11" errors="0">
  <testcase name="EmpsPayroll_Setup_ForIncomeTax" time="95.475" classname="com.test.xcdhr.Salesforce_Core_Framework1.hrms_payroll.hrms_Payroll_ShPP_Statutory_Scenario.TestReportsForWeekly48"/>
</testsuite> <!-- com.test.xcdhr.Salesforce_Core_Framework1.hrms_payroll.hrms_Payroll_ShPP_Statutory_Scenario.TestReportsForWeekly48 -->
