<?xml version="1.0" encoding="UTF-8"?>
<!-- Generated by org.testng.reporters.JUnitReportReporter -->
<testsuite name="com.test.xcdhr.Salesforce_Core_Framework1.hrms_payroll.NI_weeklyCatB.NIWeeklyCat_B" tests="18" time="644.303" ignored="0" failures="0" timestamp="19 Jun 2018 12:09:14 GMT" skipped="0" hostname="DESKTOP-OAEFISL" errors="0">
  <testcase name="EmpsSetup_WithNICategory" time="24.570" classname="com.test.xcdhr.Salesforce_Core_Framework1.hrms_payroll.NI_weeklyCatB.NIWeeklyCat_B"/>
  <testcase name="EmpsSetup_WithAnnualSalary" time="32.380" classname="com.test.xcdhr.Salesforce_Core_Framework1.hrms_payroll.NI_weeklyCatB.NIWeeklyCat_B"/>
  <testcase name="EmpsSetup_WithNICategory" time="131.325" classname="com.test.xcdhr.Salesforce_Core_Framework1.hrms_payroll.NI_weeklyCatB.NIWeeklyCat_B"/>
  <testcase name="EmpsSetup_WithAnnualSalary" time="32.986" classname="com.test.xcdhr.Salesforce_Core_Framework1.hrms_payroll.NI_weeklyCatB.NIWeeklyCat_B"/>
  <testcase name="EmpsSetup_WithAnnualSalary" time="34.971" classname="com.test.xcdhr.Salesforce_Core_Framework1.hrms_payroll.NI_weeklyCatB.NIWeeklyCat_B"/>
  <testcase name="EmpsSetup_WithAnnualSalary" time="33.896" classname="com.test.xcdhr.Salesforce_Core_Framework1.hrms_payroll.NI_weeklyCatB.NIWeeklyCat_B"/>
  <testcase name="EmpsSetup_WithNICategory" time="24.487" classname="com.test.xcdhr.Salesforce_Core_Framework1.hrms_payroll.NI_weeklyCatB.NIWeeklyCat_B"/>
  <testcase name="EmpsSetup_WithAnnualSalary" time="47.429" classname="com.test.xcdhr.Salesforce_Core_Framework1.hrms_payroll.NI_weeklyCatB.NIWeeklyCat_B"/>
  <testcase name="EmpsSetup_WithNICategory" time="24.406" classname="com.test.xcdhr.Salesforce_Core_Framework1.hrms_payroll.NI_weeklyCatB.NIWeeklyCat_B"/>
  <testcase name="EmpsSetup_WithNICategory" time="24.495" classname="com.test.xcdhr.Salesforce_Core_Framework1.hrms_payroll.NI_weeklyCatB.NIWeeklyCat_B"/>
  <testcase name="EmpsSetup_WithAnnualSalary" time="32.423" classname="com.test.xcdhr.Salesforce_Core_Framework1.hrms_payroll.NI_weeklyCatB.NIWeeklyCat_B"/>
  <testcase name="EmpsSetup_WithAnnualSalary" time="35.460" classname="com.test.xcdhr.Salesforce_Core_Framework1.hrms_payroll.NI_weeklyCatB.NIWeeklyCat_B"/>
  <testcase name="EmpsSetup_WithAnnualSalary" time="32.713" classname="com.test.xcdhr.Salesforce_Core_Framework1.hrms_payroll.NI_weeklyCatB.NIWeeklyCat_B"/>
  <testcase name="EmpsSetup_WithNICategory" time="25.263" classname="com.test.xcdhr.Salesforce_Core_Framework1.hrms_payroll.NI_weeklyCatB.NIWeeklyCat_B"/>
  <testcase name="EmpsSetup_WithAnnualSalary" time="33.656" classname="com.test.xcdhr.Salesforce_Core_Framework1.hrms_payroll.NI_weeklyCatB.NIWeeklyCat_B"/>
  <testcase name="EmpsSetup_WithNICategory" time="24.273" classname="com.test.xcdhr.Salesforce_Core_Framework1.hrms_payroll.NI_weeklyCatB.NIWeeklyCat_B"/>
  <testcase name="EmpsSetup_WithNICategory" time="24.564" classname="com.test.xcdhr.Salesforce_Core_Framework1.hrms_payroll.NI_weeklyCatB.NIWeeklyCat_B"/>
  <testcase name="EmpsSetup_WithNICategory" time="25.006" classname="com.test.xcdhr.Salesforce_Core_Framework1.hrms_payroll.NI_weeklyCatB.NIWeeklyCat_B"/>
</testsuite> <!-- com.test.xcdhr.Salesforce_Core_Framework1.hrms_payroll.NI_weeklyCatB.NIWeeklyCat_B -->
