<?xml version="1.0" encoding="UTF-8"?>
<!-- Generated by org.testng.reporters.JUnitReportReporter -->
<testsuite name="com.test.xcdhr.Salesforce_Core_Framework1.hrms_payroll.NI_FourweeklyCatA.TestReports" tests="1" time="141.849" ignored="0" failures="0" timestamp="23 Feb 2018 06:39:49 GMT" skipped="0" hostname="DESKTOP-OAEFISL" errors="0">
  <testcase name="EmpsPayroll_Setup_ForIncomeTax" time="141.849" classname="com.test.xcdhr.Salesforce_Core_Framework1.hrms_payroll.NI_FourweeklyCatA.TestReports"/>
</testsuite> <!-- com.test.xcdhr.Salesforce_Core_Framework1.hrms_payroll.NI_FourweeklyCatA.TestReports -->
