<?xml version="1.0" encoding="UTF-8"?>
<!-- Generated by org.testng.reporters.JUnitReportReporter -->
<testsuite name="com.test.xcdhr.Salesforce_Core_Framework1.hrms_payroll.NI_MonthlyCatC.ProcessPayrollForNIMonthly" tests="5" time="235.524" ignored="0" failures="0" timestamp="18 May 2018 10:21:04 GMT" skipped="0" hostname="DESKTOP-OAEFISL" errors="0">
  <testcase name="EmpsPayroll_Setup_ForIncomeTax" time="128.506" classname="com.test.xcdhr.Salesforce_Core_Framework1.hrms_payroll.NI_MonthlyCatC.ProcessPayrollForNIMonthly"/>
  <testcase name="EmpsPayroll_Setup_ForIncomeTax" time="1.804" classname="com.test.xcdhr.Salesforce_Core_Framework1.hrms_payroll.NI_MonthlyCatC.ProcessPayrollForNIMonthly"/>
  <testcase name="EmpsPayroll_Setup_ForIncomeTax" time="101.037" classname="com.test.xcdhr.Salesforce_Core_Framework1.hrms_payroll.NI_MonthlyCatC.ProcessPayrollForNIMonthly"/>
  <testcase name="EmpsPayroll_Setup_ForIncomeTax" time="2.393" classname="com.test.xcdhr.Salesforce_Core_Framework1.hrms_payroll.NI_MonthlyCatC.ProcessPayrollForNIMonthly"/>
  <testcase name="EmpsPayroll_Setup_ForIncomeTax" time="1.784" classname="com.test.xcdhr.Salesforce_Core_Framework1.hrms_payroll.NI_MonthlyCatC.ProcessPayrollForNIMonthly"/>
</testsuite> <!-- com.test.xcdhr.Salesforce_Core_Framework1.hrms_payroll.NI_MonthlyCatC.ProcessPayrollForNIMonthly -->
