<?xml version="1.0" encoding="UTF-8"?>
<!-- Generated by org.testng.reporters.JUnitReportReporter -->
<testsuite name="com.test.xcdhr.Salesforce_Core_Framework1.hrms_payroll.NI_MonthlyCatC.NIMonthlyCat_C" tests="10" time="433.874" ignored="0" failures="0" timestamp="01 Jun 2018 07:50:50 GMT" skipped="0" hostname="DESKTOP-OAEFISL" errors="0">
  <testcase name="EmpsSetup_WithAnnualSalary" time="30.695" classname="com.test.xcdhr.Salesforce_Core_Framework1.hrms_payroll.NI_MonthlyCatC.NIMonthlyCat_C"/>
  <testcase name="EmpsSetup_WithAnnualSalary" time="30.918" classname="com.test.xcdhr.Salesforce_Core_Framework1.hrms_payroll.NI_MonthlyCatC.NIMonthlyCat_C"/>
  <testcase name="EmpsSetup_WithNICategory" time="22.390" classname="com.test.xcdhr.Salesforce_Core_Framework1.hrms_payroll.NI_MonthlyCatC.NIMonthlyCat_C"/>
  <testcase name="EmpsSetup_WithNICategory" time="21.802" classname="com.test.xcdhr.Salesforce_Core_Framework1.hrms_payroll.NI_MonthlyCatC.NIMonthlyCat_C"/>
  <testcase name="EmpsSetup_WithAnnualSalary" time="76.092" classname="com.test.xcdhr.Salesforce_Core_Framework1.hrms_payroll.NI_MonthlyCatC.NIMonthlyCat_C"/>
  <testcase name="EmpsSetup_WithNICategory" time="22.224" classname="com.test.xcdhr.Salesforce_Core_Framework1.hrms_payroll.NI_MonthlyCatC.NIMonthlyCat_C"/>
  <testcase name="EmpsSetup_WithNICategory" time="146.477" classname="com.test.xcdhr.Salesforce_Core_Framework1.hrms_payroll.NI_MonthlyCatC.NIMonthlyCat_C"/>
  <testcase name="EmpsSetup_WithNICategory" time="22.347" classname="com.test.xcdhr.Salesforce_Core_Framework1.hrms_payroll.NI_MonthlyCatC.NIMonthlyCat_C"/>
  <testcase name="EmpsSetup_WithAnnualSalary" time="30.762" classname="com.test.xcdhr.Salesforce_Core_Framework1.hrms_payroll.NI_MonthlyCatC.NIMonthlyCat_C"/>
  <testcase name="EmpsSetup_WithAnnualSalary" time="30.167" classname="com.test.xcdhr.Salesforce_Core_Framework1.hrms_payroll.NI_MonthlyCatC.NIMonthlyCat_C"/>
</testsuite> <!-- com.test.xcdhr.Salesforce_Core_Framework1.hrms_payroll.NI_MonthlyCatC.NIMonthlyCat_C -->
