<?xml version="1.0" encoding="UTF-8"?>
<!-- Generated by org.testng.reporters.JUnitReportReporter -->
<testsuite name="com.test.xcdhr.Salesforce_Core_Framework1.hrms_payroll.NI_MonthlyCatA.NIMonthlyCat_A" tests="18" time="653.886" ignored="0" failures="0" timestamp="09 Apr 2018 06:44:42 GMT" skipped="0" hostname="DESKTOP-OAEFISL" errors="0">
  <testcase name="EmpsSetup_WithAnnualSalary" time="28.860" classname="com.test.xcdhr.Salesforce_Core_Framework1.hrms_payroll.NI_MonthlyCatA.NIMonthlyCat_A"/>
  <testcase name="EmpsSetup_WithAnnualSalary" time="30.008" classname="com.test.xcdhr.Salesforce_Core_Framework1.hrms_payroll.NI_MonthlyCatA.NIMonthlyCat_A"/>
  <testcase name="EmpsSetup_WithNICategory" time="22.270" classname="com.test.xcdhr.Salesforce_Core_Framework1.hrms_payroll.NI_MonthlyCatA.NIMonthlyCat_A"/>
  <testcase name="EmpsSetup_WithAnnualSalary" time="30.516" classname="com.test.xcdhr.Salesforce_Core_Framework1.hrms_payroll.NI_MonthlyCatA.NIMonthlyCat_A"/>
  <testcase name="EmpsSetup_WithNICategory" time="155.776" classname="com.test.xcdhr.Salesforce_Core_Framework1.hrms_payroll.NI_MonthlyCatA.NIMonthlyCat_A"/>
  <testcase name="EmpsSetup_WithNICategory" time="21.324" classname="com.test.xcdhr.Salesforce_Core_Framework1.hrms_payroll.NI_MonthlyCatA.NIMonthlyCat_A"/>
  <testcase name="EmpsSetup_WithAnnualSalary" time="30.013" classname="com.test.xcdhr.Salesforce_Core_Framework1.hrms_payroll.NI_MonthlyCatA.NIMonthlyCat_A"/>
  <testcase name="EmpsSetup_WithAnnualSalary" time="76.977" classname="com.test.xcdhr.Salesforce_Core_Framework1.hrms_payroll.NI_MonthlyCatA.NIMonthlyCat_A"/>
  <testcase name="EmpsSetup_WithAnnualSalary" time="29.636" classname="com.test.xcdhr.Salesforce_Core_Framework1.hrms_payroll.NI_MonthlyCatA.NIMonthlyCat_A"/>
  <testcase name="EmpsSetup_WithAnnualSalary" time="30.394" classname="com.test.xcdhr.Salesforce_Core_Framework1.hrms_payroll.NI_MonthlyCatA.NIMonthlyCat_A"/>
  <testcase name="EmpsSetup_WithNICategory" time="22.209" classname="com.test.xcdhr.Salesforce_Core_Framework1.hrms_payroll.NI_MonthlyCatA.NIMonthlyCat_A"/>
  <testcase name="EmpsSetup_WithNICategory" time="22.597" classname="com.test.xcdhr.Salesforce_Core_Framework1.hrms_payroll.NI_MonthlyCatA.NIMonthlyCat_A"/>
  <testcase name="EmpsSetup_WithNICategory" time="25.615" classname="com.test.xcdhr.Salesforce_Core_Framework1.hrms_payroll.NI_MonthlyCatA.NIMonthlyCat_A"/>
  <testcase name="EmpsSetup_WithNICategory" time="22.506" classname="com.test.xcdhr.Salesforce_Core_Framework1.hrms_payroll.NI_MonthlyCatA.NIMonthlyCat_A"/>
  <testcase name="EmpsSetup_WithNICategory" time="23.500" classname="com.test.xcdhr.Salesforce_Core_Framework1.hrms_payroll.NI_MonthlyCatA.NIMonthlyCat_A"/>
  <testcase name="EmpsSetup_WithAnnualSalary" time="29.622" classname="com.test.xcdhr.Salesforce_Core_Framework1.hrms_payroll.NI_MonthlyCatA.NIMonthlyCat_A"/>
  <testcase name="EmpsSetup_WithAnnualSalary" time="28.975" classname="com.test.xcdhr.Salesforce_Core_Framework1.hrms_payroll.NI_MonthlyCatA.NIMonthlyCat_A"/>
  <testcase name="EmpsSetup_WithNICategory" time="23.088" classname="com.test.xcdhr.Salesforce_Core_Framework1.hrms_payroll.NI_MonthlyCatA.NIMonthlyCat_A"/>
</testsuite> <!-- com.test.xcdhr.Salesforce_Core_Framework1.hrms_payroll.NI_MonthlyCatA.NIMonthlyCat_A -->
